[2023-06-03T18:32:58.947+0000] {taskinstance.py:1103} INFO - Dependencies all met for dep_context=non-requeueable deps ti=<TaskInstance: apresentacao_airflow.extracao_dados_pockemon scheduled__2023-06-03T17:30:00+00:00 [queued]>
[2023-06-03T18:32:58.952+0000] {taskinstance.py:1103} INFO - Dependencies all met for dep_context=requeueable deps ti=<TaskInstance: apresentacao_airflow.extracao_dados_pockemon scheduled__2023-06-03T17:30:00+00:00 [queued]>
[2023-06-03T18:32:58.952+0000] {taskinstance.py:1308} INFO - Starting attempt 3 of 3
[2023-06-03T18:32:58.960+0000] {taskinstance.py:1327} INFO - Executing <Task(PythonOperator): extracao_dados_pockemon> on 2023-06-03 17:30:00+00:00
[2023-06-03T18:32:58.964+0000] {standard_task_runner.py:57} INFO - Started process 1344 to run task
[2023-06-03T18:32:58.966+0000] {standard_task_runner.py:84} INFO - Running: ['***', 'tasks', 'run', 'apresentacao_***', 'extracao_dados_pockemon', 'scheduled__2023-06-03T17:30:00+00:00', '--job-id', '30', '--raw', '--subdir', 'DAGS_FOLDER/***-example.py', '--cfg-path', '/tmp/tmpxeip9em9']
[2023-06-03T18:32:58.967+0000] {standard_task_runner.py:85} INFO - Job 30: Subtask extracao_dados_pockemon
[2023-06-03T18:32:58.994+0000] {task_command.py:410} INFO - Running <TaskInstance: apresentacao_airflow.extracao_dados_pockemon scheduled__2023-06-03T17:30:00+00:00 [running]> on host 7e08fa621370
[2023-06-03T18:32:59.040+0000] {taskinstance.py:1547} INFO - Exporting env vars: AIRFLOW_CTX_DAG_OWNER='***' AIRFLOW_CTX_DAG_ID='apresentacao_***' AIRFLOW_CTX_TASK_ID='extracao_dados_pockemon' AIRFLOW_CTX_EXECUTION_DATE='2023-06-03T17:30:00+00:00' AIRFLOW_CTX_TRY_NUMBER='3' AIRFLOW_CTX_DAG_RUN_ID='scheduled__2023-06-03T17:30:00+00:00'
[2023-06-03T18:32:59.043+0000] {taskinstance.py:1824} ERROR - Task failed with exception
Traceback (most recent call last):
  File "/home/airflow/.local/lib/python3.7/site-packages/airflow/operators/python.py", line 181, in execute
    return_value = self.execute_callable()
  File "/home/airflow/.local/lib/python3.7/site-packages/airflow/operators/python.py", line 198, in execute_callable
    return self.python_callable(*self.op_args, **self.op_kwargs)
  File "/opt/airflow/dags/airflow-example.py", line 13, in extracao_dados_pockemon
    df = pd.read_csv('datasets/pokemon.csv', delimiter=',', skiprows=1)
  File "/home/airflow/.local/lib/python3.7/site-packages/pandas/util/_decorators.py", line 311, in wrapper
    return func(*args, **kwargs)
  File "/home/airflow/.local/lib/python3.7/site-packages/pandas/io/parsers/readers.py", line 586, in read_csv
    return _read(filepath_or_buffer, kwds)
  File "/home/airflow/.local/lib/python3.7/site-packages/pandas/io/parsers/readers.py", line 482, in _read
    parser = TextFileReader(filepath_or_buffer, **kwds)
  File "/home/airflow/.local/lib/python3.7/site-packages/pandas/io/parsers/readers.py", line 811, in __init__
    self._engine = self._make_engine(self.engine)
  File "/home/airflow/.local/lib/python3.7/site-packages/pandas/io/parsers/readers.py", line 1040, in _make_engine
    return mapping[engine](self.f, **self.options)  # type: ignore[call-arg]
  File "/home/airflow/.local/lib/python3.7/site-packages/pandas/io/parsers/c_parser_wrapper.py", line 51, in __init__
    self._open_handles(src, kwds)
  File "/home/airflow/.local/lib/python3.7/site-packages/pandas/io/parsers/base_parser.py", line 229, in _open_handles
    errors=kwds.get("encoding_errors", "strict"),
  File "/home/airflow/.local/lib/python3.7/site-packages/pandas/io/common.py", line 707, in get_handle
    newline="",
FileNotFoundError: [Errno 2] No such file or directory: 'datasets/pokemon.csv'
[2023-06-03T18:32:59.048+0000] {taskinstance.py:1350} INFO - Marking task as FAILED. dag_id=apresentacao_***, task_id=extracao_dados_pockemon, execution_date=20230603T173000, start_date=20230603T183258, end_date=20230603T183259
[2023-06-03T18:32:59.055+0000] {standard_task_runner.py:109} ERROR - Failed to execute job 30 for task extracao_dados_pockemon ([Errno 2] No such file or directory: 'datasets/pokemon.csv'; 1344)
[2023-06-03T18:32:59.098+0000] {local_task_job_runner.py:225} INFO - Task exited with return code 1
[2023-06-03T18:32:59.130+0000] {taskinstance.py:2651} INFO - 0 downstream tasks scheduled from follow-on schedule check
