[2023-06-04T18:15:00.338+0000] {processor.py:157} INFO - Started process (PID=10670) to work on /opt/airflow/dags/airflow-example.py
[2023-06-04T18:15:00.338+0000] {processor.py:826} INFO - Processing file /opt/airflow/dags/airflow-example.py for tasks to queue
[2023-06-04T18:15:00.339+0000] {logging_mixin.py:149} INFO - [2023-06-04T18:15:00.338+0000] {dagbag.py:541} INFO - Filling up the DagBag from /opt/airflow/dags/airflow-example.py
[2023-06-04T18:15:00.587+0000] {processor.py:836} INFO - DAG(s) dict_keys(['apresentacao_airflow']) retrieved from /opt/airflow/dags/airflow-example.py
[2023-06-04T18:15:00.600+0000] {logging_mixin.py:149} INFO - [2023-06-04T18:15:00.600+0000] {dag.py:2726} INFO - Sync 1 DAGs
[2023-06-04T18:15:00.617+0000] {logging_mixin.py:149} INFO - [2023-06-04T18:15:00.617+0000] {dag.py:3490} INFO - Setting next_dagrun for apresentacao_airflow to 2023-06-04T16:30:00+00:00, run_after=2023-06-04T17:30:00+00:00
[2023-06-04T18:15:00.630+0000] {processor.py:179} INFO - Processing /opt/airflow/dags/airflow-example.py took 0.294 seconds
[2023-06-04T18:15:30.784+0000] {processor.py:157} INFO - Started process (PID=10739) to work on /opt/airflow/dags/airflow-example.py
[2023-06-04T18:15:30.787+0000] {processor.py:826} INFO - Processing file /opt/airflow/dags/airflow-example.py for tasks to queue
[2023-06-04T18:15:30.788+0000] {logging_mixin.py:149} INFO - [2023-06-04T18:15:30.788+0000] {dagbag.py:541} INFO - Filling up the DagBag from /opt/airflow/dags/airflow-example.py
[2023-06-04T18:15:31.029+0000] {processor.py:836} INFO - DAG(s) dict_keys(['apresentacao_airflow']) retrieved from /opt/airflow/dags/airflow-example.py
[2023-06-04T18:15:31.043+0000] {logging_mixin.py:149} INFO - [2023-06-04T18:15:31.043+0000] {dag.py:2726} INFO - Sync 1 DAGs
[2023-06-04T18:15:31.061+0000] {logging_mixin.py:149} INFO - [2023-06-04T18:15:31.061+0000] {dag.py:3490} INFO - Setting next_dagrun for apresentacao_airflow to 2023-06-04T16:30:00+00:00, run_after=2023-06-04T17:30:00+00:00
[2023-06-04T18:15:31.072+0000] {processor.py:179} INFO - Processing /opt/airflow/dags/airflow-example.py took 0.290 seconds
[2023-06-04T18:16:01.973+0000] {processor.py:157} INFO - Started process (PID=10810) to work on /opt/airflow/dags/airflow-example.py
[2023-06-04T18:16:01.976+0000] {processor.py:826} INFO - Processing file /opt/airflow/dags/airflow-example.py for tasks to queue
[2023-06-04T18:16:01.977+0000] {logging_mixin.py:149} INFO - [2023-06-04T18:16:01.977+0000] {dagbag.py:541} INFO - Filling up the DagBag from /opt/airflow/dags/airflow-example.py
[2023-06-04T18:16:02.236+0000] {processor.py:836} INFO - DAG(s) dict_keys(['apresentacao_airflow']) retrieved from /opt/airflow/dags/airflow-example.py
[2023-06-04T18:16:02.252+0000] {logging_mixin.py:149} INFO - [2023-06-04T18:16:02.252+0000] {dag.py:2726} INFO - Sync 1 DAGs
[2023-06-04T18:16:02.274+0000] {logging_mixin.py:149} INFO - [2023-06-04T18:16:02.274+0000] {dag.py:3490} INFO - Setting next_dagrun for apresentacao_airflow to 2023-06-04T16:30:00+00:00, run_after=2023-06-04T17:30:00+00:00
[2023-06-04T18:16:02.286+0000] {processor.py:179} INFO - Processing /opt/airflow/dags/airflow-example.py took 0.315 seconds
[2023-06-04T18:16:32.328+0000] {processor.py:157} INFO - Started process (PID=10883) to work on /opt/airflow/dags/airflow-example.py
[2023-06-04T18:16:32.329+0000] {processor.py:826} INFO - Processing file /opt/airflow/dags/airflow-example.py for tasks to queue
[2023-06-04T18:16:32.329+0000] {logging_mixin.py:149} INFO - [2023-06-04T18:16:32.329+0000] {dagbag.py:541} INFO - Filling up the DagBag from /opt/airflow/dags/airflow-example.py
[2023-06-04T18:16:32.541+0000] {processor.py:836} INFO - DAG(s) dict_keys(['apresentacao_airflow']) retrieved from /opt/airflow/dags/airflow-example.py
[2023-06-04T18:16:32.554+0000] {logging_mixin.py:149} INFO - [2023-06-04T18:16:32.554+0000] {dag.py:2726} INFO - Sync 1 DAGs
[2023-06-04T18:16:32.569+0000] {logging_mixin.py:149} INFO - [2023-06-04T18:16:32.568+0000] {dag.py:3490} INFO - Setting next_dagrun for apresentacao_airflow to 2023-06-04T16:30:00+00:00, run_after=2023-06-04T17:30:00+00:00
[2023-06-04T18:16:32.584+0000] {processor.py:179} INFO - Processing /opt/airflow/dags/airflow-example.py took 0.258 seconds
[2023-06-04T18:17:03.482+0000] {processor.py:157} INFO - Started process (PID=10952) to work on /opt/airflow/dags/airflow-example.py
[2023-06-04T18:17:03.485+0000] {processor.py:826} INFO - Processing file /opt/airflow/dags/airflow-example.py for tasks to queue
[2023-06-04T18:17:03.485+0000] {logging_mixin.py:149} INFO - [2023-06-04T18:17:03.485+0000] {dagbag.py:541} INFO - Filling up the DagBag from /opt/airflow/dags/airflow-example.py
[2023-06-04T18:17:03.740+0000] {processor.py:836} INFO - DAG(s) dict_keys(['apresentacao_airflow']) retrieved from /opt/airflow/dags/airflow-example.py
[2023-06-04T18:17:03.754+0000] {logging_mixin.py:149} INFO - [2023-06-04T18:17:03.754+0000] {dag.py:2726} INFO - Sync 1 DAGs
[2023-06-04T18:17:03.772+0000] {logging_mixin.py:149} INFO - [2023-06-04T18:17:03.772+0000] {dag.py:3490} INFO - Setting next_dagrun for apresentacao_airflow to 2023-06-04T16:30:00+00:00, run_after=2023-06-04T17:30:00+00:00
[2023-06-04T18:17:03.783+0000] {processor.py:179} INFO - Processing /opt/airflow/dags/airflow-example.py took 0.303 seconds
