[2023-06-04T18:15:01.341+0000] {processor.py:157} INFO - Started process (PID=10696) to work on /home/airflow/.local/lib/python3.7/site-packages/airflow/example_dags/example_external_task_marker_dag.py
[2023-06-04T18:15:01.342+0000] {processor.py:826} INFO - Processing file /home/airflow/.local/lib/python3.7/site-packages/airflow/example_dags/example_external_task_marker_dag.py for tasks to queue
[2023-06-04T18:15:01.343+0000] {logging_mixin.py:149} INFO - [2023-06-04T18:15:01.343+0000] {dagbag.py:541} INFO - Filling up the DagBag from /home/airflow/.local/lib/python3.7/site-packages/airflow/example_dags/example_external_task_marker_dag.py
[2023-06-04T18:15:01.348+0000] {processor.py:836} INFO - DAG(s) dict_keys(['example_external_task_marker_child', 'example_external_task_marker_parent']) retrieved from /home/airflow/.local/lib/python3.7/site-packages/airflow/example_dags/example_external_task_marker_dag.py
[2023-06-04T18:15:01.381+0000] {logging_mixin.py:149} INFO - [2023-06-04T18:15:01.381+0000] {dag.py:2726} INFO - Sync 2 DAGs
[2023-06-04T18:15:01.411+0000] {logging_mixin.py:149} INFO - [2023-06-04T18:15:01.411+0000] {dag.py:3490} INFO - Setting next_dagrun for example_external_task_marker_child to None, run_after=None
[2023-06-04T18:15:01.415+0000] {logging_mixin.py:149} INFO - [2023-06-04T18:15:01.415+0000] {dag.py:3490} INFO - Setting next_dagrun for example_external_task_marker_parent to None, run_after=None
[2023-06-04T18:15:01.429+0000] {processor.py:179} INFO - Processing /home/airflow/.local/lib/python3.7/site-packages/airflow/example_dags/example_external_task_marker_dag.py took 0.091 seconds
[2023-06-04T18:15:31.531+0000] {processor.py:157} INFO - Started process (PID=10765) to work on /home/airflow/.local/lib/python3.7/site-packages/airflow/example_dags/example_external_task_marker_dag.py
[2023-06-04T18:15:31.531+0000] {processor.py:826} INFO - Processing file /home/airflow/.local/lib/python3.7/site-packages/airflow/example_dags/example_external_task_marker_dag.py for tasks to queue
[2023-06-04T18:15:31.532+0000] {logging_mixin.py:149} INFO - [2023-06-04T18:15:31.532+0000] {dagbag.py:541} INFO - Filling up the DagBag from /home/airflow/.local/lib/python3.7/site-packages/airflow/example_dags/example_external_task_marker_dag.py
[2023-06-04T18:15:31.535+0000] {processor.py:836} INFO - DAG(s) dict_keys(['example_external_task_marker_parent', 'example_external_task_marker_child']) retrieved from /home/airflow/.local/lib/python3.7/site-packages/airflow/example_dags/example_external_task_marker_dag.py
[2023-06-04T18:15:31.552+0000] {logging_mixin.py:149} INFO - [2023-06-04T18:15:31.552+0000] {dag.py:2726} INFO - Sync 2 DAGs
[2023-06-04T18:15:31.568+0000] {logging_mixin.py:149} INFO - [2023-06-04T18:15:31.568+0000] {dag.py:3490} INFO - Setting next_dagrun for example_external_task_marker_child to None, run_after=None
[2023-06-04T18:15:31.570+0000] {logging_mixin.py:149} INFO - [2023-06-04T18:15:31.570+0000] {dag.py:3490} INFO - Setting next_dagrun for example_external_task_marker_parent to None, run_after=None
[2023-06-04T18:15:31.579+0000] {processor.py:179} INFO - Processing /home/airflow/.local/lib/python3.7/site-packages/airflow/example_dags/example_external_task_marker_dag.py took 0.051 seconds
[2023-06-04T18:16:02.653+0000] {processor.py:157} INFO - Started process (PID=10834) to work on /home/airflow/.local/lib/python3.7/site-packages/airflow/example_dags/example_external_task_marker_dag.py
[2023-06-04T18:16:02.654+0000] {processor.py:826} INFO - Processing file /home/airflow/.local/lib/python3.7/site-packages/airflow/example_dags/example_external_task_marker_dag.py for tasks to queue
[2023-06-04T18:16:02.655+0000] {logging_mixin.py:149} INFO - [2023-06-04T18:16:02.654+0000] {dagbag.py:541} INFO - Filling up the DagBag from /home/airflow/.local/lib/python3.7/site-packages/airflow/example_dags/example_external_task_marker_dag.py
[2023-06-04T18:16:02.658+0000] {processor.py:836} INFO - DAG(s) dict_keys(['example_external_task_marker_parent', 'example_external_task_marker_child']) retrieved from /home/airflow/.local/lib/python3.7/site-packages/airflow/example_dags/example_external_task_marker_dag.py
[2023-06-04T18:16:02.677+0000] {logging_mixin.py:149} INFO - [2023-06-04T18:16:02.677+0000] {dag.py:2726} INFO - Sync 2 DAGs
[2023-06-04T18:16:02.694+0000] {logging_mixin.py:149} INFO - [2023-06-04T18:16:02.694+0000] {dag.py:3490} INFO - Setting next_dagrun for example_external_task_marker_child to None, run_after=None
[2023-06-04T18:16:02.696+0000] {logging_mixin.py:149} INFO - [2023-06-04T18:16:02.696+0000] {dag.py:3490} INFO - Setting next_dagrun for example_external_task_marker_parent to None, run_after=None
[2023-06-04T18:16:02.710+0000] {processor.py:179} INFO - Processing /home/airflow/.local/lib/python3.7/site-packages/airflow/example_dags/example_external_task_marker_dag.py took 0.058 seconds
[2023-06-04T18:16:33.015+0000] {processor.py:157} INFO - Started process (PID=10903) to work on /home/airflow/.local/lib/python3.7/site-packages/airflow/example_dags/example_external_task_marker_dag.py
[2023-06-04T18:16:33.016+0000] {processor.py:826} INFO - Processing file /home/airflow/.local/lib/python3.7/site-packages/airflow/example_dags/example_external_task_marker_dag.py for tasks to queue
[2023-06-04T18:16:33.016+0000] {logging_mixin.py:149} INFO - [2023-06-04T18:16:33.016+0000] {dagbag.py:541} INFO - Filling up the DagBag from /home/airflow/.local/lib/python3.7/site-packages/airflow/example_dags/example_external_task_marker_dag.py
[2023-06-04T18:16:33.019+0000] {processor.py:836} INFO - DAG(s) dict_keys(['example_external_task_marker_child', 'example_external_task_marker_parent']) retrieved from /home/airflow/.local/lib/python3.7/site-packages/airflow/example_dags/example_external_task_marker_dag.py
[2023-06-04T18:16:33.037+0000] {logging_mixin.py:149} INFO - [2023-06-04T18:16:33.037+0000] {dag.py:2726} INFO - Sync 2 DAGs
[2023-06-04T18:16:33.053+0000] {logging_mixin.py:149} INFO - [2023-06-04T18:16:33.053+0000] {dag.py:3490} INFO - Setting next_dagrun for example_external_task_marker_child to None, run_after=None
[2023-06-04T18:16:33.055+0000] {logging_mixin.py:149} INFO - [2023-06-04T18:16:33.055+0000] {dag.py:3490} INFO - Setting next_dagrun for example_external_task_marker_parent to None, run_after=None
[2023-06-04T18:16:33.065+0000] {processor.py:179} INFO - Processing /home/airflow/.local/lib/python3.7/site-packages/airflow/example_dags/example_external_task_marker_dag.py took 0.052 seconds
[2023-06-04T18:17:04.039+0000] {processor.py:157} INFO - Started process (PID=10979) to work on /home/airflow/.local/lib/python3.7/site-packages/airflow/example_dags/example_external_task_marker_dag.py
[2023-06-04T18:17:04.040+0000] {processor.py:826} INFO - Processing file /home/airflow/.local/lib/python3.7/site-packages/airflow/example_dags/example_external_task_marker_dag.py for tasks to queue
[2023-06-04T18:17:04.040+0000] {logging_mixin.py:149} INFO - [2023-06-04T18:17:04.040+0000] {dagbag.py:541} INFO - Filling up the DagBag from /home/airflow/.local/lib/python3.7/site-packages/airflow/example_dags/example_external_task_marker_dag.py
[2023-06-04T18:17:04.043+0000] {processor.py:836} INFO - DAG(s) dict_keys(['example_external_task_marker_parent', 'example_external_task_marker_child']) retrieved from /home/airflow/.local/lib/python3.7/site-packages/airflow/example_dags/example_external_task_marker_dag.py
[2023-06-04T18:17:04.060+0000] {logging_mixin.py:149} INFO - [2023-06-04T18:17:04.060+0000] {dag.py:2726} INFO - Sync 2 DAGs
[2023-06-04T18:17:04.077+0000] {logging_mixin.py:149} INFO - [2023-06-04T18:17:04.076+0000] {dag.py:3490} INFO - Setting next_dagrun for example_external_task_marker_child to None, run_after=None
[2023-06-04T18:17:04.079+0000] {logging_mixin.py:149} INFO - [2023-06-04T18:17:04.079+0000] {dag.py:3490} INFO - Setting next_dagrun for example_external_task_marker_parent to None, run_after=None
[2023-06-04T18:17:04.089+0000] {processor.py:179} INFO - Processing /home/airflow/.local/lib/python3.7/site-packages/airflow/example_dags/example_external_task_marker_dag.py took 0.052 seconds
