[2023-06-04T18:15:00.380+0000] {processor.py:157} INFO - Started process (PID=10679) to work on /home/airflow/.local/lib/python3.7/site-packages/airflow/example_dags/example_latest_only.py
[2023-06-04T18:15:00.381+0000] {processor.py:826} INFO - Processing file /home/airflow/.local/lib/python3.7/site-packages/airflow/example_dags/example_latest_only.py for tasks to queue
[2023-06-04T18:15:00.382+0000] {logging_mixin.py:149} INFO - [2023-06-04T18:15:00.381+0000] {dagbag.py:541} INFO - Filling up the DagBag from /home/airflow/.local/lib/python3.7/site-packages/airflow/example_dags/example_latest_only.py
[2023-06-04T18:15:00.386+0000] {processor.py:836} INFO - DAG(s) dict_keys(['latest_only']) retrieved from /home/airflow/.local/lib/python3.7/site-packages/airflow/example_dags/example_latest_only.py
[2023-06-04T18:15:00.424+0000] {logging_mixin.py:149} INFO - [2023-06-04T18:15:00.424+0000] {dag.py:2726} INFO - Sync 1 DAGs
[2023-06-04T18:15:00.455+0000] {logging_mixin.py:149} INFO - [2023-06-04T18:15:00.454+0000] {dag.py:3490} INFO - Setting next_dagrun for latest_only to 2023-06-04T14:15:00.454733+00:00, run_after=2023-06-04T18:15:00.454733+00:00
[2023-06-04T18:15:00.469+0000] {processor.py:179} INFO - Processing /home/airflow/.local/lib/python3.7/site-packages/airflow/example_dags/example_latest_only.py took 0.091 seconds
[2023-06-04T18:15:30.817+0000] {processor.py:157} INFO - Started process (PID=10748) to work on /home/airflow/.local/lib/python3.7/site-packages/airflow/example_dags/example_latest_only.py
[2023-06-04T18:15:30.818+0000] {processor.py:826} INFO - Processing file /home/airflow/.local/lib/python3.7/site-packages/airflow/example_dags/example_latest_only.py for tasks to queue
[2023-06-04T18:15:30.818+0000] {logging_mixin.py:149} INFO - [2023-06-04T18:15:30.818+0000] {dagbag.py:541} INFO - Filling up the DagBag from /home/airflow/.local/lib/python3.7/site-packages/airflow/example_dags/example_latest_only.py
[2023-06-04T18:15:30.823+0000] {processor.py:836} INFO - DAG(s) dict_keys(['latest_only']) retrieved from /home/airflow/.local/lib/python3.7/site-packages/airflow/example_dags/example_latest_only.py
[2023-06-04T18:15:30.859+0000] {logging_mixin.py:149} INFO - [2023-06-04T18:15:30.859+0000] {dag.py:2726} INFO - Sync 1 DAGs
[2023-06-04T18:15:30.892+0000] {logging_mixin.py:149} INFO - [2023-06-04T18:15:30.892+0000] {dag.py:3490} INFO - Setting next_dagrun for latest_only to 2023-06-04T14:15:30.892598+00:00, run_after=2023-06-04T18:15:30.892598+00:00
[2023-06-04T18:15:30.909+0000] {processor.py:179} INFO - Processing /home/airflow/.local/lib/python3.7/site-packages/airflow/example_dags/example_latest_only.py took 0.095 seconds
[2023-06-04T18:16:00.936+0000] {processor.py:157} INFO - Started process (PID=10809) to work on /home/airflow/.local/lib/python3.7/site-packages/airflow/example_dags/example_latest_only.py
[2023-06-04T18:16:00.937+0000] {processor.py:826} INFO - Processing file /home/airflow/.local/lib/python3.7/site-packages/airflow/example_dags/example_latest_only.py for tasks to queue
[2023-06-04T18:16:00.937+0000] {logging_mixin.py:149} INFO - [2023-06-04T18:16:00.937+0000] {dagbag.py:541} INFO - Filling up the DagBag from /home/airflow/.local/lib/python3.7/site-packages/airflow/example_dags/example_latest_only.py
[2023-06-04T18:16:00.941+0000] {processor.py:836} INFO - DAG(s) dict_keys(['latest_only']) retrieved from /home/airflow/.local/lib/python3.7/site-packages/airflow/example_dags/example_latest_only.py
[2023-06-04T18:16:00.955+0000] {logging_mixin.py:149} INFO - [2023-06-04T18:16:00.955+0000] {dag.py:2726} INFO - Sync 1 DAGs
[2023-06-04T18:16:00.970+0000] {logging_mixin.py:149} INFO - [2023-06-04T18:16:00.970+0000] {dag.py:3490} INFO - Setting next_dagrun for latest_only to 2023-06-04T14:16:00.969885+00:00, run_after=2023-06-04T18:16:00.969885+00:00
[2023-06-04T18:16:00.981+0000] {processor.py:179} INFO - Processing /home/airflow/.local/lib/python3.7/site-packages/airflow/example_dags/example_latest_only.py took 0.046 seconds
[2023-06-04T18:16:31.089+0000] {processor.py:157} INFO - Started process (PID=10878) to work on /home/airflow/.local/lib/python3.7/site-packages/airflow/example_dags/example_latest_only.py
[2023-06-04T18:16:31.090+0000] {processor.py:826} INFO - Processing file /home/airflow/.local/lib/python3.7/site-packages/airflow/example_dags/example_latest_only.py for tasks to queue
[2023-06-04T18:16:31.090+0000] {logging_mixin.py:149} INFO - [2023-06-04T18:16:31.090+0000] {dagbag.py:541} INFO - Filling up the DagBag from /home/airflow/.local/lib/python3.7/site-packages/airflow/example_dags/example_latest_only.py
[2023-06-04T18:16:31.094+0000] {processor.py:836} INFO - DAG(s) dict_keys(['latest_only']) retrieved from /home/airflow/.local/lib/python3.7/site-packages/airflow/example_dags/example_latest_only.py
[2023-06-04T18:16:31.107+0000] {logging_mixin.py:149} INFO - [2023-06-04T18:16:31.107+0000] {dag.py:2726} INFO - Sync 1 DAGs
[2023-06-04T18:16:31.122+0000] {logging_mixin.py:149} INFO - [2023-06-04T18:16:31.122+0000] {dag.py:3490} INFO - Setting next_dagrun for latest_only to 2023-06-04T14:16:31.122005+00:00, run_after=2023-06-04T18:16:31.122005+00:00
[2023-06-04T18:16:31.134+0000] {processor.py:179} INFO - Processing /home/airflow/.local/lib/python3.7/site-packages/airflow/example_dags/example_latest_only.py took 0.046 seconds
[2023-06-04T18:17:01.310+0000] {processor.py:157} INFO - Started process (PID=10947) to work on /home/airflow/.local/lib/python3.7/site-packages/airflow/example_dags/example_latest_only.py
[2023-06-04T18:17:01.311+0000] {processor.py:826} INFO - Processing file /home/airflow/.local/lib/python3.7/site-packages/airflow/example_dags/example_latest_only.py for tasks to queue
[2023-06-04T18:17:01.312+0000] {logging_mixin.py:149} INFO - [2023-06-04T18:17:01.311+0000] {dagbag.py:541} INFO - Filling up the DagBag from /home/airflow/.local/lib/python3.7/site-packages/airflow/example_dags/example_latest_only.py
[2023-06-04T18:17:01.315+0000] {processor.py:836} INFO - DAG(s) dict_keys(['latest_only']) retrieved from /home/airflow/.local/lib/python3.7/site-packages/airflow/example_dags/example_latest_only.py
[2023-06-04T18:17:01.329+0000] {logging_mixin.py:149} INFO - [2023-06-04T18:17:01.329+0000] {dag.py:2726} INFO - Sync 1 DAGs
[2023-06-04T18:17:01.344+0000] {logging_mixin.py:149} INFO - [2023-06-04T18:17:01.344+0000] {dag.py:3490} INFO - Setting next_dagrun for latest_only to 2023-06-04T14:17:01.344176+00:00, run_after=2023-06-04T18:17:01.344176+00:00
[2023-06-04T18:17:01.356+0000] {processor.py:179} INFO - Processing /home/airflow/.local/lib/python3.7/site-packages/airflow/example_dags/example_latest_only.py took 0.048 seconds
[2023-06-04T18:17:31.374+0000] {processor.py:157} INFO - Started process (PID=11016) to work on /home/airflow/.local/lib/python3.7/site-packages/airflow/example_dags/example_latest_only.py
[2023-06-04T18:17:31.375+0000] {processor.py:826} INFO - Processing file /home/airflow/.local/lib/python3.7/site-packages/airflow/example_dags/example_latest_only.py for tasks to queue
[2023-06-04T18:17:31.375+0000] {logging_mixin.py:149} INFO - [2023-06-04T18:17:31.375+0000] {dagbag.py:541} INFO - Filling up the DagBag from /home/airflow/.local/lib/python3.7/site-packages/airflow/example_dags/example_latest_only.py
[2023-06-04T18:17:31.379+0000] {processor.py:836} INFO - DAG(s) dict_keys(['latest_only']) retrieved from /home/airflow/.local/lib/python3.7/site-packages/airflow/example_dags/example_latest_only.py
[2023-06-04T18:17:31.394+0000] {logging_mixin.py:149} INFO - [2023-06-04T18:17:31.394+0000] {dag.py:2726} INFO - Sync 1 DAGs
[2023-06-04T18:17:31.407+0000] {logging_mixin.py:149} INFO - [2023-06-04T18:17:31.407+0000] {dag.py:3490} INFO - Setting next_dagrun for latest_only to 2023-06-04T14:17:31.407765+00:00, run_after=2023-06-04T18:17:31.407765+00:00
[2023-06-04T18:17:31.418+0000] {processor.py:179} INFO - Processing /home/airflow/.local/lib/python3.7/site-packages/airflow/example_dags/example_latest_only.py took 0.045 seconds
