[2023-06-04T18:15:00.558+0000] {processor.py:157} INFO - Started process (PID=10682) to work on /home/airflow/.local/lib/python3.7/site-packages/airflow/example_dags/example_trigger_controller_dag.py
[2023-06-04T18:15:00.558+0000] {processor.py:826} INFO - Processing file /home/airflow/.local/lib/python3.7/site-packages/airflow/example_dags/example_trigger_controller_dag.py for tasks to queue
[2023-06-04T18:15:00.558+0000] {logging_mixin.py:149} INFO - [2023-06-04T18:15:00.558+0000] {dagbag.py:541} INFO - Filling up the DagBag from /home/airflow/.local/lib/python3.7/site-packages/airflow/example_dags/example_trigger_controller_dag.py
[2023-06-04T18:15:00.561+0000] {processor.py:836} INFO - DAG(s) dict_keys(['example_trigger_controller_dag']) retrieved from /home/airflow/.local/lib/python3.7/site-packages/airflow/example_dags/example_trigger_controller_dag.py
[2023-06-04T18:15:00.575+0000] {logging_mixin.py:149} INFO - [2023-06-04T18:15:00.575+0000] {dag.py:2726} INFO - Sync 1 DAGs
[2023-06-04T18:15:00.590+0000] {logging_mixin.py:149} INFO - [2023-06-04T18:15:00.590+0000] {dag.py:3490} INFO - Setting next_dagrun for example_trigger_controller_dag to 2021-01-01T00:00:00+00:00, run_after=2021-01-01T00:00:00+00:00
[2023-06-04T18:15:00.602+0000] {processor.py:179} INFO - Processing /home/airflow/.local/lib/python3.7/site-packages/airflow/example_dags/example_trigger_controller_dag.py took 0.047 seconds
[2023-06-04T18:15:30.998+0000] {processor.py:157} INFO - Started process (PID=10751) to work on /home/airflow/.local/lib/python3.7/site-packages/airflow/example_dags/example_trigger_controller_dag.py
[2023-06-04T18:15:30.999+0000] {processor.py:826} INFO - Processing file /home/airflow/.local/lib/python3.7/site-packages/airflow/example_dags/example_trigger_controller_dag.py for tasks to queue
[2023-06-04T18:15:30.999+0000] {logging_mixin.py:149} INFO - [2023-06-04T18:15:30.999+0000] {dagbag.py:541} INFO - Filling up the DagBag from /home/airflow/.local/lib/python3.7/site-packages/airflow/example_dags/example_trigger_controller_dag.py
[2023-06-04T18:15:31.001+0000] {processor.py:836} INFO - DAG(s) dict_keys(['example_trigger_controller_dag']) retrieved from /home/airflow/.local/lib/python3.7/site-packages/airflow/example_dags/example_trigger_controller_dag.py
[2023-06-04T18:15:31.016+0000] {logging_mixin.py:149} INFO - [2023-06-04T18:15:31.016+0000] {dag.py:2726} INFO - Sync 1 DAGs
[2023-06-04T18:15:31.031+0000] {logging_mixin.py:149} INFO - [2023-06-04T18:15:31.031+0000] {dag.py:3490} INFO - Setting next_dagrun for example_trigger_controller_dag to 2021-01-01T00:00:00+00:00, run_after=2021-01-01T00:00:00+00:00
[2023-06-04T18:15:31.045+0000] {processor.py:179} INFO - Processing /home/airflow/.local/lib/python3.7/site-packages/airflow/example_dags/example_trigger_controller_dag.py took 0.049 seconds
[2023-06-04T18:16:02.094+0000] {processor.py:157} INFO - Started process (PID=10819) to work on /home/airflow/.local/lib/python3.7/site-packages/airflow/example_dags/example_trigger_controller_dag.py
[2023-06-04T18:16:02.095+0000] {processor.py:826} INFO - Processing file /home/airflow/.local/lib/python3.7/site-packages/airflow/example_dags/example_trigger_controller_dag.py for tasks to queue
[2023-06-04T18:16:02.095+0000] {logging_mixin.py:149} INFO - [2023-06-04T18:16:02.095+0000] {dagbag.py:541} INFO - Filling up the DagBag from /home/airflow/.local/lib/python3.7/site-packages/airflow/example_dags/example_trigger_controller_dag.py
[2023-06-04T18:16:02.097+0000] {processor.py:836} INFO - DAG(s) dict_keys(['example_trigger_controller_dag']) retrieved from /home/airflow/.local/lib/python3.7/site-packages/airflow/example_dags/example_trigger_controller_dag.py
[2023-06-04T18:16:02.112+0000] {logging_mixin.py:149} INFO - [2023-06-04T18:16:02.112+0000] {dag.py:2726} INFO - Sync 1 DAGs
[2023-06-04T18:16:02.127+0000] {logging_mixin.py:149} INFO - [2023-06-04T18:16:02.126+0000] {dag.py:3490} INFO - Setting next_dagrun for example_trigger_controller_dag to 2021-01-01T00:00:00+00:00, run_after=2021-01-01T00:00:00+00:00
[2023-06-04T18:16:02.139+0000] {processor.py:179} INFO - Processing /home/airflow/.local/lib/python3.7/site-packages/airflow/example_dags/example_trigger_controller_dag.py took 0.047 seconds
[2023-06-04T18:16:32.153+0000] {processor.py:157} INFO - Started process (PID=10880) to work on /home/airflow/.local/lib/python3.7/site-packages/airflow/example_dags/example_trigger_controller_dag.py
[2023-06-04T18:16:32.154+0000] {processor.py:826} INFO - Processing file /home/airflow/.local/lib/python3.7/site-packages/airflow/example_dags/example_trigger_controller_dag.py for tasks to queue
[2023-06-04T18:16:32.154+0000] {logging_mixin.py:149} INFO - [2023-06-04T18:16:32.154+0000] {dagbag.py:541} INFO - Filling up the DagBag from /home/airflow/.local/lib/python3.7/site-packages/airflow/example_dags/example_trigger_controller_dag.py
[2023-06-04T18:16:32.156+0000] {processor.py:836} INFO - DAG(s) dict_keys(['example_trigger_controller_dag']) retrieved from /home/airflow/.local/lib/python3.7/site-packages/airflow/example_dags/example_trigger_controller_dag.py
[2023-06-04T18:16:32.171+0000] {logging_mixin.py:149} INFO - [2023-06-04T18:16:32.171+0000] {dag.py:2726} INFO - Sync 1 DAGs
[2023-06-04T18:16:32.186+0000] {logging_mixin.py:149} INFO - [2023-06-04T18:16:32.186+0000] {dag.py:3490} INFO - Setting next_dagrun for example_trigger_controller_dag to 2021-01-01T00:00:00+00:00, run_after=2021-01-01T00:00:00+00:00
[2023-06-04T18:16:32.200+0000] {processor.py:179} INFO - Processing /home/airflow/.local/lib/python3.7/site-packages/airflow/example_dags/example_trigger_controller_dag.py took 0.048 seconds
[2023-06-04T18:17:02.349+0000] {processor.py:157} INFO - Started process (PID=10949) to work on /home/airflow/.local/lib/python3.7/site-packages/airflow/example_dags/example_trigger_controller_dag.py
[2023-06-04T18:17:02.350+0000] {processor.py:826} INFO - Processing file /home/airflow/.local/lib/python3.7/site-packages/airflow/example_dags/example_trigger_controller_dag.py for tasks to queue
[2023-06-04T18:17:02.350+0000] {logging_mixin.py:149} INFO - [2023-06-04T18:17:02.350+0000] {dagbag.py:541} INFO - Filling up the DagBag from /home/airflow/.local/lib/python3.7/site-packages/airflow/example_dags/example_trigger_controller_dag.py
[2023-06-04T18:17:02.353+0000] {processor.py:836} INFO - DAG(s) dict_keys(['example_trigger_controller_dag']) retrieved from /home/airflow/.local/lib/python3.7/site-packages/airflow/example_dags/example_trigger_controller_dag.py
[2023-06-04T18:17:02.369+0000] {logging_mixin.py:149} INFO - [2023-06-04T18:17:02.369+0000] {dag.py:2726} INFO - Sync 1 DAGs
[2023-06-04T18:17:02.385+0000] {logging_mixin.py:149} INFO - [2023-06-04T18:17:02.384+0000] {dag.py:3490} INFO - Setting next_dagrun for example_trigger_controller_dag to 2021-01-01T00:00:00+00:00, run_after=2021-01-01T00:00:00+00:00
[2023-06-04T18:17:02.396+0000] {processor.py:179} INFO - Processing /home/airflow/.local/lib/python3.7/site-packages/airflow/example_dags/example_trigger_controller_dag.py took 0.050 seconds
[2023-06-04T18:17:32.446+0000] {processor.py:157} INFO - Started process (PID=11018) to work on /home/airflow/.local/lib/python3.7/site-packages/airflow/example_dags/example_trigger_controller_dag.py
[2023-06-04T18:17:32.447+0000] {processor.py:826} INFO - Processing file /home/airflow/.local/lib/python3.7/site-packages/airflow/example_dags/example_trigger_controller_dag.py for tasks to queue
[2023-06-04T18:17:32.447+0000] {logging_mixin.py:149} INFO - [2023-06-04T18:17:32.447+0000] {dagbag.py:541} INFO - Filling up the DagBag from /home/airflow/.local/lib/python3.7/site-packages/airflow/example_dags/example_trigger_controller_dag.py
[2023-06-04T18:17:32.451+0000] {processor.py:836} INFO - DAG(s) dict_keys(['example_trigger_controller_dag']) retrieved from /home/airflow/.local/lib/python3.7/site-packages/airflow/example_dags/example_trigger_controller_dag.py
[2023-06-04T18:17:32.467+0000] {logging_mixin.py:149} INFO - [2023-06-04T18:17:32.467+0000] {dag.py:2726} INFO - Sync 1 DAGs
[2023-06-04T18:17:32.481+0000] {logging_mixin.py:149} INFO - [2023-06-04T18:17:32.481+0000] {dag.py:3490} INFO - Setting next_dagrun for example_trigger_controller_dag to 2021-01-01T00:00:00+00:00, run_after=2021-01-01T00:00:00+00:00
[2023-06-04T18:17:32.494+0000] {processor.py:179} INFO - Processing /home/airflow/.local/lib/python3.7/site-packages/airflow/example_dags/example_trigger_controller_dag.py took 0.050 seconds
