[2023-06-04T18:15:01.826+0000] {processor.py:157} INFO - Started process (PID=10704) to work on /home/airflow/.local/lib/python3.7/site-packages/airflow/example_dags/example_branch_labels.py
[2023-06-04T18:15:01.827+0000] {processor.py:826} INFO - Processing file /home/airflow/.local/lib/python3.7/site-packages/airflow/example_dags/example_branch_labels.py for tasks to queue
[2023-06-04T18:15:01.827+0000] {logging_mixin.py:149} INFO - [2023-06-04T18:15:01.827+0000] {dagbag.py:541} INFO - Filling up the DagBag from /home/airflow/.local/lib/python3.7/site-packages/airflow/example_dags/example_branch_labels.py
[2023-06-04T18:15:01.832+0000] {processor.py:836} INFO - DAG(s) dict_keys(['example_branch_labels']) retrieved from /home/airflow/.local/lib/python3.7/site-packages/airflow/example_dags/example_branch_labels.py
[2023-06-04T18:15:01.847+0000] {logging_mixin.py:149} INFO - [2023-06-04T18:15:01.847+0000] {dag.py:2726} INFO - Sync 1 DAGs
[2023-06-04T18:15:01.865+0000] {logging_mixin.py:149} INFO - [2023-06-04T18:15:01.865+0000] {dag.py:3490} INFO - Setting next_dagrun for example_branch_labels to 2023-06-03T00:00:00+00:00, run_after=2023-06-04T00:00:00+00:00
[2023-06-04T18:15:01.878+0000] {processor.py:179} INFO - Processing /home/airflow/.local/lib/python3.7/site-packages/airflow/example_dags/example_branch_labels.py took 0.054 seconds
[2023-06-04T18:15:31.896+0000] {processor.py:157} INFO - Started process (PID=10773) to work on /home/airflow/.local/lib/python3.7/site-packages/airflow/example_dags/example_branch_labels.py
[2023-06-04T18:15:31.897+0000] {processor.py:826} INFO - Processing file /home/airflow/.local/lib/python3.7/site-packages/airflow/example_dags/example_branch_labels.py for tasks to queue
[2023-06-04T18:15:31.897+0000] {logging_mixin.py:149} INFO - [2023-06-04T18:15:31.897+0000] {dagbag.py:541} INFO - Filling up the DagBag from /home/airflow/.local/lib/python3.7/site-packages/airflow/example_dags/example_branch_labels.py
[2023-06-04T18:15:31.901+0000] {processor.py:836} INFO - DAG(s) dict_keys(['example_branch_labels']) retrieved from /home/airflow/.local/lib/python3.7/site-packages/airflow/example_dags/example_branch_labels.py
[2023-06-04T18:15:31.916+0000] {logging_mixin.py:149} INFO - [2023-06-04T18:15:31.916+0000] {dag.py:2726} INFO - Sync 1 DAGs
[2023-06-04T18:15:31.932+0000] {logging_mixin.py:149} INFO - [2023-06-04T18:15:31.932+0000] {dag.py:3490} INFO - Setting next_dagrun for example_branch_labels to 2023-06-03T00:00:00+00:00, run_after=2023-06-04T00:00:00+00:00
[2023-06-04T18:15:31.943+0000] {processor.py:179} INFO - Processing /home/airflow/.local/lib/python3.7/site-packages/airflow/example_dags/example_branch_labels.py took 0.049 seconds
[2023-06-04T18:16:02.954+0000] {processor.py:157} INFO - Started process (PID=10842) to work on /home/airflow/.local/lib/python3.7/site-packages/airflow/example_dags/example_branch_labels.py
[2023-06-04T18:16:02.954+0000] {processor.py:826} INFO - Processing file /home/airflow/.local/lib/python3.7/site-packages/airflow/example_dags/example_branch_labels.py for tasks to queue
[2023-06-04T18:16:02.955+0000] {logging_mixin.py:149} INFO - [2023-06-04T18:16:02.955+0000] {dagbag.py:541} INFO - Filling up the DagBag from /home/airflow/.local/lib/python3.7/site-packages/airflow/example_dags/example_branch_labels.py
[2023-06-04T18:16:02.960+0000] {processor.py:836} INFO - DAG(s) dict_keys(['example_branch_labels']) retrieved from /home/airflow/.local/lib/python3.7/site-packages/airflow/example_dags/example_branch_labels.py
[2023-06-04T18:16:02.974+0000] {logging_mixin.py:149} INFO - [2023-06-04T18:16:02.974+0000] {dag.py:2726} INFO - Sync 1 DAGs
[2023-06-04T18:16:02.990+0000] {logging_mixin.py:149} INFO - [2023-06-04T18:16:02.990+0000] {dag.py:3490} INFO - Setting next_dagrun for example_branch_labels to 2023-06-03T00:00:00+00:00, run_after=2023-06-04T00:00:00+00:00
[2023-06-04T18:16:03.003+0000] {processor.py:179} INFO - Processing /home/airflow/.local/lib/python3.7/site-packages/airflow/example_dags/example_branch_labels.py took 0.051 seconds
[2023-06-04T18:16:33.301+0000] {processor.py:157} INFO - Started process (PID=10911) to work on /home/airflow/.local/lib/python3.7/site-packages/airflow/example_dags/example_branch_labels.py
[2023-06-04T18:16:33.302+0000] {processor.py:826} INFO - Processing file /home/airflow/.local/lib/python3.7/site-packages/airflow/example_dags/example_branch_labels.py for tasks to queue
[2023-06-04T18:16:33.303+0000] {logging_mixin.py:149} INFO - [2023-06-04T18:16:33.302+0000] {dagbag.py:541} INFO - Filling up the DagBag from /home/airflow/.local/lib/python3.7/site-packages/airflow/example_dags/example_branch_labels.py
[2023-06-04T18:16:33.309+0000] {processor.py:836} INFO - DAG(s) dict_keys(['example_branch_labels']) retrieved from /home/airflow/.local/lib/python3.7/site-packages/airflow/example_dags/example_branch_labels.py
[2023-06-04T18:16:33.325+0000] {logging_mixin.py:149} INFO - [2023-06-04T18:16:33.325+0000] {dag.py:2726} INFO - Sync 1 DAGs
[2023-06-04T18:16:33.344+0000] {logging_mixin.py:149} INFO - [2023-06-04T18:16:33.344+0000] {dag.py:3490} INFO - Setting next_dagrun for example_branch_labels to 2023-06-03T00:00:00+00:00, run_after=2023-06-04T00:00:00+00:00
[2023-06-04T18:16:33.354+0000] {processor.py:179} INFO - Processing /home/airflow/.local/lib/python3.7/site-packages/airflow/example_dags/example_branch_labels.py took 0.055 seconds
[2023-06-04T18:17:04.355+0000] {processor.py:157} INFO - Started process (PID=10987) to work on /home/airflow/.local/lib/python3.7/site-packages/airflow/example_dags/example_branch_labels.py
[2023-06-04T18:17:04.355+0000] {processor.py:826} INFO - Processing file /home/airflow/.local/lib/python3.7/site-packages/airflow/example_dags/example_branch_labels.py for tasks to queue
[2023-06-04T18:17:04.356+0000] {logging_mixin.py:149} INFO - [2023-06-04T18:17:04.356+0000] {dagbag.py:541} INFO - Filling up the DagBag from /home/airflow/.local/lib/python3.7/site-packages/airflow/example_dags/example_branch_labels.py
[2023-06-04T18:17:04.360+0000] {processor.py:836} INFO - DAG(s) dict_keys(['example_branch_labels']) retrieved from /home/airflow/.local/lib/python3.7/site-packages/airflow/example_dags/example_branch_labels.py
[2023-06-04T18:17:04.375+0000] {logging_mixin.py:149} INFO - [2023-06-04T18:17:04.374+0000] {dag.py:2726} INFO - Sync 1 DAGs
[2023-06-04T18:17:04.391+0000] {logging_mixin.py:149} INFO - [2023-06-04T18:17:04.390+0000] {dag.py:3490} INFO - Setting next_dagrun for example_branch_labels to 2023-06-03T00:00:00+00:00, run_after=2023-06-04T00:00:00+00:00
[2023-06-04T18:17:04.402+0000] {processor.py:179} INFO - Processing /home/airflow/.local/lib/python3.7/site-packages/airflow/example_dags/example_branch_labels.py took 0.049 seconds
