[2023-06-04T18:15:01.892+0000] {processor.py:157} INFO - Started process (PID=10706) to work on /home/airflow/.local/lib/python3.7/site-packages/airflow/example_dags/example_sensor_decorator.py
[2023-06-04T18:15:01.892+0000] {processor.py:826} INFO - Processing file /home/airflow/.local/lib/python3.7/site-packages/airflow/example_dags/example_sensor_decorator.py for tasks to queue
[2023-06-04T18:15:01.893+0000] {logging_mixin.py:149} INFO - [2023-06-04T18:15:01.893+0000] {dagbag.py:541} INFO - Filling up the DagBag from /home/airflow/.local/lib/python3.7/site-packages/airflow/example_dags/example_sensor_decorator.py
[2023-06-04T18:15:01.896+0000] {processor.py:836} INFO - DAG(s) dict_keys(['example_sensor_decorator']) retrieved from /home/airflow/.local/lib/python3.7/site-packages/airflow/example_dags/example_sensor_decorator.py
[2023-06-04T18:15:01.910+0000] {logging_mixin.py:149} INFO - [2023-06-04T18:15:01.910+0000] {dag.py:2726} INFO - Sync 1 DAGs
[2023-06-04T18:15:01.926+0000] {logging_mixin.py:149} INFO - [2023-06-04T18:15:01.926+0000] {dag.py:3490} INFO - Setting next_dagrun for example_sensor_decorator to None, run_after=None
[2023-06-04T18:15:01.940+0000] {processor.py:179} INFO - Processing /home/airflow/.local/lib/python3.7/site-packages/airflow/example_dags/example_sensor_decorator.py took 0.050 seconds
[2023-06-04T18:15:31.954+0000] {processor.py:157} INFO - Started process (PID=10774) to work on /home/airflow/.local/lib/python3.7/site-packages/airflow/example_dags/example_sensor_decorator.py
[2023-06-04T18:15:31.955+0000] {processor.py:826} INFO - Processing file /home/airflow/.local/lib/python3.7/site-packages/airflow/example_dags/example_sensor_decorator.py for tasks to queue
[2023-06-04T18:15:31.955+0000] {logging_mixin.py:149} INFO - [2023-06-04T18:15:31.955+0000] {dagbag.py:541} INFO - Filling up the DagBag from /home/airflow/.local/lib/python3.7/site-packages/airflow/example_dags/example_sensor_decorator.py
[2023-06-04T18:15:31.958+0000] {processor.py:836} INFO - DAG(s) dict_keys(['example_sensor_decorator']) retrieved from /home/airflow/.local/lib/python3.7/site-packages/airflow/example_dags/example_sensor_decorator.py
[2023-06-04T18:15:31.972+0000] {logging_mixin.py:149} INFO - [2023-06-04T18:15:31.972+0000] {dag.py:2726} INFO - Sync 1 DAGs
[2023-06-04T18:15:31.986+0000] {logging_mixin.py:149} INFO - [2023-06-04T18:15:31.986+0000] {dag.py:3490} INFO - Setting next_dagrun for example_sensor_decorator to None, run_after=None
[2023-06-04T18:15:31.996+0000] {processor.py:179} INFO - Processing /home/airflow/.local/lib/python3.7/site-packages/airflow/example_dags/example_sensor_decorator.py took 0.044 seconds
[2023-06-04T18:16:02.961+0000] {processor.py:157} INFO - Started process (PID=10843) to work on /home/airflow/.local/lib/python3.7/site-packages/airflow/example_dags/example_sensor_decorator.py
[2023-06-04T18:16:02.961+0000] {processor.py:826} INFO - Processing file /home/airflow/.local/lib/python3.7/site-packages/airflow/example_dags/example_sensor_decorator.py for tasks to queue
[2023-06-04T18:16:02.962+0000] {logging_mixin.py:149} INFO - [2023-06-04T18:16:02.962+0000] {dagbag.py:541} INFO - Filling up the DagBag from /home/airflow/.local/lib/python3.7/site-packages/airflow/example_dags/example_sensor_decorator.py
[2023-06-04T18:16:02.965+0000] {processor.py:836} INFO - DAG(s) dict_keys(['example_sensor_decorator']) retrieved from /home/airflow/.local/lib/python3.7/site-packages/airflow/example_dags/example_sensor_decorator.py
[2023-06-04T18:16:02.979+0000] {logging_mixin.py:149} INFO - [2023-06-04T18:16:02.979+0000] {dag.py:2726} INFO - Sync 1 DAGs
[2023-06-04T18:16:02.993+0000] {logging_mixin.py:149} INFO - [2023-06-04T18:16:02.993+0000] {dag.py:3490} INFO - Setting next_dagrun for example_sensor_decorator to None, run_after=None
[2023-06-04T18:16:03.007+0000] {processor.py:179} INFO - Processing /home/airflow/.local/lib/python3.7/site-packages/airflow/example_dags/example_sensor_decorator.py took 0.048 seconds
[2023-06-04T18:16:33.315+0000] {processor.py:157} INFO - Started process (PID=10912) to work on /home/airflow/.local/lib/python3.7/site-packages/airflow/example_dags/example_sensor_decorator.py
[2023-06-04T18:16:33.316+0000] {processor.py:826} INFO - Processing file /home/airflow/.local/lib/python3.7/site-packages/airflow/example_dags/example_sensor_decorator.py for tasks to queue
[2023-06-04T18:16:33.316+0000] {logging_mixin.py:149} INFO - [2023-06-04T18:16:33.316+0000] {dagbag.py:541} INFO - Filling up the DagBag from /home/airflow/.local/lib/python3.7/site-packages/airflow/example_dags/example_sensor_decorator.py
[2023-06-04T18:16:33.319+0000] {processor.py:836} INFO - DAG(s) dict_keys(['example_sensor_decorator']) retrieved from /home/airflow/.local/lib/python3.7/site-packages/airflow/example_dags/example_sensor_decorator.py
[2023-06-04T18:16:33.334+0000] {logging_mixin.py:149} INFO - [2023-06-04T18:16:33.334+0000] {dag.py:2726} INFO - Sync 1 DAGs
[2023-06-04T18:16:33.349+0000] {logging_mixin.py:149} INFO - [2023-06-04T18:16:33.349+0000] {dag.py:3490} INFO - Setting next_dagrun for example_sensor_decorator to None, run_after=None
[2023-06-04T18:16:33.361+0000] {processor.py:179} INFO - Processing /home/airflow/.local/lib/python3.7/site-packages/airflow/example_dags/example_sensor_decorator.py took 0.048 seconds
[2023-06-04T18:17:04.414+0000] {processor.py:157} INFO - Started process (PID=10988) to work on /home/airflow/.local/lib/python3.7/site-packages/airflow/example_dags/example_sensor_decorator.py
[2023-06-04T18:17:04.415+0000] {processor.py:826} INFO - Processing file /home/airflow/.local/lib/python3.7/site-packages/airflow/example_dags/example_sensor_decorator.py for tasks to queue
[2023-06-04T18:17:04.415+0000] {logging_mixin.py:149} INFO - [2023-06-04T18:17:04.415+0000] {dagbag.py:541} INFO - Filling up the DagBag from /home/airflow/.local/lib/python3.7/site-packages/airflow/example_dags/example_sensor_decorator.py
[2023-06-04T18:17:04.418+0000] {processor.py:836} INFO - DAG(s) dict_keys(['example_sensor_decorator']) retrieved from /home/airflow/.local/lib/python3.7/site-packages/airflow/example_dags/example_sensor_decorator.py
[2023-06-04T18:17:04.432+0000] {logging_mixin.py:149} INFO - [2023-06-04T18:17:04.432+0000] {dag.py:2726} INFO - Sync 1 DAGs
[2023-06-04T18:17:04.446+0000] {logging_mixin.py:149} INFO - [2023-06-04T18:17:04.446+0000] {dag.py:3490} INFO - Setting next_dagrun for example_sensor_decorator to None, run_after=None
[2023-06-04T18:17:04.456+0000] {processor.py:179} INFO - Processing /home/airflow/.local/lib/python3.7/site-packages/airflow/example_dags/example_sensor_decorator.py took 0.043 seconds
