[2023-06-04T18:15:00.725+0000] {processor.py:157} INFO - Started process (PID=10686) to work on /home/airflow/.local/lib/python3.7/site-packages/airflow/example_dags/example_python_operator.py
[2023-06-04T18:15:00.726+0000] {processor.py:826} INFO - Processing file /home/airflow/.local/lib/python3.7/site-packages/airflow/example_dags/example_python_operator.py for tasks to queue
[2023-06-04T18:15:00.726+0000] {logging_mixin.py:149} INFO - [2023-06-04T18:15:00.726+0000] {dagbag.py:541} INFO - Filling up the DagBag from /home/airflow/.local/lib/python3.7/site-packages/airflow/example_dags/example_python_operator.py
[2023-06-04T18:15:00.730+0000] {logging_mixin.py:149} INFO - [2023-06-04T18:15:00.730+0000] {taskmixin.py:211} WARNING - Dependency <Task(_PythonDecoratedOperator): print_the_context>, log_sql_query already registered for DAG: example_python_operator
[2023-06-04T18:15:00.730+0000] {logging_mixin.py:149} INFO - [2023-06-04T18:15:00.730+0000] {taskmixin.py:211} WARNING - Dependency <Task(_PythonDecoratedOperator): log_sql_query>, print_the_context already registered for DAG: example_python_operator
[2023-06-04T18:15:00.730+0000] {logging_mixin.py:149} INFO - [2023-06-04T18:15:00.730+0000] {taskmixin.py:211} WARNING - Dependency <Task(_PythonDecoratedOperator): print_the_context>, log_sql_query already registered for DAG: example_python_operator
[2023-06-04T18:15:00.730+0000] {logging_mixin.py:149} INFO - [2023-06-04T18:15:00.730+0000] {taskmixin.py:211} WARNING - Dependency <Task(_PythonDecoratedOperator): log_sql_query>, print_the_context already registered for DAG: example_python_operator
[2023-06-04T18:15:00.731+0000] {logging_mixin.py:149} INFO - [2023-06-04T18:15:00.731+0000] {taskmixin.py:211} WARNING - Dependency <Task(_PythonDecoratedOperator): print_the_context>, log_sql_query already registered for DAG: example_python_operator
[2023-06-04T18:15:00.731+0000] {logging_mixin.py:149} INFO - [2023-06-04T18:15:00.731+0000] {taskmixin.py:211} WARNING - Dependency <Task(_PythonDecoratedOperator): log_sql_query>, print_the_context already registered for DAG: example_python_operator
[2023-06-04T18:15:00.731+0000] {logging_mixin.py:149} INFO - [2023-06-04T18:15:00.731+0000] {taskmixin.py:211} WARNING - Dependency <Task(_PythonDecoratedOperator): print_the_context>, log_sql_query already registered for DAG: example_python_operator
[2023-06-04T18:15:00.731+0000] {logging_mixin.py:149} INFO - [2023-06-04T18:15:00.731+0000] {taskmixin.py:211} WARNING - Dependency <Task(_PythonDecoratedOperator): log_sql_query>, print_the_context already registered for DAG: example_python_operator
[2023-06-04T18:15:00.733+0000] {processor.py:836} INFO - DAG(s) dict_keys(['example_python_operator']) retrieved from /home/airflow/.local/lib/python3.7/site-packages/airflow/example_dags/example_python_operator.py
[2023-06-04T18:15:00.754+0000] {logging_mixin.py:149} INFO - [2023-06-04T18:15:00.753+0000] {dag.py:2726} INFO - Sync 1 DAGs
[2023-06-04T18:15:00.773+0000] {logging_mixin.py:149} INFO - [2023-06-04T18:15:00.773+0000] {dag.py:3490} INFO - Setting next_dagrun for example_python_operator to None, run_after=None
[2023-06-04T18:15:00.796+0000] {processor.py:179} INFO - Processing /home/airflow/.local/lib/python3.7/site-packages/airflow/example_dags/example_python_operator.py took 0.073 seconds
[2023-06-04T18:15:31.149+0000] {processor.py:157} INFO - Started process (PID=10755) to work on /home/airflow/.local/lib/python3.7/site-packages/airflow/example_dags/example_python_operator.py
[2023-06-04T18:15:31.150+0000] {processor.py:826} INFO - Processing file /home/airflow/.local/lib/python3.7/site-packages/airflow/example_dags/example_python_operator.py for tasks to queue
[2023-06-04T18:15:31.150+0000] {logging_mixin.py:149} INFO - [2023-06-04T18:15:31.150+0000] {dagbag.py:541} INFO - Filling up the DagBag from /home/airflow/.local/lib/python3.7/site-packages/airflow/example_dags/example_python_operator.py
[2023-06-04T18:15:31.154+0000] {logging_mixin.py:149} INFO - [2023-06-04T18:15:31.154+0000] {taskmixin.py:211} WARNING - Dependency <Task(_PythonDecoratedOperator): print_the_context>, log_sql_query already registered for DAG: example_python_operator
[2023-06-04T18:15:31.154+0000] {logging_mixin.py:149} INFO - [2023-06-04T18:15:31.154+0000] {taskmixin.py:211} WARNING - Dependency <Task(_PythonDecoratedOperator): log_sql_query>, print_the_context already registered for DAG: example_python_operator
[2023-06-04T18:15:31.155+0000] {logging_mixin.py:149} INFO - [2023-06-04T18:15:31.155+0000] {taskmixin.py:211} WARNING - Dependency <Task(_PythonDecoratedOperator): print_the_context>, log_sql_query already registered for DAG: example_python_operator
[2023-06-04T18:15:31.155+0000] {logging_mixin.py:149} INFO - [2023-06-04T18:15:31.155+0000] {taskmixin.py:211} WARNING - Dependency <Task(_PythonDecoratedOperator): log_sql_query>, print_the_context already registered for DAG: example_python_operator
[2023-06-04T18:15:31.155+0000] {logging_mixin.py:149} INFO - [2023-06-04T18:15:31.155+0000] {taskmixin.py:211} WARNING - Dependency <Task(_PythonDecoratedOperator): print_the_context>, log_sql_query already registered for DAG: example_python_operator
[2023-06-04T18:15:31.155+0000] {logging_mixin.py:149} INFO - [2023-06-04T18:15:31.155+0000] {taskmixin.py:211} WARNING - Dependency <Task(_PythonDecoratedOperator): log_sql_query>, print_the_context already registered for DAG: example_python_operator
[2023-06-04T18:15:31.156+0000] {logging_mixin.py:149} INFO - [2023-06-04T18:15:31.156+0000] {taskmixin.py:211} WARNING - Dependency <Task(_PythonDecoratedOperator): print_the_context>, log_sql_query already registered for DAG: example_python_operator
[2023-06-04T18:15:31.156+0000] {logging_mixin.py:149} INFO - [2023-06-04T18:15:31.156+0000] {taskmixin.py:211} WARNING - Dependency <Task(_PythonDecoratedOperator): log_sql_query>, print_the_context already registered for DAG: example_python_operator
[2023-06-04T18:15:31.157+0000] {processor.py:836} INFO - DAG(s) dict_keys(['example_python_operator']) retrieved from /home/airflow/.local/lib/python3.7/site-packages/airflow/example_dags/example_python_operator.py
[2023-06-04T18:15:31.174+0000] {logging_mixin.py:149} INFO - [2023-06-04T18:15:31.173+0000] {dag.py:2726} INFO - Sync 1 DAGs
[2023-06-04T18:15:31.190+0000] {logging_mixin.py:149} INFO - [2023-06-04T18:15:31.190+0000] {dag.py:3490} INFO - Setting next_dagrun for example_python_operator to None, run_after=None
[2023-06-04T18:15:31.202+0000] {processor.py:179} INFO - Processing /home/airflow/.local/lib/python3.7/site-packages/airflow/example_dags/example_python_operator.py took 0.055 seconds
[2023-06-04T18:16:02.302+0000] {processor.py:157} INFO - Started process (PID=10824) to work on /home/airflow/.local/lib/python3.7/site-packages/airflow/example_dags/example_python_operator.py
[2023-06-04T18:16:02.303+0000] {processor.py:826} INFO - Processing file /home/airflow/.local/lib/python3.7/site-packages/airflow/example_dags/example_python_operator.py for tasks to queue
[2023-06-04T18:16:02.303+0000] {logging_mixin.py:149} INFO - [2023-06-04T18:16:02.303+0000] {dagbag.py:541} INFO - Filling up the DagBag from /home/airflow/.local/lib/python3.7/site-packages/airflow/example_dags/example_python_operator.py
[2023-06-04T18:16:02.307+0000] {logging_mixin.py:149} INFO - [2023-06-04T18:16:02.307+0000] {taskmixin.py:211} WARNING - Dependency <Task(_PythonDecoratedOperator): print_the_context>, log_sql_query already registered for DAG: example_python_operator
[2023-06-04T18:16:02.307+0000] {logging_mixin.py:149} INFO - [2023-06-04T18:16:02.307+0000] {taskmixin.py:211} WARNING - Dependency <Task(_PythonDecoratedOperator): log_sql_query>, print_the_context already registered for DAG: example_python_operator
[2023-06-04T18:16:02.308+0000] {logging_mixin.py:149} INFO - [2023-06-04T18:16:02.307+0000] {taskmixin.py:211} WARNING - Dependency <Task(_PythonDecoratedOperator): print_the_context>, log_sql_query already registered for DAG: example_python_operator
[2023-06-04T18:16:02.308+0000] {logging_mixin.py:149} INFO - [2023-06-04T18:16:02.308+0000] {taskmixin.py:211} WARNING - Dependency <Task(_PythonDecoratedOperator): log_sql_query>, print_the_context already registered for DAG: example_python_operator
[2023-06-04T18:16:02.308+0000] {logging_mixin.py:149} INFO - [2023-06-04T18:16:02.308+0000] {taskmixin.py:211} WARNING - Dependency <Task(_PythonDecoratedOperator): print_the_context>, log_sql_query already registered for DAG: example_python_operator
[2023-06-04T18:16:02.308+0000] {logging_mixin.py:149} INFO - [2023-06-04T18:16:02.308+0000] {taskmixin.py:211} WARNING - Dependency <Task(_PythonDecoratedOperator): log_sql_query>, print_the_context already registered for DAG: example_python_operator
[2023-06-04T18:16:02.308+0000] {logging_mixin.py:149} INFO - [2023-06-04T18:16:02.308+0000] {taskmixin.py:211} WARNING - Dependency <Task(_PythonDecoratedOperator): print_the_context>, log_sql_query already registered for DAG: example_python_operator
[2023-06-04T18:16:02.309+0000] {logging_mixin.py:149} INFO - [2023-06-04T18:16:02.308+0000] {taskmixin.py:211} WARNING - Dependency <Task(_PythonDecoratedOperator): log_sql_query>, print_the_context already registered for DAG: example_python_operator
[2023-06-04T18:16:02.310+0000] {processor.py:836} INFO - DAG(s) dict_keys(['example_python_operator']) retrieved from /home/airflow/.local/lib/python3.7/site-packages/airflow/example_dags/example_python_operator.py
[2023-06-04T18:16:02.327+0000] {logging_mixin.py:149} INFO - [2023-06-04T18:16:02.326+0000] {dag.py:2726} INFO - Sync 1 DAGs
[2023-06-04T18:16:02.343+0000] {logging_mixin.py:149} INFO - [2023-06-04T18:16:02.343+0000] {dag.py:3490} INFO - Setting next_dagrun for example_python_operator to None, run_after=None
[2023-06-04T18:16:02.356+0000] {processor.py:179} INFO - Processing /home/airflow/.local/lib/python3.7/site-packages/airflow/example_dags/example_python_operator.py took 0.056 seconds
[2023-06-04T18:16:32.603+0000] {processor.py:157} INFO - Started process (PID=10893) to work on /home/airflow/.local/lib/python3.7/site-packages/airflow/example_dags/example_python_operator.py
[2023-06-04T18:16:32.604+0000] {processor.py:826} INFO - Processing file /home/airflow/.local/lib/python3.7/site-packages/airflow/example_dags/example_python_operator.py for tasks to queue
[2023-06-04T18:16:32.604+0000] {logging_mixin.py:149} INFO - [2023-06-04T18:16:32.604+0000] {dagbag.py:541} INFO - Filling up the DagBag from /home/airflow/.local/lib/python3.7/site-packages/airflow/example_dags/example_python_operator.py
[2023-06-04T18:16:32.608+0000] {logging_mixin.py:149} INFO - [2023-06-04T18:16:32.608+0000] {taskmixin.py:211} WARNING - Dependency <Task(_PythonDecoratedOperator): print_the_context>, log_sql_query already registered for DAG: example_python_operator
[2023-06-04T18:16:32.608+0000] {logging_mixin.py:149} INFO - [2023-06-04T18:16:32.608+0000] {taskmixin.py:211} WARNING - Dependency <Task(_PythonDecoratedOperator): log_sql_query>, print_the_context already registered for DAG: example_python_operator
[2023-06-04T18:16:32.609+0000] {logging_mixin.py:149} INFO - [2023-06-04T18:16:32.608+0000] {taskmixin.py:211} WARNING - Dependency <Task(_PythonDecoratedOperator): print_the_context>, log_sql_query already registered for DAG: example_python_operator
[2023-06-04T18:16:32.609+0000] {logging_mixin.py:149} INFO - [2023-06-04T18:16:32.609+0000] {taskmixin.py:211} WARNING - Dependency <Task(_PythonDecoratedOperator): log_sql_query>, print_the_context already registered for DAG: example_python_operator
[2023-06-04T18:16:32.609+0000] {logging_mixin.py:149} INFO - [2023-06-04T18:16:32.609+0000] {taskmixin.py:211} WARNING - Dependency <Task(_PythonDecoratedOperator): print_the_context>, log_sql_query already registered for DAG: example_python_operator
[2023-06-04T18:16:32.609+0000] {logging_mixin.py:149} INFO - [2023-06-04T18:16:32.609+0000] {taskmixin.py:211} WARNING - Dependency <Task(_PythonDecoratedOperator): log_sql_query>, print_the_context already registered for DAG: example_python_operator
[2023-06-04T18:16:32.609+0000] {logging_mixin.py:149} INFO - [2023-06-04T18:16:32.609+0000] {taskmixin.py:211} WARNING - Dependency <Task(_PythonDecoratedOperator): print_the_context>, log_sql_query already registered for DAG: example_python_operator
[2023-06-04T18:16:32.609+0000] {logging_mixin.py:149} INFO - [2023-06-04T18:16:32.609+0000] {taskmixin.py:211} WARNING - Dependency <Task(_PythonDecoratedOperator): log_sql_query>, print_the_context already registered for DAG: example_python_operator
[2023-06-04T18:16:32.611+0000] {processor.py:836} INFO - DAG(s) dict_keys(['example_python_operator']) retrieved from /home/airflow/.local/lib/python3.7/site-packages/airflow/example_dags/example_python_operator.py
[2023-06-04T18:16:32.631+0000] {logging_mixin.py:149} INFO - [2023-06-04T18:16:32.631+0000] {dag.py:2726} INFO - Sync 1 DAGs
[2023-06-04T18:16:32.646+0000] {logging_mixin.py:149} INFO - [2023-06-04T18:16:32.646+0000] {dag.py:3490} INFO - Setting next_dagrun for example_python_operator to None, run_after=None
[2023-06-04T18:16:32.660+0000] {processor.py:179} INFO - Processing /home/airflow/.local/lib/python3.7/site-packages/airflow/example_dags/example_python_operator.py took 0.059 seconds
[2023-06-04T18:17:03.575+0000] {processor.py:157} INFO - Started process (PID=10961) to work on /home/airflow/.local/lib/python3.7/site-packages/airflow/example_dags/example_python_operator.py
[2023-06-04T18:17:03.581+0000] {processor.py:826} INFO - Processing file /home/airflow/.local/lib/python3.7/site-packages/airflow/example_dags/example_python_operator.py for tasks to queue
[2023-06-04T18:17:03.581+0000] {logging_mixin.py:149} INFO - [2023-06-04T18:17:03.581+0000] {dagbag.py:541} INFO - Filling up the DagBag from /home/airflow/.local/lib/python3.7/site-packages/airflow/example_dags/example_python_operator.py
[2023-06-04T18:17:03.587+0000] {logging_mixin.py:149} INFO - [2023-06-04T18:17:03.587+0000] {taskmixin.py:211} WARNING - Dependency <Task(_PythonDecoratedOperator): print_the_context>, log_sql_query already registered for DAG: example_python_operator
[2023-06-04T18:17:03.587+0000] {logging_mixin.py:149} INFO - [2023-06-04T18:17:03.587+0000] {taskmixin.py:211} WARNING - Dependency <Task(_PythonDecoratedOperator): log_sql_query>, print_the_context already registered for DAG: example_python_operator
[2023-06-04T18:17:03.588+0000] {logging_mixin.py:149} INFO - [2023-06-04T18:17:03.588+0000] {taskmixin.py:211} WARNING - Dependency <Task(_PythonDecoratedOperator): print_the_context>, log_sql_query already registered for DAG: example_python_operator
[2023-06-04T18:17:03.588+0000] {logging_mixin.py:149} INFO - [2023-06-04T18:17:03.588+0000] {taskmixin.py:211} WARNING - Dependency <Task(_PythonDecoratedOperator): log_sql_query>, print_the_context already registered for DAG: example_python_operator
[2023-06-04T18:17:03.588+0000] {logging_mixin.py:149} INFO - [2023-06-04T18:17:03.588+0000] {taskmixin.py:211} WARNING - Dependency <Task(_PythonDecoratedOperator): print_the_context>, log_sql_query already registered for DAG: example_python_operator
[2023-06-04T18:17:03.588+0000] {logging_mixin.py:149} INFO - [2023-06-04T18:17:03.588+0000] {taskmixin.py:211} WARNING - Dependency <Task(_PythonDecoratedOperator): log_sql_query>, print_the_context already registered for DAG: example_python_operator
[2023-06-04T18:17:03.589+0000] {logging_mixin.py:149} INFO - [2023-06-04T18:17:03.589+0000] {taskmixin.py:211} WARNING - Dependency <Task(_PythonDecoratedOperator): print_the_context>, log_sql_query already registered for DAG: example_python_operator
[2023-06-04T18:17:03.589+0000] {logging_mixin.py:149} INFO - [2023-06-04T18:17:03.589+0000] {taskmixin.py:211} WARNING - Dependency <Task(_PythonDecoratedOperator): log_sql_query>, print_the_context already registered for DAG: example_python_operator
[2023-06-04T18:17:03.591+0000] {processor.py:836} INFO - DAG(s) dict_keys(['example_python_operator']) retrieved from /home/airflow/.local/lib/python3.7/site-packages/airflow/example_dags/example_python_operator.py
[2023-06-04T18:17:03.607+0000] {logging_mixin.py:149} INFO - [2023-06-04T18:17:03.607+0000] {dag.py:2726} INFO - Sync 1 DAGs
[2023-06-04T18:17:03.624+0000] {logging_mixin.py:149} INFO - [2023-06-04T18:17:03.624+0000] {dag.py:3490} INFO - Setting next_dagrun for example_python_operator to None, run_after=None
[2023-06-04T18:17:03.636+0000] {processor.py:179} INFO - Processing /home/airflow/.local/lib/python3.7/site-packages/airflow/example_dags/example_python_operator.py took 0.064 seconds
