[2023-06-04T18:15:01.447+0000] {processor.py:157} INFO - Started process (PID=10698) to work on /home/airflow/.local/lib/python3.7/site-packages/airflow/example_dags/example_params_trigger_ui.py
[2023-06-04T18:15:01.447+0000] {processor.py:826} INFO - Processing file /home/airflow/.local/lib/python3.7/site-packages/airflow/example_dags/example_params_trigger_ui.py for tasks to queue
[2023-06-04T18:15:01.448+0000] {logging_mixin.py:149} INFO - [2023-06-04T18:15:01.448+0000] {dagbag.py:541} INFO - Filling up the DagBag from /home/airflow/.local/lib/python3.7/site-packages/airflow/example_dags/example_params_trigger_ui.py
[2023-06-04T18:15:01.464+0000] {processor.py:836} INFO - DAG(s) dict_keys(['example_params_trigger_ui']) retrieved from /home/airflow/.local/lib/python3.7/site-packages/airflow/example_dags/example_params_trigger_ui.py
[2023-06-04T18:15:01.562+0000] {logging_mixin.py:149} INFO - [2023-06-04T18:15:01.562+0000] {dag.py:2726} INFO - Sync 1 DAGs
[2023-06-04T18:15:01.607+0000] {logging_mixin.py:149} INFO - [2023-06-04T18:15:01.607+0000] {dag.py:3490} INFO - Setting next_dagrun for example_params_trigger_ui to None, run_after=None
[2023-06-04T18:15:01.637+0000] {processor.py:179} INFO - Processing /home/airflow/.local/lib/python3.7/site-packages/airflow/example_dags/example_params_trigger_ui.py took 0.192 seconds
[2023-06-04T18:15:31.653+0000] {processor.py:157} INFO - Started process (PID=10768) to work on /home/airflow/.local/lib/python3.7/site-packages/airflow/example_dags/example_params_trigger_ui.py
[2023-06-04T18:15:31.653+0000] {processor.py:826} INFO - Processing file /home/airflow/.local/lib/python3.7/site-packages/airflow/example_dags/example_params_trigger_ui.py for tasks to queue
[2023-06-04T18:15:31.653+0000] {logging_mixin.py:149} INFO - [2023-06-04T18:15:31.653+0000] {dagbag.py:541} INFO - Filling up the DagBag from /home/airflow/.local/lib/python3.7/site-packages/airflow/example_dags/example_params_trigger_ui.py
[2023-06-04T18:15:31.665+0000] {processor.py:836} INFO - DAG(s) dict_keys(['example_params_trigger_ui']) retrieved from /home/airflow/.local/lib/python3.7/site-packages/airflow/example_dags/example_params_trigger_ui.py
[2023-06-04T18:15:31.712+0000] {logging_mixin.py:149} INFO - [2023-06-04T18:15:31.712+0000] {dag.py:2726} INFO - Sync 1 DAGs
[2023-06-04T18:15:31.726+0000] {logging_mixin.py:149} INFO - [2023-06-04T18:15:31.726+0000] {dag.py:3490} INFO - Setting next_dagrun for example_params_trigger_ui to None, run_after=None
[2023-06-04T18:15:31.737+0000] {processor.py:179} INFO - Processing /home/airflow/.local/lib/python3.7/site-packages/airflow/example_dags/example_params_trigger_ui.py took 0.086 seconds
[2023-06-04T18:16:02.725+0000] {processor.py:157} INFO - Started process (PID=10836) to work on /home/airflow/.local/lib/python3.7/site-packages/airflow/example_dags/example_params_trigger_ui.py
[2023-06-04T18:16:02.725+0000] {processor.py:826} INFO - Processing file /home/airflow/.local/lib/python3.7/site-packages/airflow/example_dags/example_params_trigger_ui.py for tasks to queue
[2023-06-04T18:16:02.726+0000] {logging_mixin.py:149} INFO - [2023-06-04T18:16:02.725+0000] {dagbag.py:541} INFO - Filling up the DagBag from /home/airflow/.local/lib/python3.7/site-packages/airflow/example_dags/example_params_trigger_ui.py
[2023-06-04T18:16:02.738+0000] {processor.py:836} INFO - DAG(s) dict_keys(['example_params_trigger_ui']) retrieved from /home/airflow/.local/lib/python3.7/site-packages/airflow/example_dags/example_params_trigger_ui.py
[2023-06-04T18:16:02.788+0000] {logging_mixin.py:149} INFO - [2023-06-04T18:16:02.788+0000] {dag.py:2726} INFO - Sync 1 DAGs
[2023-06-04T18:16:02.805+0000] {logging_mixin.py:149} INFO - [2023-06-04T18:16:02.804+0000] {dag.py:3490} INFO - Setting next_dagrun for example_params_trigger_ui to None, run_after=None
[2023-06-04T18:16:02.818+0000] {processor.py:179} INFO - Processing /home/airflow/.local/lib/python3.7/site-packages/airflow/example_dags/example_params_trigger_ui.py took 0.095 seconds
[2023-06-04T18:16:33.079+0000] {processor.py:157} INFO - Started process (PID=10905) to work on /home/airflow/.local/lib/python3.7/site-packages/airflow/example_dags/example_params_trigger_ui.py
[2023-06-04T18:16:33.079+0000] {processor.py:826} INFO - Processing file /home/airflow/.local/lib/python3.7/site-packages/airflow/example_dags/example_params_trigger_ui.py for tasks to queue
[2023-06-04T18:16:33.080+0000] {logging_mixin.py:149} INFO - [2023-06-04T18:16:33.080+0000] {dagbag.py:541} INFO - Filling up the DagBag from /home/airflow/.local/lib/python3.7/site-packages/airflow/example_dags/example_params_trigger_ui.py
[2023-06-04T18:16:33.093+0000] {processor.py:836} INFO - DAG(s) dict_keys(['example_params_trigger_ui']) retrieved from /home/airflow/.local/lib/python3.7/site-packages/airflow/example_dags/example_params_trigger_ui.py
[2023-06-04T18:16:33.146+0000] {logging_mixin.py:149} INFO - [2023-06-04T18:16:33.146+0000] {dag.py:2726} INFO - Sync 1 DAGs
[2023-06-04T18:16:33.162+0000] {logging_mixin.py:149} INFO - [2023-06-04T18:16:33.162+0000] {dag.py:3490} INFO - Setting next_dagrun for example_params_trigger_ui to None, run_after=None
[2023-06-04T18:16:33.174+0000] {processor.py:179} INFO - Processing /home/airflow/.local/lib/python3.7/site-packages/airflow/example_dags/example_params_trigger_ui.py took 0.097 seconds
[2023-06-04T18:17:04.102+0000] {processor.py:157} INFO - Started process (PID=10981) to work on /home/airflow/.local/lib/python3.7/site-packages/airflow/example_dags/example_params_trigger_ui.py
[2023-06-04T18:17:04.102+0000] {processor.py:826} INFO - Processing file /home/airflow/.local/lib/python3.7/site-packages/airflow/example_dags/example_params_trigger_ui.py for tasks to queue
[2023-06-04T18:17:04.103+0000] {logging_mixin.py:149} INFO - [2023-06-04T18:17:04.102+0000] {dagbag.py:541} INFO - Filling up the DagBag from /home/airflow/.local/lib/python3.7/site-packages/airflow/example_dags/example_params_trigger_ui.py
[2023-06-04T18:17:04.115+0000] {processor.py:836} INFO - DAG(s) dict_keys(['example_params_trigger_ui']) retrieved from /home/airflow/.local/lib/python3.7/site-packages/airflow/example_dags/example_params_trigger_ui.py
[2023-06-04T18:17:04.167+0000] {logging_mixin.py:149} INFO - [2023-06-04T18:17:04.167+0000] {dag.py:2726} INFO - Sync 1 DAGs
[2023-06-04T18:17:04.183+0000] {logging_mixin.py:149} INFO - [2023-06-04T18:17:04.183+0000] {dag.py:3490} INFO - Setting next_dagrun for example_params_trigger_ui to None, run_after=None
[2023-06-04T18:17:04.196+0000] {processor.py:179} INFO - Processing /home/airflow/.local/lib/python3.7/site-packages/airflow/example_dags/example_params_trigger_ui.py took 0.096 seconds
