[2023-06-04T18:15:02.017+0000] {processor.py:157} INFO - Started process (PID=10708) to work on /home/airflow/.local/lib/python3.7/site-packages/airflow/example_dags/example_branch_day_of_week_operator.py
[2023-06-04T18:15:02.017+0000] {processor.py:826} INFO - Processing file /home/airflow/.local/lib/python3.7/site-packages/airflow/example_dags/example_branch_day_of_week_operator.py for tasks to queue
[2023-06-04T18:15:02.018+0000] {logging_mixin.py:149} INFO - [2023-06-04T18:15:02.018+0000] {dagbag.py:541} INFO - Filling up the DagBag from /home/airflow/.local/lib/python3.7/site-packages/airflow/example_dags/example_branch_day_of_week_operator.py
[2023-06-04T18:15:02.022+0000] {processor.py:836} INFO - DAG(s) dict_keys(['example_weekday_branch_operator']) retrieved from /home/airflow/.local/lib/python3.7/site-packages/airflow/example_dags/example_branch_day_of_week_operator.py
[2023-06-04T18:15:02.037+0000] {logging_mixin.py:149} INFO - [2023-06-04T18:15:02.037+0000] {dag.py:2726} INFO - Sync 1 DAGs
[2023-06-04T18:15:02.054+0000] {logging_mixin.py:149} INFO - [2023-06-04T18:15:02.054+0000] {dag.py:3490} INFO - Setting next_dagrun for example_weekday_branch_operator to 2023-06-03T00:00:00+00:00, run_after=2023-06-04T00:00:00+00:00
[2023-06-04T18:15:02.066+0000] {processor.py:179} INFO - Processing /home/airflow/.local/lib/python3.7/site-packages/airflow/example_dags/example_branch_day_of_week_operator.py took 0.051 seconds
[2023-06-04T18:15:33.030+0000] {processor.py:157} INFO - Started process (PID=10777) to work on /home/airflow/.local/lib/python3.7/site-packages/airflow/example_dags/example_branch_day_of_week_operator.py
[2023-06-04T18:15:33.031+0000] {processor.py:826} INFO - Processing file /home/airflow/.local/lib/python3.7/site-packages/airflow/example_dags/example_branch_day_of_week_operator.py for tasks to queue
[2023-06-04T18:15:33.031+0000] {logging_mixin.py:149} INFO - [2023-06-04T18:15:33.031+0000] {dagbag.py:541} INFO - Filling up the DagBag from /home/airflow/.local/lib/python3.7/site-packages/airflow/example_dags/example_branch_day_of_week_operator.py
[2023-06-04T18:15:33.035+0000] {processor.py:836} INFO - DAG(s) dict_keys(['example_weekday_branch_operator']) retrieved from /home/airflow/.local/lib/python3.7/site-packages/airflow/example_dags/example_branch_day_of_week_operator.py
[2023-06-04T18:15:33.050+0000] {logging_mixin.py:149} INFO - [2023-06-04T18:15:33.050+0000] {dag.py:2726} INFO - Sync 1 DAGs
[2023-06-04T18:15:33.067+0000] {logging_mixin.py:149} INFO - [2023-06-04T18:15:33.066+0000] {dag.py:3490} INFO - Setting next_dagrun for example_weekday_branch_operator to 2023-06-03T00:00:00+00:00, run_after=2023-06-04T00:00:00+00:00
[2023-06-04T18:15:33.078+0000] {processor.py:179} INFO - Processing /home/airflow/.local/lib/python3.7/site-packages/airflow/example_dags/example_branch_day_of_week_operator.py took 0.049 seconds
[2023-06-04T18:16:04.098+0000] {processor.py:157} INFO - Started process (PID=10853) to work on /home/airflow/.local/lib/python3.7/site-packages/airflow/example_dags/example_branch_day_of_week_operator.py
[2023-06-04T18:16:04.099+0000] {processor.py:826} INFO - Processing file /home/airflow/.local/lib/python3.7/site-packages/airflow/example_dags/example_branch_day_of_week_operator.py for tasks to queue
[2023-06-04T18:16:04.099+0000] {logging_mixin.py:149} INFO - [2023-06-04T18:16:04.099+0000] {dagbag.py:541} INFO - Filling up the DagBag from /home/airflow/.local/lib/python3.7/site-packages/airflow/example_dags/example_branch_day_of_week_operator.py
[2023-06-04T18:16:04.103+0000] {processor.py:836} INFO - DAG(s) dict_keys(['example_weekday_branch_operator']) retrieved from /home/airflow/.local/lib/python3.7/site-packages/airflow/example_dags/example_branch_day_of_week_operator.py
[2023-06-04T18:16:04.118+0000] {logging_mixin.py:149} INFO - [2023-06-04T18:16:04.118+0000] {dag.py:2726} INFO - Sync 1 DAGs
[2023-06-04T18:16:04.134+0000] {logging_mixin.py:149} INFO - [2023-06-04T18:16:04.134+0000] {dag.py:3490} INFO - Setting next_dagrun for example_weekday_branch_operator to 2023-06-03T00:00:00+00:00, run_after=2023-06-04T00:00:00+00:00
[2023-06-04T18:16:04.148+0000] {processor.py:179} INFO - Processing /home/airflow/.local/lib/python3.7/site-packages/airflow/example_dags/example_branch_day_of_week_operator.py took 0.052 seconds
[2023-06-04T18:16:34.437+0000] {processor.py:157} INFO - Started process (PID=10922) to work on /home/airflow/.local/lib/python3.7/site-packages/airflow/example_dags/example_branch_day_of_week_operator.py
[2023-06-04T18:16:34.438+0000] {processor.py:826} INFO - Processing file /home/airflow/.local/lib/python3.7/site-packages/airflow/example_dags/example_branch_day_of_week_operator.py for tasks to queue
[2023-06-04T18:16:34.438+0000] {logging_mixin.py:149} INFO - [2023-06-04T18:16:34.438+0000] {dagbag.py:541} INFO - Filling up the DagBag from /home/airflow/.local/lib/python3.7/site-packages/airflow/example_dags/example_branch_day_of_week_operator.py
[2023-06-04T18:16:34.442+0000] {processor.py:836} INFO - DAG(s) dict_keys(['example_weekday_branch_operator']) retrieved from /home/airflow/.local/lib/python3.7/site-packages/airflow/example_dags/example_branch_day_of_week_operator.py
[2023-06-04T18:16:34.458+0000] {logging_mixin.py:149} INFO - [2023-06-04T18:16:34.458+0000] {dag.py:2726} INFO - Sync 1 DAGs
[2023-06-04T18:16:34.473+0000] {logging_mixin.py:149} INFO - [2023-06-04T18:16:34.473+0000] {dag.py:3490} INFO - Setting next_dagrun for example_weekday_branch_operator to 2023-06-03T00:00:00+00:00, run_after=2023-06-04T00:00:00+00:00
[2023-06-04T18:16:34.485+0000] {processor.py:179} INFO - Processing /home/airflow/.local/lib/python3.7/site-packages/airflow/example_dags/example_branch_day_of_week_operator.py took 0.050 seconds
[2023-06-04T18:17:04.524+0000] {processor.py:157} INFO - Started process (PID=10990) to work on /home/airflow/.local/lib/python3.7/site-packages/airflow/example_dags/example_branch_day_of_week_operator.py
[2023-06-04T18:17:04.524+0000] {processor.py:826} INFO - Processing file /home/airflow/.local/lib/python3.7/site-packages/airflow/example_dags/example_branch_day_of_week_operator.py for tasks to queue
[2023-06-04T18:17:04.525+0000] {logging_mixin.py:149} INFO - [2023-06-04T18:17:04.524+0000] {dagbag.py:541} INFO - Filling up the DagBag from /home/airflow/.local/lib/python3.7/site-packages/airflow/example_dags/example_branch_day_of_week_operator.py
[2023-06-04T18:17:04.529+0000] {processor.py:836} INFO - DAG(s) dict_keys(['example_weekday_branch_operator']) retrieved from /home/airflow/.local/lib/python3.7/site-packages/airflow/example_dags/example_branch_day_of_week_operator.py
[2023-06-04T18:17:04.545+0000] {logging_mixin.py:149} INFO - [2023-06-04T18:17:04.544+0000] {dag.py:2726} INFO - Sync 1 DAGs
[2023-06-04T18:17:04.560+0000] {logging_mixin.py:149} INFO - [2023-06-04T18:17:04.559+0000] {dag.py:3490} INFO - Setting next_dagrun for example_weekday_branch_operator to 2023-06-03T00:00:00+00:00, run_after=2023-06-04T00:00:00+00:00
[2023-06-04T18:17:04.573+0000] {processor.py:179} INFO - Processing /home/airflow/.local/lib/python3.7/site-packages/airflow/example_dags/example_branch_day_of_week_operator.py took 0.051 seconds
