[2023-06-04T18:15:02.348+0000] {processor.py:157} INFO - Started process (PID=10717) to work on /home/airflow/.local/lib/python3.7/site-packages/airflow/example_dags/example_complex.py
[2023-06-04T18:15:02.348+0000] {processor.py:826} INFO - Processing file /home/airflow/.local/lib/python3.7/site-packages/airflow/example_dags/example_complex.py for tasks to queue
[2023-06-04T18:15:02.349+0000] {logging_mixin.py:149} INFO - [2023-06-04T18:15:02.349+0000] {dagbag.py:541} INFO - Filling up the DagBag from /home/airflow/.local/lib/python3.7/site-packages/airflow/example_dags/example_complex.py
[2023-06-04T18:15:02.355+0000] {logging_mixin.py:149} INFO - [2023-06-04T18:15:02.355+0000] {taskmixin.py:211} WARNING - Dependency <Task(BashOperator): create_entry_group>, delete_entry_group already registered for DAG: example_complex
[2023-06-04T18:15:02.355+0000] {logging_mixin.py:149} INFO - [2023-06-04T18:15:02.355+0000] {taskmixin.py:211} WARNING - Dependency <Task(BashOperator): delete_entry_group>, create_entry_group already registered for DAG: example_complex
[2023-06-04T18:15:02.355+0000] {logging_mixin.py:149} INFO - [2023-06-04T18:15:02.355+0000] {taskmixin.py:211} WARNING - Dependency <Task(BashOperator): create_entry_gcs>, delete_entry already registered for DAG: example_complex
[2023-06-04T18:15:02.355+0000] {logging_mixin.py:149} INFO - [2023-06-04T18:15:02.355+0000] {taskmixin.py:211} WARNING - Dependency <Task(BashOperator): delete_entry>, create_entry_gcs already registered for DAG: example_complex
[2023-06-04T18:15:02.355+0000] {logging_mixin.py:149} INFO - [2023-06-04T18:15:02.355+0000] {taskmixin.py:211} WARNING - Dependency <Task(BashOperator): create_tag>, delete_tag already registered for DAG: example_complex
[2023-06-04T18:15:02.355+0000] {logging_mixin.py:149} INFO - [2023-06-04T18:15:02.355+0000] {taskmixin.py:211} WARNING - Dependency <Task(BashOperator): delete_tag>, create_tag already registered for DAG: example_complex
[2023-06-04T18:15:02.356+0000] {processor.py:836} INFO - DAG(s) dict_keys(['example_complex']) retrieved from /home/airflow/.local/lib/python3.7/site-packages/airflow/example_dags/example_complex.py
[2023-06-04T18:15:02.378+0000] {logging_mixin.py:149} INFO - [2023-06-04T18:15:02.378+0000] {dag.py:2726} INFO - Sync 1 DAGs
[2023-06-04T18:15:02.393+0000] {logging_mixin.py:149} INFO - [2023-06-04T18:15:02.393+0000] {dag.py:3490} INFO - Setting next_dagrun for example_complex to None, run_after=None
[2023-06-04T18:15:02.405+0000] {processor.py:179} INFO - Processing /home/airflow/.local/lib/python3.7/site-packages/airflow/example_dags/example_complex.py took 0.059 seconds
[2023-06-04T18:15:33.429+0000] {processor.py:157} INFO - Started process (PID=10786) to work on /home/airflow/.local/lib/python3.7/site-packages/airflow/example_dags/example_complex.py
[2023-06-04T18:15:33.430+0000] {processor.py:826} INFO - Processing file /home/airflow/.local/lib/python3.7/site-packages/airflow/example_dags/example_complex.py for tasks to queue
[2023-06-04T18:15:33.430+0000] {logging_mixin.py:149} INFO - [2023-06-04T18:15:33.430+0000] {dagbag.py:541} INFO - Filling up the DagBag from /home/airflow/.local/lib/python3.7/site-packages/airflow/example_dags/example_complex.py
[2023-06-04T18:15:33.436+0000] {logging_mixin.py:149} INFO - [2023-06-04T18:15:33.436+0000] {taskmixin.py:211} WARNING - Dependency <Task(BashOperator): create_entry_group>, delete_entry_group already registered for DAG: example_complex
[2023-06-04T18:15:33.436+0000] {logging_mixin.py:149} INFO - [2023-06-04T18:15:33.436+0000] {taskmixin.py:211} WARNING - Dependency <Task(BashOperator): delete_entry_group>, create_entry_group already registered for DAG: example_complex
[2023-06-04T18:15:33.436+0000] {logging_mixin.py:149} INFO - [2023-06-04T18:15:33.436+0000] {taskmixin.py:211} WARNING - Dependency <Task(BashOperator): create_entry_gcs>, delete_entry already registered for DAG: example_complex
[2023-06-04T18:15:33.436+0000] {logging_mixin.py:149} INFO - [2023-06-04T18:15:33.436+0000] {taskmixin.py:211} WARNING - Dependency <Task(BashOperator): delete_entry>, create_entry_gcs already registered for DAG: example_complex
[2023-06-04T18:15:33.437+0000] {logging_mixin.py:149} INFO - [2023-06-04T18:15:33.437+0000] {taskmixin.py:211} WARNING - Dependency <Task(BashOperator): create_tag>, delete_tag already registered for DAG: example_complex
[2023-06-04T18:15:33.437+0000] {logging_mixin.py:149} INFO - [2023-06-04T18:15:33.437+0000] {taskmixin.py:211} WARNING - Dependency <Task(BashOperator): delete_tag>, create_tag already registered for DAG: example_complex
[2023-06-04T18:15:33.437+0000] {processor.py:836} INFO - DAG(s) dict_keys(['example_complex']) retrieved from /home/airflow/.local/lib/python3.7/site-packages/airflow/example_dags/example_complex.py
[2023-06-04T18:15:33.467+0000] {logging_mixin.py:149} INFO - [2023-06-04T18:15:33.467+0000] {dag.py:2726} INFO - Sync 1 DAGs
[2023-06-04T18:15:33.484+0000] {logging_mixin.py:149} INFO - [2023-06-04T18:15:33.484+0000] {dag.py:3490} INFO - Setting next_dagrun for example_complex to None, run_after=None
[2023-06-04T18:15:33.496+0000] {processor.py:179} INFO - Processing /home/airflow/.local/lib/python3.7/site-packages/airflow/example_dags/example_complex.py took 0.068 seconds
[2023-06-04T18:16:04.479+0000] {processor.py:157} INFO - Started process (PID=10862) to work on /home/airflow/.local/lib/python3.7/site-packages/airflow/example_dags/example_complex.py
[2023-06-04T18:16:04.480+0000] {processor.py:826} INFO - Processing file /home/airflow/.local/lib/python3.7/site-packages/airflow/example_dags/example_complex.py for tasks to queue
[2023-06-04T18:16:04.480+0000] {logging_mixin.py:149} INFO - [2023-06-04T18:16:04.480+0000] {dagbag.py:541} INFO - Filling up the DagBag from /home/airflow/.local/lib/python3.7/site-packages/airflow/example_dags/example_complex.py
[2023-06-04T18:16:04.486+0000] {logging_mixin.py:149} INFO - [2023-06-04T18:16:04.486+0000] {taskmixin.py:211} WARNING - Dependency <Task(BashOperator): create_entry_group>, delete_entry_group already registered for DAG: example_complex
[2023-06-04T18:16:04.486+0000] {logging_mixin.py:149} INFO - [2023-06-04T18:16:04.486+0000] {taskmixin.py:211} WARNING - Dependency <Task(BashOperator): delete_entry_group>, create_entry_group already registered for DAG: example_complex
[2023-06-04T18:16:04.486+0000] {logging_mixin.py:149} INFO - [2023-06-04T18:16:04.486+0000] {taskmixin.py:211} WARNING - Dependency <Task(BashOperator): create_entry_gcs>, delete_entry already registered for DAG: example_complex
[2023-06-04T18:16:04.486+0000] {logging_mixin.py:149} INFO - [2023-06-04T18:16:04.486+0000] {taskmixin.py:211} WARNING - Dependency <Task(BashOperator): delete_entry>, create_entry_gcs already registered for DAG: example_complex
[2023-06-04T18:16:04.486+0000] {logging_mixin.py:149} INFO - [2023-06-04T18:16:04.486+0000] {taskmixin.py:211} WARNING - Dependency <Task(BashOperator): create_tag>, delete_tag already registered for DAG: example_complex
[2023-06-04T18:16:04.486+0000] {logging_mixin.py:149} INFO - [2023-06-04T18:16:04.486+0000] {taskmixin.py:211} WARNING - Dependency <Task(BashOperator): delete_tag>, create_tag already registered for DAG: example_complex
[2023-06-04T18:16:04.487+0000] {processor.py:836} INFO - DAG(s) dict_keys(['example_complex']) retrieved from /home/airflow/.local/lib/python3.7/site-packages/airflow/example_dags/example_complex.py
[2023-06-04T18:16:04.508+0000] {logging_mixin.py:149} INFO - [2023-06-04T18:16:04.507+0000] {dag.py:2726} INFO - Sync 1 DAGs
[2023-06-04T18:16:04.523+0000] {logging_mixin.py:149} INFO - [2023-06-04T18:16:04.523+0000] {dag.py:3490} INFO - Setting next_dagrun for example_complex to None, run_after=None
[2023-06-04T18:16:04.535+0000] {processor.py:179} INFO - Processing /home/airflow/.local/lib/python3.7/site-packages/airflow/example_dags/example_complex.py took 0.058 seconds
[2023-06-04T18:16:34.845+0000] {processor.py:157} INFO - Started process (PID=10931) to work on /home/airflow/.local/lib/python3.7/site-packages/airflow/example_dags/example_complex.py
[2023-06-04T18:16:34.846+0000] {processor.py:826} INFO - Processing file /home/airflow/.local/lib/python3.7/site-packages/airflow/example_dags/example_complex.py for tasks to queue
[2023-06-04T18:16:34.846+0000] {logging_mixin.py:149} INFO - [2023-06-04T18:16:34.846+0000] {dagbag.py:541} INFO - Filling up the DagBag from /home/airflow/.local/lib/python3.7/site-packages/airflow/example_dags/example_complex.py
[2023-06-04T18:16:34.852+0000] {logging_mixin.py:149} INFO - [2023-06-04T18:16:34.852+0000] {taskmixin.py:211} WARNING - Dependency <Task(BashOperator): create_entry_group>, delete_entry_group already registered for DAG: example_complex
[2023-06-04T18:16:34.852+0000] {logging_mixin.py:149} INFO - [2023-06-04T18:16:34.852+0000] {taskmixin.py:211} WARNING - Dependency <Task(BashOperator): delete_entry_group>, create_entry_group already registered for DAG: example_complex
[2023-06-04T18:16:34.852+0000] {logging_mixin.py:149} INFO - [2023-06-04T18:16:34.852+0000] {taskmixin.py:211} WARNING - Dependency <Task(BashOperator): create_entry_gcs>, delete_entry already registered for DAG: example_complex
[2023-06-04T18:16:34.852+0000] {logging_mixin.py:149} INFO - [2023-06-04T18:16:34.852+0000] {taskmixin.py:211} WARNING - Dependency <Task(BashOperator): delete_entry>, create_entry_gcs already registered for DAG: example_complex
[2023-06-04T18:16:34.852+0000] {logging_mixin.py:149} INFO - [2023-06-04T18:16:34.852+0000] {taskmixin.py:211} WARNING - Dependency <Task(BashOperator): create_tag>, delete_tag already registered for DAG: example_complex
[2023-06-04T18:16:34.852+0000] {logging_mixin.py:149} INFO - [2023-06-04T18:16:34.852+0000] {taskmixin.py:211} WARNING - Dependency <Task(BashOperator): delete_tag>, create_tag already registered for DAG: example_complex
[2023-06-04T18:16:34.853+0000] {processor.py:836} INFO - DAG(s) dict_keys(['example_complex']) retrieved from /home/airflow/.local/lib/python3.7/site-packages/airflow/example_dags/example_complex.py
[2023-06-04T18:16:34.873+0000] {logging_mixin.py:149} INFO - [2023-06-04T18:16:34.873+0000] {dag.py:2726} INFO - Sync 1 DAGs
[2023-06-04T18:16:34.888+0000] {logging_mixin.py:149} INFO - [2023-06-04T18:16:34.888+0000] {dag.py:3490} INFO - Setting next_dagrun for example_complex to None, run_after=None
[2023-06-04T18:16:34.900+0000] {processor.py:179} INFO - Processing /home/airflow/.local/lib/python3.7/site-packages/airflow/example_dags/example_complex.py took 0.056 seconds
[2023-06-04T18:17:04.951+0000] {processor.py:157} INFO - Started process (PID=10999) to work on /home/airflow/.local/lib/python3.7/site-packages/airflow/example_dags/example_complex.py
[2023-06-04T18:17:04.951+0000] {processor.py:826} INFO - Processing file /home/airflow/.local/lib/python3.7/site-packages/airflow/example_dags/example_complex.py for tasks to queue
[2023-06-04T18:17:04.952+0000] {logging_mixin.py:149} INFO - [2023-06-04T18:17:04.952+0000] {dagbag.py:541} INFO - Filling up the DagBag from /home/airflow/.local/lib/python3.7/site-packages/airflow/example_dags/example_complex.py
[2023-06-04T18:17:04.957+0000] {logging_mixin.py:149} INFO - [2023-06-04T18:17:04.957+0000] {taskmixin.py:211} WARNING - Dependency <Task(BashOperator): create_entry_group>, delete_entry_group already registered for DAG: example_complex
[2023-06-04T18:17:04.957+0000] {logging_mixin.py:149} INFO - [2023-06-04T18:17:04.957+0000] {taskmixin.py:211} WARNING - Dependency <Task(BashOperator): delete_entry_group>, create_entry_group already registered for DAG: example_complex
[2023-06-04T18:17:04.957+0000] {logging_mixin.py:149} INFO - [2023-06-04T18:17:04.957+0000] {taskmixin.py:211} WARNING - Dependency <Task(BashOperator): create_entry_gcs>, delete_entry already registered for DAG: example_complex
[2023-06-04T18:17:04.957+0000] {logging_mixin.py:149} INFO - [2023-06-04T18:17:04.957+0000] {taskmixin.py:211} WARNING - Dependency <Task(BashOperator): delete_entry>, create_entry_gcs already registered for DAG: example_complex
[2023-06-04T18:17:04.958+0000] {logging_mixin.py:149} INFO - [2023-06-04T18:17:04.958+0000] {taskmixin.py:211} WARNING - Dependency <Task(BashOperator): create_tag>, delete_tag already registered for DAG: example_complex
[2023-06-04T18:17:04.958+0000] {logging_mixin.py:149} INFO - [2023-06-04T18:17:04.958+0000] {taskmixin.py:211} WARNING - Dependency <Task(BashOperator): delete_tag>, create_tag already registered for DAG: example_complex
[2023-06-04T18:17:04.959+0000] {processor.py:836} INFO - DAG(s) dict_keys(['example_complex']) retrieved from /home/airflow/.local/lib/python3.7/site-packages/airflow/example_dags/example_complex.py
[2023-06-04T18:17:04.979+0000] {logging_mixin.py:149} INFO - [2023-06-04T18:17:04.979+0000] {dag.py:2726} INFO - Sync 1 DAGs
[2023-06-04T18:17:04.992+0000] {logging_mixin.py:149} INFO - [2023-06-04T18:17:04.992+0000] {dag.py:3490} INFO - Setting next_dagrun for example_complex to None, run_after=None
[2023-06-04T18:17:05.004+0000] {processor.py:179} INFO - Processing /home/airflow/.local/lib/python3.7/site-packages/airflow/example_dags/example_complex.py took 0.055 seconds
