[2023-06-04T18:15:01.838+0000] {processor.py:157} INFO - Started process (PID=10705) to work on /home/airflow/.local/lib/python3.7/site-packages/airflow/example_dags/example_kubernetes_executor.py
[2023-06-04T18:15:01.838+0000] {processor.py:826} INFO - Processing file /home/airflow/.local/lib/python3.7/site-packages/airflow/example_dags/example_kubernetes_executor.py for tasks to queue
[2023-06-04T18:15:01.839+0000] {logging_mixin.py:149} INFO - [2023-06-04T18:15:01.838+0000] {dagbag.py:541} INFO - Filling up the DagBag from /home/airflow/.local/lib/python3.7/site-packages/airflow/example_dags/example_kubernetes_executor.py
[2023-06-04T18:15:01.988+0000] {processor.py:836} INFO - DAG(s) dict_keys(['example_kubernetes_executor']) retrieved from /home/airflow/.local/lib/python3.7/site-packages/airflow/example_dags/example_kubernetes_executor.py
[2023-06-04T18:15:02.013+0000] {logging_mixin.py:149} INFO - [2023-06-04T18:15:02.013+0000] {dag.py:2726} INFO - Sync 1 DAGs
[2023-06-04T18:15:02.029+0000] {logging_mixin.py:149} INFO - [2023-06-04T18:15:02.029+0000] {dag.py:3490} INFO - Setting next_dagrun for example_kubernetes_executor to None, run_after=None
[2023-06-04T18:15:02.042+0000] {processor.py:179} INFO - Processing /home/airflow/.local/lib/python3.7/site-packages/airflow/example_dags/example_kubernetes_executor.py took 0.206 seconds
[2023-06-04T18:15:32.968+0000] {processor.py:157} INFO - Started process (PID=10775) to work on /home/airflow/.local/lib/python3.7/site-packages/airflow/example_dags/example_kubernetes_executor.py
[2023-06-04T18:15:32.971+0000] {processor.py:826} INFO - Processing file /home/airflow/.local/lib/python3.7/site-packages/airflow/example_dags/example_kubernetes_executor.py for tasks to queue
[2023-06-04T18:15:32.972+0000] {logging_mixin.py:149} INFO - [2023-06-04T18:15:32.972+0000] {dagbag.py:541} INFO - Filling up the DagBag from /home/airflow/.local/lib/python3.7/site-packages/airflow/example_dags/example_kubernetes_executor.py
[2023-06-04T18:15:33.101+0000] {processor.py:836} INFO - DAG(s) dict_keys(['example_kubernetes_executor']) retrieved from /home/airflow/.local/lib/python3.7/site-packages/airflow/example_dags/example_kubernetes_executor.py
[2023-06-04T18:15:33.122+0000] {logging_mixin.py:149} INFO - [2023-06-04T18:15:33.122+0000] {dag.py:2726} INFO - Sync 1 DAGs
[2023-06-04T18:15:33.138+0000] {logging_mixin.py:149} INFO - [2023-06-04T18:15:33.138+0000] {dag.py:3490} INFO - Setting next_dagrun for example_kubernetes_executor to None, run_after=None
[2023-06-04T18:15:33.150+0000] {processor.py:179} INFO - Processing /home/airflow/.local/lib/python3.7/site-packages/airflow/example_dags/example_kubernetes_executor.py took 0.183 seconds
[2023-06-04T18:16:04.036+0000] {processor.py:157} INFO - Started process (PID=10851) to work on /home/airflow/.local/lib/python3.7/site-packages/airflow/example_dags/example_kubernetes_executor.py
[2023-06-04T18:16:04.039+0000] {processor.py:826} INFO - Processing file /home/airflow/.local/lib/python3.7/site-packages/airflow/example_dags/example_kubernetes_executor.py for tasks to queue
[2023-06-04T18:16:04.040+0000] {logging_mixin.py:149} INFO - [2023-06-04T18:16:04.040+0000] {dagbag.py:541} INFO - Filling up the DagBag from /home/airflow/.local/lib/python3.7/site-packages/airflow/example_dags/example_kubernetes_executor.py
[2023-06-04T18:16:04.173+0000] {processor.py:836} INFO - DAG(s) dict_keys(['example_kubernetes_executor']) retrieved from /home/airflow/.local/lib/python3.7/site-packages/airflow/example_dags/example_kubernetes_executor.py
[2023-06-04T18:16:04.197+0000] {logging_mixin.py:149} INFO - [2023-06-04T18:16:04.197+0000] {dag.py:2726} INFO - Sync 1 DAGs
[2023-06-04T18:16:04.212+0000] {logging_mixin.py:149} INFO - [2023-06-04T18:16:04.212+0000] {dag.py:3490} INFO - Setting next_dagrun for example_kubernetes_executor to None, run_after=None
[2023-06-04T18:16:04.224+0000] {processor.py:179} INFO - Processing /home/airflow/.local/lib/python3.7/site-packages/airflow/example_dags/example_kubernetes_executor.py took 0.193 seconds
[2023-06-04T18:16:34.377+0000] {processor.py:157} INFO - Started process (PID=10920) to work on /home/airflow/.local/lib/python3.7/site-packages/airflow/example_dags/example_kubernetes_executor.py
[2023-06-04T18:16:34.378+0000] {processor.py:826} INFO - Processing file /home/airflow/.local/lib/python3.7/site-packages/airflow/example_dags/example_kubernetes_executor.py for tasks to queue
[2023-06-04T18:16:34.378+0000] {logging_mixin.py:149} INFO - [2023-06-04T18:16:34.378+0000] {dagbag.py:541} INFO - Filling up the DagBag from /home/airflow/.local/lib/python3.7/site-packages/airflow/example_dags/example_kubernetes_executor.py
[2023-06-04T18:16:34.506+0000] {processor.py:836} INFO - DAG(s) dict_keys(['example_kubernetes_executor']) retrieved from /home/airflow/.local/lib/python3.7/site-packages/airflow/example_dags/example_kubernetes_executor.py
[2023-06-04T18:16:34.528+0000] {logging_mixin.py:149} INFO - [2023-06-04T18:16:34.528+0000] {dag.py:2726} INFO - Sync 1 DAGs
[2023-06-04T18:16:34.543+0000] {logging_mixin.py:149} INFO - [2023-06-04T18:16:34.543+0000] {dag.py:3490} INFO - Setting next_dagrun for example_kubernetes_executor to None, run_after=None
[2023-06-04T18:16:34.554+0000] {processor.py:179} INFO - Processing /home/airflow/.local/lib/python3.7/site-packages/airflow/example_dags/example_kubernetes_executor.py took 0.179 seconds
[2023-06-04T18:17:04.585+0000] {processor.py:157} INFO - Started process (PID=10991) to work on /home/airflow/.local/lib/python3.7/site-packages/airflow/example_dags/example_kubernetes_executor.py
[2023-06-04T18:17:04.586+0000] {processor.py:826} INFO - Processing file /home/airflow/.local/lib/python3.7/site-packages/airflow/example_dags/example_kubernetes_executor.py for tasks to queue
[2023-06-04T18:17:04.587+0000] {logging_mixin.py:149} INFO - [2023-06-04T18:17:04.586+0000] {dagbag.py:541} INFO - Filling up the DagBag from /home/airflow/.local/lib/python3.7/site-packages/airflow/example_dags/example_kubernetes_executor.py
[2023-06-04T18:17:04.716+0000] {processor.py:836} INFO - DAG(s) dict_keys(['example_kubernetes_executor']) retrieved from /home/airflow/.local/lib/python3.7/site-packages/airflow/example_dags/example_kubernetes_executor.py
[2023-06-04T18:17:04.739+0000] {logging_mixin.py:149} INFO - [2023-06-04T18:17:04.739+0000] {dag.py:2726} INFO - Sync 1 DAGs
[2023-06-04T18:17:04.755+0000] {logging_mixin.py:149} INFO - [2023-06-04T18:17:04.755+0000] {dag.py:3490} INFO - Setting next_dagrun for example_kubernetes_executor to None, run_after=None
[2023-06-04T18:17:04.767+0000] {processor.py:179} INFO - Processing /home/airflow/.local/lib/python3.7/site-packages/airflow/example_dags/example_kubernetes_executor.py took 0.183 seconds
