[2023-06-04T18:15:01.385+0000] {processor.py:157} INFO - Started process (PID=10697) to work on /home/airflow/.local/lib/python3.7/site-packages/airflow/example_dags/example_short_circuit_decorator.py
[2023-06-04T18:15:01.385+0000] {processor.py:826} INFO - Processing file /home/airflow/.local/lib/python3.7/site-packages/airflow/example_dags/example_short_circuit_decorator.py for tasks to queue
[2023-06-04T18:15:01.386+0000] {logging_mixin.py:149} INFO - [2023-06-04T18:15:01.386+0000] {dagbag.py:541} INFO - Filling up the DagBag from /home/airflow/.local/lib/python3.7/site-packages/airflow/example_dags/example_short_circuit_decorator.py
[2023-06-04T18:15:01.396+0000] {processor.py:836} INFO - DAG(s) dict_keys(['example_short_circuit_decorator']) retrieved from /home/airflow/.local/lib/python3.7/site-packages/airflow/example_dags/example_short_circuit_decorator.py
[2023-06-04T18:15:01.428+0000] {logging_mixin.py:149} INFO - [2023-06-04T18:15:01.428+0000] {dag.py:2726} INFO - Sync 1 DAGs
[2023-06-04T18:15:01.462+0000] {logging_mixin.py:149} INFO - [2023-06-04T18:15:01.462+0000] {dag.py:3490} INFO - Setting next_dagrun for example_short_circuit_decorator to 2023-06-03T18:15:01.462073+00:00, run_after=2023-06-04T18:15:01.462073+00:00
[2023-06-04T18:15:01.483+0000] {processor.py:179} INFO - Processing /home/airflow/.local/lib/python3.7/site-packages/airflow/example_dags/example_short_circuit_decorator.py took 0.101 seconds
[2023-06-04T18:15:31.591+0000] {processor.py:157} INFO - Started process (PID=10766) to work on /home/airflow/.local/lib/python3.7/site-packages/airflow/example_dags/example_short_circuit_decorator.py
[2023-06-04T18:15:31.591+0000] {processor.py:826} INFO - Processing file /home/airflow/.local/lib/python3.7/site-packages/airflow/example_dags/example_short_circuit_decorator.py for tasks to queue
[2023-06-04T18:15:31.592+0000] {logging_mixin.py:149} INFO - [2023-06-04T18:15:31.592+0000] {dagbag.py:541} INFO - Filling up the DagBag from /home/airflow/.local/lib/python3.7/site-packages/airflow/example_dags/example_short_circuit_decorator.py
[2023-06-04T18:15:31.597+0000] {processor.py:836} INFO - DAG(s) dict_keys(['example_short_circuit_decorator']) retrieved from /home/airflow/.local/lib/python3.7/site-packages/airflow/example_dags/example_short_circuit_decorator.py
[2023-06-04T18:15:31.613+0000] {logging_mixin.py:149} INFO - [2023-06-04T18:15:31.612+0000] {dag.py:2726} INFO - Sync 1 DAGs
[2023-06-04T18:15:31.627+0000] {logging_mixin.py:149} INFO - [2023-06-04T18:15:31.627+0000] {dag.py:3490} INFO - Setting next_dagrun for example_short_circuit_decorator to 2023-06-03T18:15:31.627588+00:00, run_after=2023-06-04T18:15:31.627588+00:00
[2023-06-04T18:15:31.640+0000] {processor.py:179} INFO - Processing /home/airflow/.local/lib/python3.7/site-packages/airflow/example_dags/example_short_circuit_decorator.py took 0.051 seconds
[2023-06-04T18:16:02.679+0000] {processor.py:157} INFO - Started process (PID=10835) to work on /home/airflow/.local/lib/python3.7/site-packages/airflow/example_dags/example_short_circuit_decorator.py
[2023-06-04T18:16:02.680+0000] {processor.py:826} INFO - Processing file /home/airflow/.local/lib/python3.7/site-packages/airflow/example_dags/example_short_circuit_decorator.py for tasks to queue
[2023-06-04T18:16:02.680+0000] {logging_mixin.py:149} INFO - [2023-06-04T18:16:02.680+0000] {dagbag.py:541} INFO - Filling up the DagBag from /home/airflow/.local/lib/python3.7/site-packages/airflow/example_dags/example_short_circuit_decorator.py
[2023-06-04T18:16:02.686+0000] {processor.py:836} INFO - DAG(s) dict_keys(['example_short_circuit_decorator']) retrieved from /home/airflow/.local/lib/python3.7/site-packages/airflow/example_dags/example_short_circuit_decorator.py
[2023-06-04T18:16:02.703+0000] {logging_mixin.py:149} INFO - [2023-06-04T18:16:02.703+0000] {dag.py:2726} INFO - Sync 1 DAGs
[2023-06-04T18:16:02.723+0000] {logging_mixin.py:149} INFO - [2023-06-04T18:16:02.722+0000] {dag.py:3490} INFO - Setting next_dagrun for example_short_circuit_decorator to 2023-06-03T18:16:02.722814+00:00, run_after=2023-06-04T18:16:02.722814+00:00
[2023-06-04T18:16:02.735+0000] {processor.py:179} INFO - Processing /home/airflow/.local/lib/python3.7/site-packages/airflow/example_dags/example_short_circuit_decorator.py took 0.058 seconds
[2023-06-04T18:16:33.034+0000] {processor.py:157} INFO - Started process (PID=10904) to work on /home/airflow/.local/lib/python3.7/site-packages/airflow/example_dags/example_short_circuit_decorator.py
[2023-06-04T18:16:33.035+0000] {processor.py:826} INFO - Processing file /home/airflow/.local/lib/python3.7/site-packages/airflow/example_dags/example_short_circuit_decorator.py for tasks to queue
[2023-06-04T18:16:33.036+0000] {logging_mixin.py:149} INFO - [2023-06-04T18:16:33.036+0000] {dagbag.py:541} INFO - Filling up the DagBag from /home/airflow/.local/lib/python3.7/site-packages/airflow/example_dags/example_short_circuit_decorator.py
[2023-06-04T18:16:33.041+0000] {processor.py:836} INFO - DAG(s) dict_keys(['example_short_circuit_decorator']) retrieved from /home/airflow/.local/lib/python3.7/site-packages/airflow/example_dags/example_short_circuit_decorator.py
[2023-06-04T18:16:33.058+0000] {logging_mixin.py:149} INFO - [2023-06-04T18:16:33.058+0000] {dag.py:2726} INFO - Sync 1 DAGs
[2023-06-04T18:16:33.075+0000] {logging_mixin.py:149} INFO - [2023-06-04T18:16:33.074+0000] {dag.py:3490} INFO - Setting next_dagrun for example_short_circuit_decorator to 2023-06-03T18:16:33.074741+00:00, run_after=2023-06-04T18:16:33.074741+00:00
[2023-06-04T18:16:33.087+0000] {processor.py:179} INFO - Processing /home/airflow/.local/lib/python3.7/site-packages/airflow/example_dags/example_short_circuit_decorator.py took 0.054 seconds
[2023-06-04T18:17:04.067+0000] {processor.py:157} INFO - Started process (PID=10980) to work on /home/airflow/.local/lib/python3.7/site-packages/airflow/example_dags/example_short_circuit_decorator.py
[2023-06-04T18:17:04.068+0000] {processor.py:826} INFO - Processing file /home/airflow/.local/lib/python3.7/site-packages/airflow/example_dags/example_short_circuit_decorator.py for tasks to queue
[2023-06-04T18:17:04.068+0000] {logging_mixin.py:149} INFO - [2023-06-04T18:17:04.068+0000] {dagbag.py:541} INFO - Filling up the DagBag from /home/airflow/.local/lib/python3.7/site-packages/airflow/example_dags/example_short_circuit_decorator.py
[2023-06-04T18:17:04.073+0000] {processor.py:836} INFO - DAG(s) dict_keys(['example_short_circuit_decorator']) retrieved from /home/airflow/.local/lib/python3.7/site-packages/airflow/example_dags/example_short_circuit_decorator.py
[2023-06-04T18:17:04.089+0000] {logging_mixin.py:149} INFO - [2023-06-04T18:17:04.089+0000] {dag.py:2726} INFO - Sync 1 DAGs
[2023-06-04T18:17:04.105+0000] {logging_mixin.py:149} INFO - [2023-06-04T18:17:04.105+0000] {dag.py:3490} INFO - Setting next_dagrun for example_short_circuit_decorator to 2023-06-03T18:17:04.105317+00:00, run_after=2023-06-04T18:17:04.105317+00:00
[2023-06-04T18:17:04.116+0000] {processor.py:179} INFO - Processing /home/airflow/.local/lib/python3.7/site-packages/airflow/example_dags/example_short_circuit_decorator.py took 0.051 seconds
