[2023-06-04T18:15:01.579+0000] {processor.py:157} INFO - Started process (PID=10700) to work on /home/airflow/.local/lib/python3.7/site-packages/airflow/example_dags/example_datasets.py
[2023-06-04T18:15:01.579+0000] {processor.py:826} INFO - Processing file /home/airflow/.local/lib/python3.7/site-packages/airflow/example_dags/example_datasets.py for tasks to queue
[2023-06-04T18:15:01.580+0000] {logging_mixin.py:149} INFO - [2023-06-04T18:15:01.580+0000] {dagbag.py:541} INFO - Filling up the DagBag from /home/airflow/.local/lib/python3.7/site-packages/airflow/example_dags/example_datasets.py
[2023-06-04T18:15:01.586+0000] {processor.py:836} INFO - DAG(s) dict_keys(['dataset_produces_2', 'dataset_consumes_1_and_2', 'dataset_produces_1', 'dataset_consumes_1_never_scheduled', 'dataset_consumes_unknown_never_scheduled', 'dataset_consumes_1']) retrieved from /home/airflow/.local/lib/python3.7/site-packages/airflow/example_dags/example_datasets.py
[2023-06-04T18:15:01.626+0000] {logging_mixin.py:149} INFO - [2023-06-04T18:15:01.626+0000] {dag.py:2726} INFO - Sync 6 DAGs
[2023-06-04T18:15:01.668+0000] {logging_mixin.py:149} INFO - [2023-06-04T18:15:01.668+0000] {dag.py:3490} INFO - Setting next_dagrun for dataset_consumes_1 to None, run_after=None
[2023-06-04T18:15:01.673+0000] {logging_mixin.py:149} INFO - [2023-06-04T18:15:01.673+0000] {dag.py:3490} INFO - Setting next_dagrun for dataset_consumes_1_and_2 to None, run_after=None
[2023-06-04T18:15:01.675+0000] {logging_mixin.py:149} INFO - [2023-06-04T18:15:01.674+0000] {dag.py:3490} INFO - Setting next_dagrun for dataset_consumes_1_never_scheduled to None, run_after=None
[2023-06-04T18:15:01.676+0000] {logging_mixin.py:149} INFO - [2023-06-04T18:15:01.676+0000] {dag.py:3490} INFO - Setting next_dagrun for dataset_consumes_unknown_never_scheduled to None, run_after=None
[2023-06-04T18:15:01.680+0000] {logging_mixin.py:149} INFO - [2023-06-04T18:15:01.679+0000] {dag.py:3490} INFO - Setting next_dagrun for dataset_produces_1 to 2023-06-03T00:00:00+00:00, run_after=2023-06-04T00:00:00+00:00
[2023-06-04T18:15:01.682+0000] {logging_mixin.py:149} INFO - [2023-06-04T18:15:01.681+0000] {dag.py:3490} INFO - Setting next_dagrun for dataset_produces_2 to None, run_after=None
[2023-06-04T18:15:01.728+0000] {processor.py:179} INFO - Processing /home/airflow/.local/lib/python3.7/site-packages/airflow/example_dags/example_datasets.py took 0.151 seconds
[2023-06-04T18:15:31.749+0000] {processor.py:157} INFO - Started process (PID=10769) to work on /home/airflow/.local/lib/python3.7/site-packages/airflow/example_dags/example_datasets.py
[2023-06-04T18:15:31.749+0000] {processor.py:826} INFO - Processing file /home/airflow/.local/lib/python3.7/site-packages/airflow/example_dags/example_datasets.py for tasks to queue
[2023-06-04T18:15:31.750+0000] {logging_mixin.py:149} INFO - [2023-06-04T18:15:31.750+0000] {dagbag.py:541} INFO - Filling up the DagBag from /home/airflow/.local/lib/python3.7/site-packages/airflow/example_dags/example_datasets.py
[2023-06-04T18:15:31.755+0000] {processor.py:836} INFO - DAG(s) dict_keys(['dataset_consumes_unknown_never_scheduled', 'dataset_consumes_1_and_2', 'dataset_consumes_1_never_scheduled', 'dataset_produces_2', 'dataset_consumes_1', 'dataset_produces_1']) retrieved from /home/airflow/.local/lib/python3.7/site-packages/airflow/example_dags/example_datasets.py
[2023-06-04T18:15:31.778+0000] {logging_mixin.py:149} INFO - [2023-06-04T18:15:31.778+0000] {dag.py:2726} INFO - Sync 6 DAGs
[2023-06-04T18:15:31.793+0000] {logging_mixin.py:149} INFO - [2023-06-04T18:15:31.793+0000] {dag.py:3490} INFO - Setting next_dagrun for dataset_consumes_1 to None, run_after=None
[2023-06-04T18:15:31.795+0000] {logging_mixin.py:149} INFO - [2023-06-04T18:15:31.795+0000] {dag.py:3490} INFO - Setting next_dagrun for dataset_consumes_1_and_2 to None, run_after=None
[2023-06-04T18:15:31.796+0000] {logging_mixin.py:149} INFO - [2023-06-04T18:15:31.796+0000] {dag.py:3490} INFO - Setting next_dagrun for dataset_consumes_1_never_scheduled to None, run_after=None
[2023-06-04T18:15:31.796+0000] {logging_mixin.py:149} INFO - [2023-06-04T18:15:31.796+0000] {dag.py:3490} INFO - Setting next_dagrun for dataset_consumes_unknown_never_scheduled to None, run_after=None
[2023-06-04T18:15:31.798+0000] {logging_mixin.py:149} INFO - [2023-06-04T18:15:31.798+0000] {dag.py:3490} INFO - Setting next_dagrun for dataset_produces_1 to 2023-06-03T00:00:00+00:00, run_after=2023-06-04T00:00:00+00:00
[2023-06-04T18:15:31.798+0000] {logging_mixin.py:149} INFO - [2023-06-04T18:15:31.798+0000] {dag.py:3490} INFO - Setting next_dagrun for dataset_produces_2 to None, run_after=None
[2023-06-04T18:15:31.817+0000] {processor.py:179} INFO - Processing /home/airflow/.local/lib/python3.7/site-packages/airflow/example_dags/example_datasets.py took 0.070 seconds
[2023-06-04T18:16:02.804+0000] {processor.py:157} INFO - Started process (PID=10838) to work on /home/airflow/.local/lib/python3.7/site-packages/airflow/example_dags/example_datasets.py
[2023-06-04T18:16:02.805+0000] {processor.py:826} INFO - Processing file /home/airflow/.local/lib/python3.7/site-packages/airflow/example_dags/example_datasets.py for tasks to queue
[2023-06-04T18:16:02.805+0000] {logging_mixin.py:149} INFO - [2023-06-04T18:16:02.805+0000] {dagbag.py:541} INFO - Filling up the DagBag from /home/airflow/.local/lib/python3.7/site-packages/airflow/example_dags/example_datasets.py
[2023-06-04T18:16:02.811+0000] {processor.py:836} INFO - DAG(s) dict_keys(['dataset_produces_2', 'dataset_consumes_1_never_scheduled', 'dataset_consumes_1', 'dataset_consumes_unknown_never_scheduled', 'dataset_consumes_1_and_2', 'dataset_produces_1']) retrieved from /home/airflow/.local/lib/python3.7/site-packages/airflow/example_dags/example_datasets.py
[2023-06-04T18:16:02.836+0000] {logging_mixin.py:149} INFO - [2023-06-04T18:16:02.836+0000] {dag.py:2726} INFO - Sync 6 DAGs
[2023-06-04T18:16:02.853+0000] {logging_mixin.py:149} INFO - [2023-06-04T18:16:02.853+0000] {dag.py:3490} INFO - Setting next_dagrun for dataset_consumes_1 to None, run_after=None
[2023-06-04T18:16:02.856+0000] {logging_mixin.py:149} INFO - [2023-06-04T18:16:02.856+0000] {dag.py:3490} INFO - Setting next_dagrun for dataset_consumes_1_and_2 to None, run_after=None
[2023-06-04T18:16:02.857+0000] {logging_mixin.py:149} INFO - [2023-06-04T18:16:02.857+0000] {dag.py:3490} INFO - Setting next_dagrun for dataset_consumes_1_never_scheduled to None, run_after=None
[2023-06-04T18:16:02.858+0000] {logging_mixin.py:149} INFO - [2023-06-04T18:16:02.858+0000] {dag.py:3490} INFO - Setting next_dagrun for dataset_consumes_unknown_never_scheduled to None, run_after=None
[2023-06-04T18:16:02.860+0000] {logging_mixin.py:149} INFO - [2023-06-04T18:16:02.860+0000] {dag.py:3490} INFO - Setting next_dagrun for dataset_produces_1 to 2023-06-03T00:00:00+00:00, run_after=2023-06-04T00:00:00+00:00
[2023-06-04T18:16:02.861+0000] {logging_mixin.py:149} INFO - [2023-06-04T18:16:02.861+0000] {dag.py:3490} INFO - Setting next_dagrun for dataset_produces_2 to None, run_after=None
[2023-06-04T18:16:02.881+0000] {processor.py:179} INFO - Processing /home/airflow/.local/lib/python3.7/site-packages/airflow/example_dags/example_datasets.py took 0.078 seconds
[2023-06-04T18:16:33.156+0000] {processor.py:157} INFO - Started process (PID=10907) to work on /home/airflow/.local/lib/python3.7/site-packages/airflow/example_dags/example_datasets.py
[2023-06-04T18:16:33.156+0000] {processor.py:826} INFO - Processing file /home/airflow/.local/lib/python3.7/site-packages/airflow/example_dags/example_datasets.py for tasks to queue
[2023-06-04T18:16:33.157+0000] {logging_mixin.py:149} INFO - [2023-06-04T18:16:33.156+0000] {dagbag.py:541} INFO - Filling up the DagBag from /home/airflow/.local/lib/python3.7/site-packages/airflow/example_dags/example_datasets.py
[2023-06-04T18:16:33.162+0000] {processor.py:836} INFO - DAG(s) dict_keys(['dataset_produces_2', 'dataset_consumes_1_never_scheduled', 'dataset_consumes_1', 'dataset_consumes_unknown_never_scheduled', 'dataset_produces_1', 'dataset_consumes_1_and_2']) retrieved from /home/airflow/.local/lib/python3.7/site-packages/airflow/example_dags/example_datasets.py
[2023-06-04T18:16:33.186+0000] {logging_mixin.py:149} INFO - [2023-06-04T18:16:33.186+0000] {dag.py:2726} INFO - Sync 6 DAGs
[2023-06-04T18:16:33.203+0000] {logging_mixin.py:149} INFO - [2023-06-04T18:16:33.203+0000] {dag.py:3490} INFO - Setting next_dagrun for dataset_consumes_1 to None, run_after=None
[2023-06-04T18:16:33.205+0000] {logging_mixin.py:149} INFO - [2023-06-04T18:16:33.205+0000] {dag.py:3490} INFO - Setting next_dagrun for dataset_consumes_1_and_2 to None, run_after=None
[2023-06-04T18:16:33.206+0000] {logging_mixin.py:149} INFO - [2023-06-04T18:16:33.205+0000] {dag.py:3490} INFO - Setting next_dagrun for dataset_consumes_1_never_scheduled to None, run_after=None
[2023-06-04T18:16:33.206+0000] {logging_mixin.py:149} INFO - [2023-06-04T18:16:33.206+0000] {dag.py:3490} INFO - Setting next_dagrun for dataset_consumes_unknown_never_scheduled to None, run_after=None
[2023-06-04T18:16:33.208+0000] {logging_mixin.py:149} INFO - [2023-06-04T18:16:33.208+0000] {dag.py:3490} INFO - Setting next_dagrun for dataset_produces_1 to 2023-06-03T00:00:00+00:00, run_after=2023-06-04T00:00:00+00:00
[2023-06-04T18:16:33.208+0000] {logging_mixin.py:149} INFO - [2023-06-04T18:16:33.208+0000] {dag.py:3490} INFO - Setting next_dagrun for dataset_produces_2 to None, run_after=None
[2023-06-04T18:16:33.227+0000] {processor.py:179} INFO - Processing /home/airflow/.local/lib/python3.7/site-packages/airflow/example_dags/example_datasets.py took 0.074 seconds
[2023-06-04T18:17:04.186+0000] {processor.py:157} INFO - Started process (PID=10983) to work on /home/airflow/.local/lib/python3.7/site-packages/airflow/example_dags/example_datasets.py
[2023-06-04T18:17:04.186+0000] {processor.py:826} INFO - Processing file /home/airflow/.local/lib/python3.7/site-packages/airflow/example_dags/example_datasets.py for tasks to queue
[2023-06-04T18:17:04.187+0000] {logging_mixin.py:149} INFO - [2023-06-04T18:17:04.187+0000] {dagbag.py:541} INFO - Filling up the DagBag from /home/airflow/.local/lib/python3.7/site-packages/airflow/example_dags/example_datasets.py
[2023-06-04T18:17:04.192+0000] {processor.py:836} INFO - DAG(s) dict_keys(['dataset_consumes_1_never_scheduled', 'dataset_produces_2', 'dataset_consumes_unknown_never_scheduled', 'dataset_consumes_1_and_2', 'dataset_consumes_1', 'dataset_produces_1']) retrieved from /home/airflow/.local/lib/python3.7/site-packages/airflow/example_dags/example_datasets.py
[2023-06-04T18:17:04.216+0000] {logging_mixin.py:149} INFO - [2023-06-04T18:17:04.216+0000] {dag.py:2726} INFO - Sync 6 DAGs
[2023-06-04T18:17:04.232+0000] {logging_mixin.py:149} INFO - [2023-06-04T18:17:04.232+0000] {dag.py:3490} INFO - Setting next_dagrun for dataset_consumes_1 to None, run_after=None
[2023-06-04T18:17:04.234+0000] {logging_mixin.py:149} INFO - [2023-06-04T18:17:04.234+0000] {dag.py:3490} INFO - Setting next_dagrun for dataset_consumes_1_and_2 to None, run_after=None
[2023-06-04T18:17:04.235+0000] {logging_mixin.py:149} INFO - [2023-06-04T18:17:04.235+0000] {dag.py:3490} INFO - Setting next_dagrun for dataset_consumes_1_never_scheduled to None, run_after=None
[2023-06-04T18:17:04.236+0000] {logging_mixin.py:149} INFO - [2023-06-04T18:17:04.236+0000] {dag.py:3490} INFO - Setting next_dagrun for dataset_consumes_unknown_never_scheduled to None, run_after=None
[2023-06-04T18:17:04.238+0000] {logging_mixin.py:149} INFO - [2023-06-04T18:17:04.237+0000] {dag.py:3490} INFO - Setting next_dagrun for dataset_produces_1 to 2023-06-03T00:00:00+00:00, run_after=2023-06-04T00:00:00+00:00
[2023-06-04T18:17:04.238+0000] {logging_mixin.py:149} INFO - [2023-06-04T18:17:04.238+0000] {dag.py:3490} INFO - Setting next_dagrun for dataset_produces_2 to None, run_after=None
[2023-06-04T18:17:04.258+0000] {processor.py:179} INFO - Processing /home/airflow/.local/lib/python3.7/site-packages/airflow/example_dags/example_datasets.py took 0.074 seconds
