[2023-06-04T18:15:01.751+0000] {processor.py:157} INFO - Started process (PID=10702) to work on /home/airflow/.local/lib/python3.7/site-packages/airflow/example_dags/example_short_circuit_operator.py
[2023-06-04T18:15:01.752+0000] {processor.py:826} INFO - Processing file /home/airflow/.local/lib/python3.7/site-packages/airflow/example_dags/example_short_circuit_operator.py for tasks to queue
[2023-06-04T18:15:01.753+0000] {logging_mixin.py:149} INFO - [2023-06-04T18:15:01.753+0000] {dagbag.py:541} INFO - Filling up the DagBag from /home/airflow/.local/lib/python3.7/site-packages/airflow/example_dags/example_short_circuit_operator.py
[2023-06-04T18:15:01.763+0000] {processor.py:836} INFO - DAG(s) dict_keys(['example_short_circuit_operator']) retrieved from /home/airflow/.local/lib/python3.7/site-packages/airflow/example_dags/example_short_circuit_operator.py
[2023-06-04T18:15:01.786+0000] {logging_mixin.py:149} INFO - [2023-06-04T18:15:01.786+0000] {dag.py:2726} INFO - Sync 1 DAGs
[2023-06-04T18:15:01.802+0000] {logging_mixin.py:149} INFO - [2023-06-04T18:15:01.802+0000] {dag.py:3490} INFO - Setting next_dagrun for example_short_circuit_operator to 2023-06-03T18:15:01.801971+00:00, run_after=2023-06-04T18:15:01.801971+00:00
[2023-06-04T18:15:01.813+0000] {processor.py:179} INFO - Processing /home/airflow/.local/lib/python3.7/site-packages/airflow/example_dags/example_short_circuit_operator.py took 0.065 seconds
[2023-06-04T18:15:31.832+0000] {processor.py:157} INFO - Started process (PID=10771) to work on /home/airflow/.local/lib/python3.7/site-packages/airflow/example_dags/example_short_circuit_operator.py
[2023-06-04T18:15:31.832+0000] {processor.py:826} INFO - Processing file /home/airflow/.local/lib/python3.7/site-packages/airflow/example_dags/example_short_circuit_operator.py for tasks to queue
[2023-06-04T18:15:31.833+0000] {logging_mixin.py:149} INFO - [2023-06-04T18:15:31.833+0000] {dagbag.py:541} INFO - Filling up the DagBag from /home/airflow/.local/lib/python3.7/site-packages/airflow/example_dags/example_short_circuit_operator.py
[2023-06-04T18:15:31.837+0000] {processor.py:836} INFO - DAG(s) dict_keys(['example_short_circuit_operator']) retrieved from /home/airflow/.local/lib/python3.7/site-packages/airflow/example_dags/example_short_circuit_operator.py
[2023-06-04T18:15:31.853+0000] {logging_mixin.py:149} INFO - [2023-06-04T18:15:31.853+0000] {dag.py:2726} INFO - Sync 1 DAGs
[2023-06-04T18:15:31.868+0000] {logging_mixin.py:149} INFO - [2023-06-04T18:15:31.868+0000] {dag.py:3490} INFO - Setting next_dagrun for example_short_circuit_operator to 2023-06-03T18:15:31.868500+00:00, run_after=2023-06-04T18:15:31.868500+00:00
[2023-06-04T18:15:31.881+0000] {processor.py:179} INFO - Processing /home/airflow/.local/lib/python3.7/site-packages/airflow/example_dags/example_short_circuit_operator.py took 0.051 seconds
[2023-06-04T18:16:02.893+0000] {processor.py:157} INFO - Started process (PID=10840) to work on /home/airflow/.local/lib/python3.7/site-packages/airflow/example_dags/example_short_circuit_operator.py
[2023-06-04T18:16:02.894+0000] {processor.py:826} INFO - Processing file /home/airflow/.local/lib/python3.7/site-packages/airflow/example_dags/example_short_circuit_operator.py for tasks to queue
[2023-06-04T18:16:02.894+0000] {logging_mixin.py:149} INFO - [2023-06-04T18:16:02.894+0000] {dagbag.py:541} INFO - Filling up the DagBag from /home/airflow/.local/lib/python3.7/site-packages/airflow/example_dags/example_short_circuit_operator.py
[2023-06-04T18:16:02.899+0000] {processor.py:836} INFO - DAG(s) dict_keys(['example_short_circuit_operator']) retrieved from /home/airflow/.local/lib/python3.7/site-packages/airflow/example_dags/example_short_circuit_operator.py
[2023-06-04T18:16:02.915+0000] {logging_mixin.py:149} INFO - [2023-06-04T18:16:02.915+0000] {dag.py:2726} INFO - Sync 1 DAGs
[2023-06-04T18:16:02.929+0000] {logging_mixin.py:149} INFO - [2023-06-04T18:16:02.929+0000] {dag.py:3490} INFO - Setting next_dagrun for example_short_circuit_operator to 2023-06-03T18:16:02.929711+00:00, run_after=2023-06-04T18:16:02.929711+00:00
[2023-06-04T18:16:02.941+0000] {processor.py:179} INFO - Processing /home/airflow/.local/lib/python3.7/site-packages/airflow/example_dags/example_short_circuit_operator.py took 0.050 seconds
[2023-06-04T18:16:33.241+0000] {processor.py:157} INFO - Started process (PID=10909) to work on /home/airflow/.local/lib/python3.7/site-packages/airflow/example_dags/example_short_circuit_operator.py
[2023-06-04T18:16:33.241+0000] {processor.py:826} INFO - Processing file /home/airflow/.local/lib/python3.7/site-packages/airflow/example_dags/example_short_circuit_operator.py for tasks to queue
[2023-06-04T18:16:33.242+0000] {logging_mixin.py:149} INFO - [2023-06-04T18:16:33.242+0000] {dagbag.py:541} INFO - Filling up the DagBag from /home/airflow/.local/lib/python3.7/site-packages/airflow/example_dags/example_short_circuit_operator.py
[2023-06-04T18:16:33.247+0000] {processor.py:836} INFO - DAG(s) dict_keys(['example_short_circuit_operator']) retrieved from /home/airflow/.local/lib/python3.7/site-packages/airflow/example_dags/example_short_circuit_operator.py
[2023-06-04T18:16:33.262+0000] {logging_mixin.py:149} INFO - [2023-06-04T18:16:33.262+0000] {dag.py:2726} INFO - Sync 1 DAGs
[2023-06-04T18:16:33.277+0000] {logging_mixin.py:149} INFO - [2023-06-04T18:16:33.277+0000] {dag.py:3490} INFO - Setting next_dagrun for example_short_circuit_operator to 2023-06-03T18:16:33.277439+00:00, run_after=2023-06-04T18:16:33.277439+00:00
[2023-06-04T18:16:33.288+0000] {processor.py:179} INFO - Processing /home/airflow/.local/lib/python3.7/site-packages/airflow/example_dags/example_short_circuit_operator.py took 0.049 seconds
[2023-06-04T18:17:04.271+0000] {processor.py:157} INFO - Started process (PID=10985) to work on /home/airflow/.local/lib/python3.7/site-packages/airflow/example_dags/example_short_circuit_operator.py
[2023-06-04T18:17:04.271+0000] {processor.py:826} INFO - Processing file /home/airflow/.local/lib/python3.7/site-packages/airflow/example_dags/example_short_circuit_operator.py for tasks to queue
[2023-06-04T18:17:04.272+0000] {logging_mixin.py:149} INFO - [2023-06-04T18:17:04.272+0000] {dagbag.py:541} INFO - Filling up the DagBag from /home/airflow/.local/lib/python3.7/site-packages/airflow/example_dags/example_short_circuit_operator.py
[2023-06-04T18:17:04.276+0000] {processor.py:836} INFO - DAG(s) dict_keys(['example_short_circuit_operator']) retrieved from /home/airflow/.local/lib/python3.7/site-packages/airflow/example_dags/example_short_circuit_operator.py
[2023-06-04T18:17:04.311+0000] {logging_mixin.py:149} INFO - [2023-06-04T18:17:04.311+0000] {dag.py:2726} INFO - Sync 1 DAGs
[2023-06-04T18:17:04.330+0000] {logging_mixin.py:149} INFO - [2023-06-04T18:17:04.329+0000] {dag.py:3490} INFO - Setting next_dagrun for example_short_circuit_operator to 2023-06-03T18:17:04.329747+00:00, run_after=2023-06-04T18:17:04.329747+00:00
[2023-06-04T18:17:04.340+0000] {processor.py:179} INFO - Processing /home/airflow/.local/lib/python3.7/site-packages/airflow/example_dags/example_short_circuit_operator.py took 0.071 seconds
