[2023-06-04T18:15:01.100+0000] {processor.py:157} INFO - Started process (PID=10693) to work on /home/airflow/.local/lib/python3.7/site-packages/airflow/example_dags/example_trigger_target_dag.py
[2023-06-04T18:15:01.100+0000] {processor.py:826} INFO - Processing file /home/airflow/.local/lib/python3.7/site-packages/airflow/example_dags/example_trigger_target_dag.py for tasks to queue
[2023-06-04T18:15:01.101+0000] {logging_mixin.py:149} INFO - [2023-06-04T18:15:01.101+0000] {dagbag.py:541} INFO - Filling up the DagBag from /home/airflow/.local/lib/python3.7/site-packages/airflow/example_dags/example_trigger_target_dag.py
[2023-06-04T18:15:01.105+0000] {processor.py:836} INFO - DAG(s) dict_keys(['example_trigger_target_dag']) retrieved from /home/airflow/.local/lib/python3.7/site-packages/airflow/example_dags/example_trigger_target_dag.py
[2023-06-04T18:15:01.126+0000] {logging_mixin.py:149} INFO - [2023-06-04T18:15:01.126+0000] {dag.py:2726} INFO - Sync 1 DAGs
[2023-06-04T18:15:01.147+0000] {logging_mixin.py:149} INFO - [2023-06-04T18:15:01.146+0000] {dag.py:3490} INFO - Setting next_dagrun for example_trigger_target_dag to None, run_after=None
[2023-06-04T18:15:01.164+0000] {processor.py:179} INFO - Processing /home/airflow/.local/lib/python3.7/site-packages/airflow/example_dags/example_trigger_target_dag.py took 0.067 seconds
[2023-06-04T18:15:31.371+0000] {processor.py:157} INFO - Started process (PID=10762) to work on /home/airflow/.local/lib/python3.7/site-packages/airflow/example_dags/example_trigger_target_dag.py
[2023-06-04T18:15:31.372+0000] {processor.py:826} INFO - Processing file /home/airflow/.local/lib/python3.7/site-packages/airflow/example_dags/example_trigger_target_dag.py for tasks to queue
[2023-06-04T18:15:31.373+0000] {logging_mixin.py:149} INFO - [2023-06-04T18:15:31.373+0000] {dagbag.py:541} INFO - Filling up the DagBag from /home/airflow/.local/lib/python3.7/site-packages/airflow/example_dags/example_trigger_target_dag.py
[2023-06-04T18:15:31.377+0000] {processor.py:836} INFO - DAG(s) dict_keys(['example_trigger_target_dag']) retrieved from /home/airflow/.local/lib/python3.7/site-packages/airflow/example_dags/example_trigger_target_dag.py
[2023-06-04T18:15:31.394+0000] {logging_mixin.py:149} INFO - [2023-06-04T18:15:31.394+0000] {dag.py:2726} INFO - Sync 1 DAGs
[2023-06-04T18:15:31.416+0000] {logging_mixin.py:149} INFO - [2023-06-04T18:15:31.416+0000] {dag.py:3490} INFO - Setting next_dagrun for example_trigger_target_dag to None, run_after=None
[2023-06-04T18:15:31.431+0000] {processor.py:179} INFO - Processing /home/airflow/.local/lib/python3.7/site-packages/airflow/example_dags/example_trigger_target_dag.py took 0.061 seconds
[2023-06-04T18:16:02.530+0000] {processor.py:157} INFO - Started process (PID=10831) to work on /home/airflow/.local/lib/python3.7/site-packages/airflow/example_dags/example_trigger_target_dag.py
[2023-06-04T18:16:02.531+0000] {processor.py:826} INFO - Processing file /home/airflow/.local/lib/python3.7/site-packages/airflow/example_dags/example_trigger_target_dag.py for tasks to queue
[2023-06-04T18:16:02.532+0000] {logging_mixin.py:149} INFO - [2023-06-04T18:16:02.531+0000] {dagbag.py:541} INFO - Filling up the DagBag from /home/airflow/.local/lib/python3.7/site-packages/airflow/example_dags/example_trigger_target_dag.py
[2023-06-04T18:16:02.535+0000] {processor.py:836} INFO - DAG(s) dict_keys(['example_trigger_target_dag']) retrieved from /home/airflow/.local/lib/python3.7/site-packages/airflow/example_dags/example_trigger_target_dag.py
[2023-06-04T18:16:02.552+0000] {logging_mixin.py:149} INFO - [2023-06-04T18:16:02.552+0000] {dag.py:2726} INFO - Sync 1 DAGs
[2023-06-04T18:16:02.572+0000] {logging_mixin.py:149} INFO - [2023-06-04T18:16:02.572+0000] {dag.py:3490} INFO - Setting next_dagrun for example_trigger_target_dag to None, run_after=None
[2023-06-04T18:16:02.583+0000] {processor.py:179} INFO - Processing /home/airflow/.local/lib/python3.7/site-packages/airflow/example_dags/example_trigger_target_dag.py took 0.055 seconds
[2023-06-04T18:16:32.854+0000] {processor.py:157} INFO - Started process (PID=10899) to work on /home/airflow/.local/lib/python3.7/site-packages/airflow/example_dags/example_trigger_target_dag.py
[2023-06-04T18:16:32.855+0000] {processor.py:826} INFO - Processing file /home/airflow/.local/lib/python3.7/site-packages/airflow/example_dags/example_trigger_target_dag.py for tasks to queue
[2023-06-04T18:16:32.855+0000] {logging_mixin.py:149} INFO - [2023-06-04T18:16:32.855+0000] {dagbag.py:541} INFO - Filling up the DagBag from /home/airflow/.local/lib/python3.7/site-packages/airflow/example_dags/example_trigger_target_dag.py
[2023-06-04T18:16:32.858+0000] {processor.py:836} INFO - DAG(s) dict_keys(['example_trigger_target_dag']) retrieved from /home/airflow/.local/lib/python3.7/site-packages/airflow/example_dags/example_trigger_target_dag.py
[2023-06-04T18:16:32.872+0000] {logging_mixin.py:149} INFO - [2023-06-04T18:16:32.872+0000] {dag.py:2726} INFO - Sync 1 DAGs
[2023-06-04T18:16:32.886+0000] {logging_mixin.py:149} INFO - [2023-06-04T18:16:32.886+0000] {dag.py:3490} INFO - Setting next_dagrun for example_trigger_target_dag to None, run_after=None
[2023-06-04T18:16:32.896+0000] {processor.py:179} INFO - Processing /home/airflow/.local/lib/python3.7/site-packages/airflow/example_dags/example_trigger_target_dag.py took 0.044 seconds
[2023-06-04T18:17:03.916+0000] {processor.py:157} INFO - Started process (PID=10976) to work on /home/airflow/.local/lib/python3.7/site-packages/airflow/example_dags/example_trigger_target_dag.py
[2023-06-04T18:17:03.917+0000] {processor.py:826} INFO - Processing file /home/airflow/.local/lib/python3.7/site-packages/airflow/example_dags/example_trigger_target_dag.py for tasks to queue
[2023-06-04T18:17:03.917+0000] {logging_mixin.py:149} INFO - [2023-06-04T18:17:03.917+0000] {dagbag.py:541} INFO - Filling up the DagBag from /home/airflow/.local/lib/python3.7/site-packages/airflow/example_dags/example_trigger_target_dag.py
[2023-06-04T18:17:03.921+0000] {processor.py:836} INFO - DAG(s) dict_keys(['example_trigger_target_dag']) retrieved from /home/airflow/.local/lib/python3.7/site-packages/airflow/example_dags/example_trigger_target_dag.py
[2023-06-04T18:17:03.935+0000] {logging_mixin.py:149} INFO - [2023-06-04T18:17:03.935+0000] {dag.py:2726} INFO - Sync 1 DAGs
[2023-06-04T18:17:03.950+0000] {logging_mixin.py:149} INFO - [2023-06-04T18:17:03.950+0000] {dag.py:3490} INFO - Setting next_dagrun for example_trigger_target_dag to None, run_after=None
[2023-06-04T18:17:03.962+0000] {processor.py:179} INFO - Processing /home/airflow/.local/lib/python3.7/site-packages/airflow/example_dags/example_trigger_target_dag.py took 0.048 seconds
