[2023-06-04T18:15:00.825+0000] {processor.py:157} INFO - Started process (PID=10688) to work on /home/airflow/.local/lib/python3.7/site-packages/airflow/example_dags/example_branch_python_dop_operator_3.py
[2023-06-04T18:15:00.826+0000] {processor.py:826} INFO - Processing file /home/airflow/.local/lib/python3.7/site-packages/airflow/example_dags/example_branch_python_dop_operator_3.py for tasks to queue
[2023-06-04T18:15:00.826+0000] {logging_mixin.py:149} INFO - [2023-06-04T18:15:00.826+0000] {dagbag.py:541} INFO - Filling up the DagBag from /home/airflow/.local/lib/python3.7/site-packages/airflow/example_dags/example_branch_python_dop_operator_3.py
[2023-06-04T18:15:00.835+0000] {processor.py:836} INFO - DAG(s) dict_keys(['example_branch_dop_operator_v3']) retrieved from /home/airflow/.local/lib/python3.7/site-packages/airflow/example_dags/example_branch_python_dop_operator_3.py
[2023-06-04T18:15:00.865+0000] {logging_mixin.py:149} INFO - [2023-06-04T18:15:00.865+0000] {dag.py:2726} INFO - Sync 1 DAGs
[2023-06-04T18:15:00.905+0000] {logging_mixin.py:149} INFO - [2023-06-04T18:15:00.904+0000] {dag.py:3490} INFO - Setting next_dagrun for example_branch_dop_operator_v3 to 2023-06-04T18:14:00+00:00, run_after=2023-06-04T18:15:00+00:00
[2023-06-04T18:15:00.938+0000] {processor.py:179} INFO - Processing /home/airflow/.local/lib/python3.7/site-packages/airflow/example_dags/example_branch_python_dop_operator_3.py took 0.117 seconds
[2023-06-04T18:15:31.215+0000] {processor.py:157} INFO - Started process (PID=10757) to work on /home/airflow/.local/lib/python3.7/site-packages/airflow/example_dags/example_branch_python_dop_operator_3.py
[2023-06-04T18:15:31.216+0000] {processor.py:826} INFO - Processing file /home/airflow/.local/lib/python3.7/site-packages/airflow/example_dags/example_branch_python_dop_operator_3.py for tasks to queue
[2023-06-04T18:15:31.216+0000] {logging_mixin.py:149} INFO - [2023-06-04T18:15:31.216+0000] {dagbag.py:541} INFO - Filling up the DagBag from /home/airflow/.local/lib/python3.7/site-packages/airflow/example_dags/example_branch_python_dop_operator_3.py
[2023-06-04T18:15:31.220+0000] {processor.py:836} INFO - DAG(s) dict_keys(['example_branch_dop_operator_v3']) retrieved from /home/airflow/.local/lib/python3.7/site-packages/airflow/example_dags/example_branch_python_dop_operator_3.py
[2023-06-04T18:15:31.235+0000] {logging_mixin.py:149} INFO - [2023-06-04T18:15:31.235+0000] {dag.py:2726} INFO - Sync 1 DAGs
[2023-06-04T18:15:31.255+0000] {logging_mixin.py:149} INFO - [2023-06-04T18:15:31.254+0000] {dag.py:3490} INFO - Setting next_dagrun for example_branch_dop_operator_v3 to 2023-06-04T18:14:00+00:00, run_after=2023-06-04T18:15:00+00:00
[2023-06-04T18:15:31.266+0000] {processor.py:179} INFO - Processing /home/airflow/.local/lib/python3.7/site-packages/airflow/example_dags/example_branch_python_dop_operator_3.py took 0.053 seconds
[2023-06-04T18:16:02.371+0000] {processor.py:157} INFO - Started process (PID=10826) to work on /home/airflow/.local/lib/python3.7/site-packages/airflow/example_dags/example_branch_python_dop_operator_3.py
[2023-06-04T18:16:02.371+0000] {processor.py:826} INFO - Processing file /home/airflow/.local/lib/python3.7/site-packages/airflow/example_dags/example_branch_python_dop_operator_3.py for tasks to queue
[2023-06-04T18:16:02.372+0000] {logging_mixin.py:149} INFO - [2023-06-04T18:16:02.372+0000] {dagbag.py:541} INFO - Filling up the DagBag from /home/airflow/.local/lib/python3.7/site-packages/airflow/example_dags/example_branch_python_dop_operator_3.py
[2023-06-04T18:16:02.376+0000] {processor.py:836} INFO - DAG(s) dict_keys(['example_branch_dop_operator_v3']) retrieved from /home/airflow/.local/lib/python3.7/site-packages/airflow/example_dags/example_branch_python_dop_operator_3.py
[2023-06-04T18:16:02.393+0000] {logging_mixin.py:149} INFO - [2023-06-04T18:16:02.392+0000] {dag.py:2726} INFO - Sync 1 DAGs
[2023-06-04T18:16:02.413+0000] {logging_mixin.py:149} INFO - [2023-06-04T18:16:02.413+0000] {dag.py:3490} INFO - Setting next_dagrun for example_branch_dop_operator_v3 to 2023-06-04T18:15:00+00:00, run_after=2023-06-04T18:16:00+00:00
[2023-06-04T18:16:02.425+0000] {processor.py:179} INFO - Processing /home/airflow/.local/lib/python3.7/site-packages/airflow/example_dags/example_branch_python_dop_operator_3.py took 0.056 seconds
[2023-06-04T18:16:32.673+0000] {processor.py:157} INFO - Started process (PID=10895) to work on /home/airflow/.local/lib/python3.7/site-packages/airflow/example_dags/example_branch_python_dop_operator_3.py
[2023-06-04T18:16:32.674+0000] {processor.py:826} INFO - Processing file /home/airflow/.local/lib/python3.7/site-packages/airflow/example_dags/example_branch_python_dop_operator_3.py for tasks to queue
[2023-06-04T18:16:32.674+0000] {logging_mixin.py:149} INFO - [2023-06-04T18:16:32.674+0000] {dagbag.py:541} INFO - Filling up the DagBag from /home/airflow/.local/lib/python3.7/site-packages/airflow/example_dags/example_branch_python_dop_operator_3.py
[2023-06-04T18:16:32.678+0000] {processor.py:836} INFO - DAG(s) dict_keys(['example_branch_dop_operator_v3']) retrieved from /home/airflow/.local/lib/python3.7/site-packages/airflow/example_dags/example_branch_python_dop_operator_3.py
[2023-06-04T18:16:32.694+0000] {logging_mixin.py:149} INFO - [2023-06-04T18:16:32.693+0000] {dag.py:2726} INFO - Sync 1 DAGs
[2023-06-04T18:16:32.712+0000] {logging_mixin.py:149} INFO - [2023-06-04T18:16:32.712+0000] {dag.py:3490} INFO - Setting next_dagrun for example_branch_dop_operator_v3 to 2023-06-04T18:15:00+00:00, run_after=2023-06-04T18:16:00+00:00
[2023-06-04T18:16:32.724+0000] {processor.py:179} INFO - Processing /home/airflow/.local/lib/python3.7/site-packages/airflow/example_dags/example_branch_python_dop_operator_3.py took 0.053 seconds
[2023-06-04T18:17:03.714+0000] {processor.py:157} INFO - Started process (PID=10964) to work on /home/airflow/.local/lib/python3.7/site-packages/airflow/example_dags/example_branch_python_dop_operator_3.py
[2023-06-04T18:17:03.714+0000] {processor.py:826} INFO - Processing file /home/airflow/.local/lib/python3.7/site-packages/airflow/example_dags/example_branch_python_dop_operator_3.py for tasks to queue
[2023-06-04T18:17:03.715+0000] {logging_mixin.py:149} INFO - [2023-06-04T18:17:03.715+0000] {dagbag.py:541} INFO - Filling up the DagBag from /home/airflow/.local/lib/python3.7/site-packages/airflow/example_dags/example_branch_python_dop_operator_3.py
[2023-06-04T18:17:03.719+0000] {processor.py:836} INFO - DAG(s) dict_keys(['example_branch_dop_operator_v3']) retrieved from /home/airflow/.local/lib/python3.7/site-packages/airflow/example_dags/example_branch_python_dop_operator_3.py
[2023-06-04T18:17:03.734+0000] {logging_mixin.py:149} INFO - [2023-06-04T18:17:03.733+0000] {dag.py:2726} INFO - Sync 1 DAGs
[2023-06-04T18:17:03.754+0000] {logging_mixin.py:149} INFO - [2023-06-04T18:17:03.753+0000] {dag.py:3490} INFO - Setting next_dagrun for example_branch_dop_operator_v3 to 2023-06-04T18:16:00+00:00, run_after=2023-06-04T18:17:00+00:00
[2023-06-04T18:17:03.765+0000] {processor.py:179} INFO - Processing /home/airflow/.local/lib/python3.7/site-packages/airflow/example_dags/example_branch_python_dop_operator_3.py took 0.053 seconds
