[2023-06-04T18:15:00.616+0000] {processor.py:157} INFO - Started process (PID=10683) to work on /home/airflow/.local/lib/python3.7/site-packages/airflow/example_dags/example_latest_only_with_trigger.py
[2023-06-04T18:15:00.616+0000] {processor.py:826} INFO - Processing file /home/airflow/.local/lib/python3.7/site-packages/airflow/example_dags/example_latest_only_with_trigger.py for tasks to queue
[2023-06-04T18:15:00.616+0000] {logging_mixin.py:149} INFO - [2023-06-04T18:15:00.616+0000] {dagbag.py:541} INFO - Filling up the DagBag from /home/airflow/.local/lib/python3.7/site-packages/airflow/example_dags/example_latest_only_with_trigger.py
[2023-06-04T18:15:00.620+0000] {processor.py:836} INFO - DAG(s) dict_keys(['latest_only_with_trigger']) retrieved from /home/airflow/.local/lib/python3.7/site-packages/airflow/example_dags/example_latest_only_with_trigger.py
[2023-06-04T18:15:00.636+0000] {logging_mixin.py:149} INFO - [2023-06-04T18:15:00.636+0000] {dag.py:2726} INFO - Sync 1 DAGs
[2023-06-04T18:15:00.656+0000] {logging_mixin.py:149} INFO - [2023-06-04T18:15:00.656+0000] {dag.py:3490} INFO - Setting next_dagrun for latest_only_with_trigger to 2023-06-04T14:15:00.656291+00:00, run_after=2023-06-04T18:15:00.656291+00:00
[2023-06-04T18:15:00.669+0000] {processor.py:179} INFO - Processing /home/airflow/.local/lib/python3.7/site-packages/airflow/example_dags/example_latest_only_with_trigger.py took 0.055 seconds
[2023-06-04T18:15:31.059+0000] {processor.py:157} INFO - Started process (PID=10752) to work on /home/airflow/.local/lib/python3.7/site-packages/airflow/example_dags/example_latest_only_with_trigger.py
[2023-06-04T18:15:31.060+0000] {processor.py:826} INFO - Processing file /home/airflow/.local/lib/python3.7/site-packages/airflow/example_dags/example_latest_only_with_trigger.py for tasks to queue
[2023-06-04T18:15:31.060+0000] {logging_mixin.py:149} INFO - [2023-06-04T18:15:31.060+0000] {dagbag.py:541} INFO - Filling up the DagBag from /home/airflow/.local/lib/python3.7/site-packages/airflow/example_dags/example_latest_only_with_trigger.py
[2023-06-04T18:15:31.063+0000] {processor.py:836} INFO - DAG(s) dict_keys(['latest_only_with_trigger']) retrieved from /home/airflow/.local/lib/python3.7/site-packages/airflow/example_dags/example_latest_only_with_trigger.py
[2023-06-04T18:15:31.079+0000] {logging_mixin.py:149} INFO - [2023-06-04T18:15:31.078+0000] {dag.py:2726} INFO - Sync 1 DAGs
[2023-06-04T18:15:31.094+0000] {logging_mixin.py:149} INFO - [2023-06-04T18:15:31.094+0000] {dag.py:3490} INFO - Setting next_dagrun for latest_only_with_trigger to 2023-06-04T14:15:31.094434+00:00, run_after=2023-06-04T18:15:31.094434+00:00
[2023-06-04T18:15:31.106+0000] {processor.py:179} INFO - Processing /home/airflow/.local/lib/python3.7/site-packages/airflow/example_dags/example_latest_only_with_trigger.py took 0.049 seconds
[2023-06-04T18:16:02.151+0000] {processor.py:157} INFO - Started process (PID=10821) to work on /home/airflow/.local/lib/python3.7/site-packages/airflow/example_dags/example_latest_only_with_trigger.py
[2023-06-04T18:16:02.152+0000] {processor.py:826} INFO - Processing file /home/airflow/.local/lib/python3.7/site-packages/airflow/example_dags/example_latest_only_with_trigger.py for tasks to queue
[2023-06-04T18:16:02.153+0000] {logging_mixin.py:149} INFO - [2023-06-04T18:16:02.153+0000] {dagbag.py:541} INFO - Filling up the DagBag from /home/airflow/.local/lib/python3.7/site-packages/airflow/example_dags/example_latest_only_with_trigger.py
[2023-06-04T18:16:02.156+0000] {processor.py:836} INFO - DAG(s) dict_keys(['latest_only_with_trigger']) retrieved from /home/airflow/.local/lib/python3.7/site-packages/airflow/example_dags/example_latest_only_with_trigger.py
[2023-06-04T18:16:02.170+0000] {logging_mixin.py:149} INFO - [2023-06-04T18:16:02.170+0000] {dag.py:2726} INFO - Sync 1 DAGs
[2023-06-04T18:16:02.185+0000] {logging_mixin.py:149} INFO - [2023-06-04T18:16:02.185+0000] {dag.py:3490} INFO - Setting next_dagrun for latest_only_with_trigger to 2023-06-04T14:16:02.185528+00:00, run_after=2023-06-04T18:16:02.185528+00:00
[2023-06-04T18:16:02.199+0000] {processor.py:179} INFO - Processing /home/airflow/.local/lib/python3.7/site-packages/airflow/example_dags/example_latest_only_with_trigger.py took 0.049 seconds
[2023-06-04T18:16:32.212+0000] {processor.py:157} INFO - Started process (PID=10881) to work on /home/airflow/.local/lib/python3.7/site-packages/airflow/example_dags/example_latest_only_with_trigger.py
[2023-06-04T18:16:32.213+0000] {processor.py:826} INFO - Processing file /home/airflow/.local/lib/python3.7/site-packages/airflow/example_dags/example_latest_only_with_trigger.py for tasks to queue
[2023-06-04T18:16:32.213+0000] {logging_mixin.py:149} INFO - [2023-06-04T18:16:32.213+0000] {dagbag.py:541} INFO - Filling up the DagBag from /home/airflow/.local/lib/python3.7/site-packages/airflow/example_dags/example_latest_only_with_trigger.py
[2023-06-04T18:16:32.216+0000] {processor.py:836} INFO - DAG(s) dict_keys(['latest_only_with_trigger']) retrieved from /home/airflow/.local/lib/python3.7/site-packages/airflow/example_dags/example_latest_only_with_trigger.py
[2023-06-04T18:16:32.230+0000] {logging_mixin.py:149} INFO - [2023-06-04T18:16:32.230+0000] {dag.py:2726} INFO - Sync 1 DAGs
[2023-06-04T18:16:32.248+0000] {logging_mixin.py:149} INFO - [2023-06-04T18:16:32.248+0000] {dag.py:3490} INFO - Setting next_dagrun for latest_only_with_trigger to 2023-06-04T14:16:32.247921+00:00, run_after=2023-06-04T18:16:32.247921+00:00
[2023-06-04T18:16:32.259+0000] {processor.py:179} INFO - Processing /home/airflow/.local/lib/python3.7/site-packages/airflow/example_dags/example_latest_only_with_trigger.py took 0.048 seconds
[2023-06-04T18:17:02.408+0000] {processor.py:157} INFO - Started process (PID=10950) to work on /home/airflow/.local/lib/python3.7/site-packages/airflow/example_dags/example_latest_only_with_trigger.py
[2023-06-04T18:17:02.409+0000] {processor.py:826} INFO - Processing file /home/airflow/.local/lib/python3.7/site-packages/airflow/example_dags/example_latest_only_with_trigger.py for tasks to queue
[2023-06-04T18:17:02.409+0000] {logging_mixin.py:149} INFO - [2023-06-04T18:17:02.409+0000] {dagbag.py:541} INFO - Filling up the DagBag from /home/airflow/.local/lib/python3.7/site-packages/airflow/example_dags/example_latest_only_with_trigger.py
[2023-06-04T18:17:02.413+0000] {processor.py:836} INFO - DAG(s) dict_keys(['latest_only_with_trigger']) retrieved from /home/airflow/.local/lib/python3.7/site-packages/airflow/example_dags/example_latest_only_with_trigger.py
[2023-06-04T18:17:02.427+0000] {logging_mixin.py:149} INFO - [2023-06-04T18:17:02.427+0000] {dag.py:2726} INFO - Sync 1 DAGs
[2023-06-04T18:17:02.445+0000] {logging_mixin.py:149} INFO - [2023-06-04T18:17:02.445+0000] {dag.py:3490} INFO - Setting next_dagrun for latest_only_with_trigger to 2023-06-04T14:17:02.445318+00:00, run_after=2023-06-04T18:17:02.445318+00:00
[2023-06-04T18:17:02.461+0000] {processor.py:179} INFO - Processing /home/airflow/.local/lib/python3.7/site-packages/airflow/example_dags/example_latest_only_with_trigger.py took 0.055 seconds
[2023-06-04T18:17:32.507+0000] {processor.py:157} INFO - Started process (PID=11019) to work on /home/airflow/.local/lib/python3.7/site-packages/airflow/example_dags/example_latest_only_with_trigger.py
[2023-06-04T18:17:32.508+0000] {processor.py:826} INFO - Processing file /home/airflow/.local/lib/python3.7/site-packages/airflow/example_dags/example_latest_only_with_trigger.py for tasks to queue
[2023-06-04T18:17:32.508+0000] {logging_mixin.py:149} INFO - [2023-06-04T18:17:32.508+0000] {dagbag.py:541} INFO - Filling up the DagBag from /home/airflow/.local/lib/python3.7/site-packages/airflow/example_dags/example_latest_only_with_trigger.py
[2023-06-04T18:17:32.512+0000] {processor.py:836} INFO - DAG(s) dict_keys(['latest_only_with_trigger']) retrieved from /home/airflow/.local/lib/python3.7/site-packages/airflow/example_dags/example_latest_only_with_trigger.py
[2023-06-04T18:17:32.528+0000] {logging_mixin.py:149} INFO - [2023-06-04T18:17:32.528+0000] {dag.py:2726} INFO - Sync 1 DAGs
[2023-06-04T18:17:32.543+0000] {logging_mixin.py:149} INFO - [2023-06-04T18:17:32.543+0000] {dag.py:3490} INFO - Setting next_dagrun for latest_only_with_trigger to 2023-06-04T14:17:32.543605+00:00, run_after=2023-06-04T18:17:32.543605+00:00
[2023-06-04T18:17:32.555+0000] {processor.py:179} INFO - Processing /home/airflow/.local/lib/python3.7/site-packages/airflow/example_dags/example_latest_only_with_trigger.py took 0.050 seconds
