[2023-06-04T18:15:01.067+0000] {processor.py:157} INFO - Started process (PID=10692) to work on /home/airflow/.local/lib/python3.7/site-packages/airflow/example_dags/example_params_ui_tutorial.py
[2023-06-04T18:15:01.068+0000] {processor.py:826} INFO - Processing file /home/airflow/.local/lib/python3.7/site-packages/airflow/example_dags/example_params_ui_tutorial.py for tasks to queue
[2023-06-04T18:15:01.069+0000] {logging_mixin.py:149} INFO - [2023-06-04T18:15:01.069+0000] {dagbag.py:541} INFO - Filling up the DagBag from /home/airflow/.local/lib/python3.7/site-packages/airflow/example_dags/example_params_ui_tutorial.py
[2023-06-04T18:15:01.119+0000] {processor.py:836} INFO - DAG(s) dict_keys(['example_params_ui_tutorial']) retrieved from /home/airflow/.local/lib/python3.7/site-packages/airflow/example_dags/example_params_ui_tutorial.py
[2023-06-04T18:15:01.241+0000] {logging_mixin.py:149} INFO - [2023-06-04T18:15:01.241+0000] {dag.py:2726} INFO - Sync 1 DAGs
[2023-06-04T18:15:01.287+0000] {logging_mixin.py:149} INFO - [2023-06-04T18:15:01.286+0000] {dag.py:3490} INFO - Setting next_dagrun for example_params_ui_tutorial to None, run_after=None
[2023-06-04T18:15:01.311+0000] {processor.py:179} INFO - Processing /home/airflow/.local/lib/python3.7/site-packages/airflow/example_dags/example_params_ui_tutorial.py took 0.247 seconds
[2023-06-04T18:15:31.338+0000] {processor.py:157} INFO - Started process (PID=10761) to work on /home/airflow/.local/lib/python3.7/site-packages/airflow/example_dags/example_params_ui_tutorial.py
[2023-06-04T18:15:31.338+0000] {processor.py:826} INFO - Processing file /home/airflow/.local/lib/python3.7/site-packages/airflow/example_dags/example_params_ui_tutorial.py for tasks to queue
[2023-06-04T18:15:31.339+0000] {logging_mixin.py:149} INFO - [2023-06-04T18:15:31.339+0000] {dagbag.py:541} INFO - Filling up the DagBag from /home/airflow/.local/lib/python3.7/site-packages/airflow/example_dags/example_params_ui_tutorial.py
[2023-06-04T18:15:31.363+0000] {processor.py:836} INFO - DAG(s) dict_keys(['example_params_ui_tutorial']) retrieved from /home/airflow/.local/lib/python3.7/site-packages/airflow/example_dags/example_params_ui_tutorial.py
[2023-06-04T18:15:31.420+0000] {logging_mixin.py:149} INFO - [2023-06-04T18:15:31.420+0000] {dag.py:2726} INFO - Sync 1 DAGs
[2023-06-04T18:15:31.439+0000] {logging_mixin.py:149} INFO - [2023-06-04T18:15:31.439+0000] {dag.py:3490} INFO - Setting next_dagrun for example_params_ui_tutorial to None, run_after=None
[2023-06-04T18:15:31.452+0000] {processor.py:179} INFO - Processing /home/airflow/.local/lib/python3.7/site-packages/airflow/example_dags/example_params_ui_tutorial.py took 0.117 seconds
[2023-06-04T18:16:02.498+0000] {processor.py:157} INFO - Started process (PID=10830) to work on /home/airflow/.local/lib/python3.7/site-packages/airflow/example_dags/example_params_ui_tutorial.py
[2023-06-04T18:16:02.498+0000] {processor.py:826} INFO - Processing file /home/airflow/.local/lib/python3.7/site-packages/airflow/example_dags/example_params_ui_tutorial.py for tasks to queue
[2023-06-04T18:16:02.499+0000] {logging_mixin.py:149} INFO - [2023-06-04T18:16:02.499+0000] {dagbag.py:541} INFO - Filling up the DagBag from /home/airflow/.local/lib/python3.7/site-packages/airflow/example_dags/example_params_ui_tutorial.py
[2023-06-04T18:16:02.525+0000] {processor.py:836} INFO - DAG(s) dict_keys(['example_params_ui_tutorial']) retrieved from /home/airflow/.local/lib/python3.7/site-packages/airflow/example_dags/example_params_ui_tutorial.py
[2023-06-04T18:16:02.575+0000] {logging_mixin.py:149} INFO - [2023-06-04T18:16:02.574+0000] {dag.py:2726} INFO - Sync 1 DAGs
[2023-06-04T18:16:02.591+0000] {logging_mixin.py:149} INFO - [2023-06-04T18:16:02.591+0000] {dag.py:3490} INFO - Setting next_dagrun for example_params_ui_tutorial to None, run_after=None
[2023-06-04T18:16:02.603+0000] {processor.py:179} INFO - Processing /home/airflow/.local/lib/python3.7/site-packages/airflow/example_dags/example_params_ui_tutorial.py took 0.107 seconds
[2023-06-04T18:16:32.908+0000] {processor.py:157} INFO - Started process (PID=10900) to work on /home/airflow/.local/lib/python3.7/site-packages/airflow/example_dags/example_params_ui_tutorial.py
[2023-06-04T18:16:32.909+0000] {processor.py:826} INFO - Processing file /home/airflow/.local/lib/python3.7/site-packages/airflow/example_dags/example_params_ui_tutorial.py for tasks to queue
[2023-06-04T18:16:32.909+0000] {logging_mixin.py:149} INFO - [2023-06-04T18:16:32.909+0000] {dagbag.py:541} INFO - Filling up the DagBag from /home/airflow/.local/lib/python3.7/site-packages/airflow/example_dags/example_params_ui_tutorial.py
[2023-06-04T18:16:32.933+0000] {processor.py:836} INFO - DAG(s) dict_keys(['example_params_ui_tutorial']) retrieved from /home/airflow/.local/lib/python3.7/site-packages/airflow/example_dags/example_params_ui_tutorial.py
[2023-06-04T18:16:32.974+0000] {logging_mixin.py:149} INFO - [2023-06-04T18:16:32.973+0000] {dag.py:2726} INFO - Sync 1 DAGs
[2023-06-04T18:16:32.990+0000] {logging_mixin.py:149} INFO - [2023-06-04T18:16:32.989+0000] {dag.py:3490} INFO - Setting next_dagrun for example_params_ui_tutorial to None, run_after=None
[2023-06-04T18:16:33.002+0000] {processor.py:179} INFO - Processing /home/airflow/.local/lib/python3.7/site-packages/airflow/example_dags/example_params_ui_tutorial.py took 0.096 seconds
[2023-06-04T18:17:03.894+0000] {processor.py:157} INFO - Started process (PID=10975) to work on /home/airflow/.local/lib/python3.7/site-packages/airflow/example_dags/example_params_ui_tutorial.py
[2023-06-04T18:17:03.895+0000] {processor.py:826} INFO - Processing file /home/airflow/.local/lib/python3.7/site-packages/airflow/example_dags/example_params_ui_tutorial.py for tasks to queue
[2023-06-04T18:17:03.895+0000] {logging_mixin.py:149} INFO - [2023-06-04T18:17:03.895+0000] {dagbag.py:541} INFO - Filling up the DagBag from /home/airflow/.local/lib/python3.7/site-packages/airflow/example_dags/example_params_ui_tutorial.py
[2023-06-04T18:17:03.921+0000] {processor.py:836} INFO - DAG(s) dict_keys(['example_params_ui_tutorial']) retrieved from /home/airflow/.local/lib/python3.7/site-packages/airflow/example_dags/example_params_ui_tutorial.py
[2023-06-04T18:17:03.960+0000] {logging_mixin.py:149} INFO - [2023-06-04T18:17:03.959+0000] {dag.py:2726} INFO - Sync 1 DAGs
[2023-06-04T18:17:03.976+0000] {logging_mixin.py:149} INFO - [2023-06-04T18:17:03.976+0000] {dag.py:3490} INFO - Setting next_dagrun for example_params_ui_tutorial to None, run_after=None
[2023-06-04T18:17:03.989+0000] {processor.py:179} INFO - Processing /home/airflow/.local/lib/python3.7/site-packages/airflow/example_dags/example_params_ui_tutorial.py took 0.097 seconds
