[2023-06-04T18:15:02.256+0000] {processor.py:157} INFO - Started process (PID=10715) to work on /home/airflow/.local/lib/python3.7/site-packages/airflow/example_dags/example_dag_decorator.py
[2023-06-04T18:15:02.256+0000] {processor.py:826} INFO - Processing file /home/airflow/.local/lib/python3.7/site-packages/airflow/example_dags/example_dag_decorator.py for tasks to queue
[2023-06-04T18:15:02.257+0000] {logging_mixin.py:149} INFO - [2023-06-04T18:15:02.257+0000] {dagbag.py:541} INFO - Filling up the DagBag from /home/airflow/.local/lib/python3.7/site-packages/airflow/example_dags/example_dag_decorator.py
[2023-06-04T18:15:02.260+0000] {logging_mixin.py:149} INFO - [2023-06-04T18:15:02.260+0000] {taskmixin.py:211} WARNING - Dependency <Task(_PythonDecoratedOperator): prepare_email>, send_email already registered for DAG: example_dag_decorator
[2023-06-04T18:15:02.260+0000] {logging_mixin.py:149} INFO - [2023-06-04T18:15:02.260+0000] {taskmixin.py:211} WARNING - Dependency <Task(EmailOperator): send_email>, prepare_email already registered for DAG: example_dag_decorator
[2023-06-04T18:15:02.265+0000] {processor.py:836} INFO - DAG(s) dict_keys(['example_dag_decorator']) retrieved from /home/airflow/.local/lib/python3.7/site-packages/airflow/example_dags/example_dag_decorator.py
[2023-06-04T18:15:02.305+0000] {logging_mixin.py:149} INFO - [2023-06-04T18:15:02.305+0000] {dag.py:2726} INFO - Sync 1 DAGs
[2023-06-04T18:15:02.320+0000] {logging_mixin.py:149} INFO - [2023-06-04T18:15:02.320+0000] {dag.py:3490} INFO - Setting next_dagrun for example_dag_decorator to None, run_after=None
[2023-06-04T18:15:02.334+0000] {processor.py:179} INFO - Processing /home/airflow/.local/lib/python3.7/site-packages/airflow/example_dags/example_dag_decorator.py took 0.080 seconds
[2023-06-04T18:15:33.341+0000] {processor.py:157} INFO - Started process (PID=10784) to work on /home/airflow/.local/lib/python3.7/site-packages/airflow/example_dags/example_dag_decorator.py
[2023-06-04T18:15:33.342+0000] {processor.py:826} INFO - Processing file /home/airflow/.local/lib/python3.7/site-packages/airflow/example_dags/example_dag_decorator.py for tasks to queue
[2023-06-04T18:15:33.342+0000] {logging_mixin.py:149} INFO - [2023-06-04T18:15:33.342+0000] {dagbag.py:541} INFO - Filling up the DagBag from /home/airflow/.local/lib/python3.7/site-packages/airflow/example_dags/example_dag_decorator.py
[2023-06-04T18:15:33.346+0000] {logging_mixin.py:149} INFO - [2023-06-04T18:15:33.346+0000] {taskmixin.py:211} WARNING - Dependency <Task(_PythonDecoratedOperator): prepare_email>, send_email already registered for DAG: example_dag_decorator
[2023-06-04T18:15:33.346+0000] {logging_mixin.py:149} INFO - [2023-06-04T18:15:33.346+0000] {taskmixin.py:211} WARNING - Dependency <Task(EmailOperator): send_email>, prepare_email already registered for DAG: example_dag_decorator
[2023-06-04T18:15:33.350+0000] {processor.py:836} INFO - DAG(s) dict_keys(['example_dag_decorator']) retrieved from /home/airflow/.local/lib/python3.7/site-packages/airflow/example_dags/example_dag_decorator.py
[2023-06-04T18:15:33.390+0000] {logging_mixin.py:149} INFO - [2023-06-04T18:15:33.390+0000] {dag.py:2726} INFO - Sync 1 DAGs
[2023-06-04T18:15:33.404+0000] {logging_mixin.py:149} INFO - [2023-06-04T18:15:33.403+0000] {dag.py:3490} INFO - Setting next_dagrun for example_dag_decorator to None, run_after=None
[2023-06-04T18:15:33.416+0000] {processor.py:179} INFO - Processing /home/airflow/.local/lib/python3.7/site-packages/airflow/example_dags/example_dag_decorator.py took 0.076 seconds
[2023-06-04T18:16:04.384+0000] {processor.py:157} INFO - Started process (PID=10860) to work on /home/airflow/.local/lib/python3.7/site-packages/airflow/example_dags/example_dag_decorator.py
[2023-06-04T18:16:04.385+0000] {processor.py:826} INFO - Processing file /home/airflow/.local/lib/python3.7/site-packages/airflow/example_dags/example_dag_decorator.py for tasks to queue
[2023-06-04T18:16:04.385+0000] {logging_mixin.py:149} INFO - [2023-06-04T18:16:04.385+0000] {dagbag.py:541} INFO - Filling up the DagBag from /home/airflow/.local/lib/python3.7/site-packages/airflow/example_dags/example_dag_decorator.py
[2023-06-04T18:16:04.389+0000] {logging_mixin.py:149} INFO - [2023-06-04T18:16:04.389+0000] {taskmixin.py:211} WARNING - Dependency <Task(_PythonDecoratedOperator): prepare_email>, send_email already registered for DAG: example_dag_decorator
[2023-06-04T18:16:04.389+0000] {logging_mixin.py:149} INFO - [2023-06-04T18:16:04.389+0000] {taskmixin.py:211} WARNING - Dependency <Task(EmailOperator): send_email>, prepare_email already registered for DAG: example_dag_decorator
[2023-06-04T18:16:04.393+0000] {processor.py:836} INFO - DAG(s) dict_keys(['example_dag_decorator']) retrieved from /home/airflow/.local/lib/python3.7/site-packages/airflow/example_dags/example_dag_decorator.py
[2023-06-04T18:16:04.439+0000] {logging_mixin.py:149} INFO - [2023-06-04T18:16:04.439+0000] {dag.py:2726} INFO - Sync 1 DAGs
[2023-06-04T18:16:04.453+0000] {logging_mixin.py:149} INFO - [2023-06-04T18:16:04.453+0000] {dag.py:3490} INFO - Setting next_dagrun for example_dag_decorator to None, run_after=None
[2023-06-04T18:16:04.466+0000] {processor.py:179} INFO - Processing /home/airflow/.local/lib/python3.7/site-packages/airflow/example_dags/example_dag_decorator.py took 0.083 seconds
[2023-06-04T18:16:34.754+0000] {processor.py:157} INFO - Started process (PID=10929) to work on /home/airflow/.local/lib/python3.7/site-packages/airflow/example_dags/example_dag_decorator.py
[2023-06-04T18:16:34.755+0000] {processor.py:826} INFO - Processing file /home/airflow/.local/lib/python3.7/site-packages/airflow/example_dags/example_dag_decorator.py for tasks to queue
[2023-06-04T18:16:34.755+0000] {logging_mixin.py:149} INFO - [2023-06-04T18:16:34.755+0000] {dagbag.py:541} INFO - Filling up the DagBag from /home/airflow/.local/lib/python3.7/site-packages/airflow/example_dags/example_dag_decorator.py
[2023-06-04T18:16:34.758+0000] {logging_mixin.py:149} INFO - [2023-06-04T18:16:34.758+0000] {taskmixin.py:211} WARNING - Dependency <Task(_PythonDecoratedOperator): prepare_email>, send_email already registered for DAG: example_dag_decorator
[2023-06-04T18:16:34.759+0000] {logging_mixin.py:149} INFO - [2023-06-04T18:16:34.759+0000] {taskmixin.py:211} WARNING - Dependency <Task(EmailOperator): send_email>, prepare_email already registered for DAG: example_dag_decorator
[2023-06-04T18:16:34.763+0000] {processor.py:836} INFO - DAG(s) dict_keys(['example_dag_decorator']) retrieved from /home/airflow/.local/lib/python3.7/site-packages/airflow/example_dags/example_dag_decorator.py
[2023-06-04T18:16:34.803+0000] {logging_mixin.py:149} INFO - [2023-06-04T18:16:34.803+0000] {dag.py:2726} INFO - Sync 1 DAGs
[2023-06-04T18:16:34.819+0000] {logging_mixin.py:149} INFO - [2023-06-04T18:16:34.819+0000] {dag.py:3490} INFO - Setting next_dagrun for example_dag_decorator to None, run_after=None
[2023-06-04T18:16:34.832+0000] {processor.py:179} INFO - Processing /home/airflow/.local/lib/python3.7/site-packages/airflow/example_dags/example_dag_decorator.py took 0.079 seconds
[2023-06-04T18:17:04.864+0000] {processor.py:157} INFO - Started process (PID=10998) to work on /home/airflow/.local/lib/python3.7/site-packages/airflow/example_dags/example_dag_decorator.py
[2023-06-04T18:17:04.865+0000] {processor.py:826} INFO - Processing file /home/airflow/.local/lib/python3.7/site-packages/airflow/example_dags/example_dag_decorator.py for tasks to queue
[2023-06-04T18:17:04.865+0000] {logging_mixin.py:149} INFO - [2023-06-04T18:17:04.865+0000] {dagbag.py:541} INFO - Filling up the DagBag from /home/airflow/.local/lib/python3.7/site-packages/airflow/example_dags/example_dag_decorator.py
[2023-06-04T18:17:04.869+0000] {logging_mixin.py:149} INFO - [2023-06-04T18:17:04.869+0000] {taskmixin.py:211} WARNING - Dependency <Task(_PythonDecoratedOperator): prepare_email>, send_email already registered for DAG: example_dag_decorator
[2023-06-04T18:17:04.869+0000] {logging_mixin.py:149} INFO - [2023-06-04T18:17:04.869+0000] {taskmixin.py:211} WARNING - Dependency <Task(EmailOperator): send_email>, prepare_email already registered for DAG: example_dag_decorator
[2023-06-04T18:17:04.873+0000] {processor.py:836} INFO - DAG(s) dict_keys(['example_dag_decorator']) retrieved from /home/airflow/.local/lib/python3.7/site-packages/airflow/example_dags/example_dag_decorator.py
[2023-06-04T18:17:04.914+0000] {logging_mixin.py:149} INFO - [2023-06-04T18:17:04.914+0000] {dag.py:2726} INFO - Sync 1 DAGs
[2023-06-04T18:17:04.927+0000] {logging_mixin.py:149} INFO - [2023-06-04T18:17:04.927+0000] {dag.py:3490} INFO - Setting next_dagrun for example_dag_decorator to None, run_after=None
[2023-06-04T18:17:04.939+0000] {processor.py:179} INFO - Processing /home/airflow/.local/lib/python3.7/site-packages/airflow/example_dags/example_dag_decorator.py took 0.076 seconds
