[2023-06-04T18:15:00.482+0000] {processor.py:157} INFO - Started process (PID=10681) to work on /home/airflow/.local/lib/python3.7/site-packages/airflow/example_dags/example_subdag_operator.py
[2023-06-04T18:15:00.482+0000] {processor.py:826} INFO - Processing file /home/airflow/.local/lib/python3.7/site-packages/airflow/example_dags/example_subdag_operator.py for tasks to queue
[2023-06-04T18:15:00.482+0000] {logging_mixin.py:149} INFO - [2023-06-04T18:15:00.482+0000] {dagbag.py:541} INFO - Filling up the DagBag from /home/airflow/.local/lib/python3.7/site-packages/airflow/example_dags/example_subdag_operator.py
[2023-06-04T18:15:00.497+0000] {processor.py:836} INFO - DAG(s) dict_keys(['example_subdag_operator.section-1', 'example_subdag_operator.section-2', 'example_subdag_operator']) retrieved from /home/airflow/.local/lib/python3.7/site-packages/airflow/example_dags/example_subdag_operator.py
[2023-06-04T18:15:00.509+0000] {logging_mixin.py:149} INFO - [2023-06-04T18:15:00.509+0000] {dag.py:2726} INFO - Sync 3 DAGs
[2023-06-04T18:15:00.524+0000] {logging_mixin.py:149} INFO - [2023-06-04T18:15:00.524+0000] {dag.py:3490} INFO - Setting next_dagrun for example_subdag_operator to 2022-01-01T00:00:00+00:00, run_after=2022-01-01T00:00:00+00:00
[2023-06-04T18:15:00.526+0000] {logging_mixin.py:149} INFO - [2023-06-04T18:15:00.526+0000] {dag.py:3490} INFO - Setting next_dagrun for example_subdag_operator.section-1 to None, run_after=None
[2023-06-04T18:15:00.527+0000] {logging_mixin.py:149} INFO - [2023-06-04T18:15:00.527+0000] {dag.py:3490} INFO - Setting next_dagrun for example_subdag_operator.section-2 to None, run_after=None
[2023-06-04T18:15:00.533+0000] {logging_mixin.py:149} INFO - [2023-06-04T18:15:00.533+0000] {dag.py:2726} INFO - Sync 2 DAGs
[2023-06-04T18:15:00.537+0000] {logging_mixin.py:149} INFO - [2023-06-04T18:15:00.537+0000] {dag.py:3490} INFO - Setting next_dagrun for example_subdag_operator.section-1 to None, run_after=None
[2023-06-04T18:15:00.538+0000] {logging_mixin.py:149} INFO - [2023-06-04T18:15:00.538+0000] {dag.py:3490} INFO - Setting next_dagrun for example_subdag_operator.section-2 to None, run_after=None
[2023-06-04T18:15:00.546+0000] {processor.py:179} INFO - Processing /home/airflow/.local/lib/python3.7/site-packages/airflow/example_dags/example_subdag_operator.py took 0.066 seconds
[2023-06-04T18:15:30.924+0000] {processor.py:157} INFO - Started process (PID=10750) to work on /home/airflow/.local/lib/python3.7/site-packages/airflow/example_dags/example_subdag_operator.py
[2023-06-04T18:15:30.925+0000] {processor.py:826} INFO - Processing file /home/airflow/.local/lib/python3.7/site-packages/airflow/example_dags/example_subdag_operator.py for tasks to queue
[2023-06-04T18:15:30.925+0000] {logging_mixin.py:149} INFO - [2023-06-04T18:15:30.925+0000] {dagbag.py:541} INFO - Filling up the DagBag from /home/airflow/.local/lib/python3.7/site-packages/airflow/example_dags/example_subdag_operator.py
[2023-06-04T18:15:30.940+0000] {processor.py:836} INFO - DAG(s) dict_keys(['example_subdag_operator.section-1', 'example_subdag_operator.section-2', 'example_subdag_operator']) retrieved from /home/airflow/.local/lib/python3.7/site-packages/airflow/example_dags/example_subdag_operator.py
[2023-06-04T18:15:30.951+0000] {logging_mixin.py:149} INFO - [2023-06-04T18:15:30.951+0000] {dag.py:2726} INFO - Sync 3 DAGs
[2023-06-04T18:15:30.966+0000] {logging_mixin.py:149} INFO - [2023-06-04T18:15:30.966+0000] {dag.py:3490} INFO - Setting next_dagrun for example_subdag_operator to 2022-01-01T00:00:00+00:00, run_after=2022-01-01T00:00:00+00:00
[2023-06-04T18:15:30.968+0000] {logging_mixin.py:149} INFO - [2023-06-04T18:15:30.968+0000] {dag.py:3490} INFO - Setting next_dagrun for example_subdag_operator.section-1 to None, run_after=None
[2023-06-04T18:15:30.968+0000] {logging_mixin.py:149} INFO - [2023-06-04T18:15:30.968+0000] {dag.py:3490} INFO - Setting next_dagrun for example_subdag_operator.section-2 to None, run_after=None
[2023-06-04T18:15:30.973+0000] {logging_mixin.py:149} INFO - [2023-06-04T18:15:30.973+0000] {dag.py:2726} INFO - Sync 2 DAGs
[2023-06-04T18:15:30.977+0000] {logging_mixin.py:149} INFO - [2023-06-04T18:15:30.977+0000] {dag.py:3490} INFO - Setting next_dagrun for example_subdag_operator.section-1 to None, run_after=None
[2023-06-04T18:15:30.977+0000] {logging_mixin.py:149} INFO - [2023-06-04T18:15:30.977+0000] {dag.py:3490} INFO - Setting next_dagrun for example_subdag_operator.section-2 to None, run_after=None
[2023-06-04T18:15:30.986+0000] {processor.py:179} INFO - Processing /home/airflow/.local/lib/python3.7/site-packages/airflow/example_dags/example_subdag_operator.py took 0.064 seconds
[2023-06-04T18:16:01.978+0000] {processor.py:157} INFO - Started process (PID=10811) to work on /home/airflow/.local/lib/python3.7/site-packages/airflow/example_dags/example_subdag_operator.py
[2023-06-04T18:16:01.979+0000] {processor.py:826} INFO - Processing file /home/airflow/.local/lib/python3.7/site-packages/airflow/example_dags/example_subdag_operator.py for tasks to queue
[2023-06-04T18:16:01.979+0000] {logging_mixin.py:149} INFO - [2023-06-04T18:16:01.979+0000] {dagbag.py:541} INFO - Filling up the DagBag from /home/airflow/.local/lib/python3.7/site-packages/airflow/example_dags/example_subdag_operator.py
[2023-06-04T18:16:02.001+0000] {processor.py:836} INFO - DAG(s) dict_keys(['example_subdag_operator.section-1', 'example_subdag_operator.section-2', 'example_subdag_operator']) retrieved from /home/airflow/.local/lib/python3.7/site-packages/airflow/example_dags/example_subdag_operator.py
[2023-06-04T18:16:02.019+0000] {logging_mixin.py:149} INFO - [2023-06-04T18:16:02.019+0000] {dag.py:2726} INFO - Sync 3 DAGs
[2023-06-04T18:16:02.042+0000] {logging_mixin.py:149} INFO - [2023-06-04T18:16:02.041+0000] {dag.py:3490} INFO - Setting next_dagrun for example_subdag_operator to 2022-01-01T00:00:00+00:00, run_after=2022-01-01T00:00:00+00:00
[2023-06-04T18:16:02.044+0000] {logging_mixin.py:149} INFO - [2023-06-04T18:16:02.044+0000] {dag.py:3490} INFO - Setting next_dagrun for example_subdag_operator.section-1 to None, run_after=None
[2023-06-04T18:16:02.045+0000] {logging_mixin.py:149} INFO - [2023-06-04T18:16:02.045+0000] {dag.py:3490} INFO - Setting next_dagrun for example_subdag_operator.section-2 to None, run_after=None
[2023-06-04T18:16:02.051+0000] {logging_mixin.py:149} INFO - [2023-06-04T18:16:02.051+0000] {dag.py:2726} INFO - Sync 2 DAGs
[2023-06-04T18:16:02.056+0000] {logging_mixin.py:149} INFO - [2023-06-04T18:16:02.056+0000] {dag.py:3490} INFO - Setting next_dagrun for example_subdag_operator.section-1 to None, run_after=None
[2023-06-04T18:16:02.056+0000] {logging_mixin.py:149} INFO - [2023-06-04T18:16:02.056+0000] {dag.py:3490} INFO - Setting next_dagrun for example_subdag_operator.section-2 to None, run_after=None
[2023-06-04T18:16:02.066+0000] {processor.py:179} INFO - Processing /home/airflow/.local/lib/python3.7/site-packages/airflow/example_dags/example_subdag_operator.py took 0.092 seconds
[2023-06-04T18:16:32.130+0000] {processor.py:157} INFO - Started process (PID=10879) to work on /home/airflow/.local/lib/python3.7/site-packages/airflow/example_dags/example_subdag_operator.py
[2023-06-04T18:16:32.133+0000] {processor.py:826} INFO - Processing file /home/airflow/.local/lib/python3.7/site-packages/airflow/example_dags/example_subdag_operator.py for tasks to queue
[2023-06-04T18:16:32.134+0000] {logging_mixin.py:149} INFO - [2023-06-04T18:16:32.134+0000] {dagbag.py:541} INFO - Filling up the DagBag from /home/airflow/.local/lib/python3.7/site-packages/airflow/example_dags/example_subdag_operator.py
[2023-06-04T18:16:32.157+0000] {processor.py:836} INFO - DAG(s) dict_keys(['example_subdag_operator.section-1', 'example_subdag_operator.section-2', 'example_subdag_operator']) retrieved from /home/airflow/.local/lib/python3.7/site-packages/airflow/example_dags/example_subdag_operator.py
[2023-06-04T18:16:32.170+0000] {logging_mixin.py:149} INFO - [2023-06-04T18:16:32.170+0000] {dag.py:2726} INFO - Sync 3 DAGs
[2023-06-04T18:16:32.185+0000] {logging_mixin.py:149} INFO - [2023-06-04T18:16:32.185+0000] {dag.py:3490} INFO - Setting next_dagrun for example_subdag_operator to 2022-01-01T00:00:00+00:00, run_after=2022-01-01T00:00:00+00:00
[2023-06-04T18:16:32.187+0000] {logging_mixin.py:149} INFO - [2023-06-04T18:16:32.187+0000] {dag.py:3490} INFO - Setting next_dagrun for example_subdag_operator.section-1 to None, run_after=None
[2023-06-04T18:16:32.188+0000] {logging_mixin.py:149} INFO - [2023-06-04T18:16:32.188+0000] {dag.py:3490} INFO - Setting next_dagrun for example_subdag_operator.section-2 to None, run_after=None
[2023-06-04T18:16:32.192+0000] {logging_mixin.py:149} INFO - [2023-06-04T18:16:32.192+0000] {dag.py:2726} INFO - Sync 2 DAGs
[2023-06-04T18:16:32.196+0000] {logging_mixin.py:149} INFO - [2023-06-04T18:16:32.196+0000] {dag.py:3490} INFO - Setting next_dagrun for example_subdag_operator.section-1 to None, run_after=None
[2023-06-04T18:16:32.196+0000] {logging_mixin.py:149} INFO - [2023-06-04T18:16:32.196+0000] {dag.py:3490} INFO - Setting next_dagrun for example_subdag_operator.section-2 to None, run_after=None
[2023-06-04T18:16:32.203+0000] {processor.py:179} INFO - Processing /home/airflow/.local/lib/python3.7/site-packages/airflow/example_dags/example_subdag_operator.py took 0.079 seconds
[2023-06-04T18:17:02.345+0000] {processor.py:157} INFO - Started process (PID=10948) to work on /home/airflow/.local/lib/python3.7/site-packages/airflow/example_dags/example_subdag_operator.py
[2023-06-04T18:17:02.346+0000] {processor.py:826} INFO - Processing file /home/airflow/.local/lib/python3.7/site-packages/airflow/example_dags/example_subdag_operator.py for tasks to queue
[2023-06-04T18:17:02.347+0000] {logging_mixin.py:149} INFO - [2023-06-04T18:17:02.346+0000] {dagbag.py:541} INFO - Filling up the DagBag from /home/airflow/.local/lib/python3.7/site-packages/airflow/example_dags/example_subdag_operator.py
[2023-06-04T18:17:02.365+0000] {processor.py:836} INFO - DAG(s) dict_keys(['example_subdag_operator.section-1', 'example_subdag_operator.section-2', 'example_subdag_operator']) retrieved from /home/airflow/.local/lib/python3.7/site-packages/airflow/example_dags/example_subdag_operator.py
[2023-06-04T18:17:02.377+0000] {logging_mixin.py:149} INFO - [2023-06-04T18:17:02.377+0000] {dag.py:2726} INFO - Sync 3 DAGs
[2023-06-04T18:17:02.393+0000] {logging_mixin.py:149} INFO - [2023-06-04T18:17:02.392+0000] {dag.py:3490} INFO - Setting next_dagrun for example_subdag_operator to 2022-01-01T00:00:00+00:00, run_after=2022-01-01T00:00:00+00:00
[2023-06-04T18:17:02.395+0000] {logging_mixin.py:149} INFO - [2023-06-04T18:17:02.395+0000] {dag.py:3490} INFO - Setting next_dagrun for example_subdag_operator.section-1 to None, run_after=None
[2023-06-04T18:17:02.396+0000] {logging_mixin.py:149} INFO - [2023-06-04T18:17:02.396+0000] {dag.py:3490} INFO - Setting next_dagrun for example_subdag_operator.section-2 to None, run_after=None
[2023-06-04T18:17:02.402+0000] {logging_mixin.py:149} INFO - [2023-06-04T18:17:02.401+0000] {dag.py:2726} INFO - Sync 2 DAGs
[2023-06-04T18:17:02.405+0000] {logging_mixin.py:149} INFO - [2023-06-04T18:17:02.405+0000] {dag.py:3490} INFO - Setting next_dagrun for example_subdag_operator.section-1 to None, run_after=None
[2023-06-04T18:17:02.406+0000] {logging_mixin.py:149} INFO - [2023-06-04T18:17:02.406+0000] {dag.py:3490} INFO - Setting next_dagrun for example_subdag_operator.section-2 to None, run_after=None
[2023-06-04T18:17:02.414+0000] {processor.py:179} INFO - Processing /home/airflow/.local/lib/python3.7/site-packages/airflow/example_dags/example_subdag_operator.py took 0.072 seconds
[2023-06-04T18:17:32.442+0000] {processor.py:157} INFO - Started process (PID=11017) to work on /home/airflow/.local/lib/python3.7/site-packages/airflow/example_dags/example_subdag_operator.py
[2023-06-04T18:17:32.443+0000] {processor.py:826} INFO - Processing file /home/airflow/.local/lib/python3.7/site-packages/airflow/example_dags/example_subdag_operator.py for tasks to queue
[2023-06-04T18:17:32.443+0000] {logging_mixin.py:149} INFO - [2023-06-04T18:17:32.443+0000] {dagbag.py:541} INFO - Filling up the DagBag from /home/airflow/.local/lib/python3.7/site-packages/airflow/example_dags/example_subdag_operator.py
[2023-06-04T18:17:32.463+0000] {processor.py:836} INFO - DAG(s) dict_keys(['example_subdag_operator.section-1', 'example_subdag_operator.section-2', 'example_subdag_operator']) retrieved from /home/airflow/.local/lib/python3.7/site-packages/airflow/example_dags/example_subdag_operator.py
[2023-06-04T18:17:32.475+0000] {logging_mixin.py:149} INFO - [2023-06-04T18:17:32.475+0000] {dag.py:2726} INFO - Sync 3 DAGs
[2023-06-04T18:17:32.490+0000] {logging_mixin.py:149} INFO - [2023-06-04T18:17:32.490+0000] {dag.py:3490} INFO - Setting next_dagrun for example_subdag_operator to 2022-01-01T00:00:00+00:00, run_after=2022-01-01T00:00:00+00:00
[2023-06-04T18:17:32.492+0000] {logging_mixin.py:149} INFO - [2023-06-04T18:17:32.492+0000] {dag.py:3490} INFO - Setting next_dagrun for example_subdag_operator.section-1 to None, run_after=None
[2023-06-04T18:17:32.493+0000] {logging_mixin.py:149} INFO - [2023-06-04T18:17:32.493+0000] {dag.py:3490} INFO - Setting next_dagrun for example_subdag_operator.section-2 to None, run_after=None
[2023-06-04T18:17:32.499+0000] {logging_mixin.py:149} INFO - [2023-06-04T18:17:32.499+0000] {dag.py:2726} INFO - Sync 2 DAGs
[2023-06-04T18:17:32.503+0000] {logging_mixin.py:149} INFO - [2023-06-04T18:17:32.502+0000] {dag.py:3490} INFO - Setting next_dagrun for example_subdag_operator.section-1 to None, run_after=None
[2023-06-04T18:17:32.503+0000] {logging_mixin.py:149} INFO - [2023-06-04T18:17:32.503+0000] {dag.py:3490} INFO - Setting next_dagrun for example_subdag_operator.section-2 to None, run_after=None
[2023-06-04T18:17:32.510+0000] {processor.py:179} INFO - Processing /home/airflow/.local/lib/python3.7/site-packages/airflow/example_dags/example_subdag_operator.py took 0.071 seconds
