[2023-06-04T18:15:00.756+0000] {processor.py:157} INFO - Started process (PID=10687) to work on /home/airflow/.local/lib/python3.7/site-packages/airflow/example_dags/example_branch_operator_decorator.py
[2023-06-04T18:15:00.757+0000] {processor.py:826} INFO - Processing file /home/airflow/.local/lib/python3.7/site-packages/airflow/example_dags/example_branch_operator_decorator.py for tasks to queue
[2023-06-04T18:15:00.758+0000] {logging_mixin.py:149} INFO - [2023-06-04T18:15:00.758+0000] {dagbag.py:541} INFO - Filling up the DagBag from /home/airflow/.local/lib/python3.7/site-packages/airflow/example_dags/example_branch_operator_decorator.py
[2023-06-04T18:15:00.772+0000] {processor.py:836} INFO - DAG(s) dict_keys(['example_branch_python_operator_decorator']) retrieved from /home/airflow/.local/lib/python3.7/site-packages/airflow/example_dags/example_branch_operator_decorator.py
[2023-06-04T18:15:00.800+0000] {logging_mixin.py:149} INFO - [2023-06-04T18:15:00.800+0000] {dag.py:2726} INFO - Sync 1 DAGs
[2023-06-04T18:15:00.826+0000] {logging_mixin.py:149} INFO - [2023-06-04T18:15:00.826+0000] {dag.py:3490} INFO - Setting next_dagrun for example_branch_python_operator_decorator to 2023-06-03T00:00:00+00:00, run_after=2023-06-04T00:00:00+00:00
[2023-06-04T18:15:00.845+0000] {processor.py:179} INFO - Processing /home/airflow/.local/lib/python3.7/site-packages/airflow/example_dags/example_branch_operator_decorator.py took 0.093 seconds
[2023-06-04T18:15:31.178+0000] {processor.py:157} INFO - Started process (PID=10756) to work on /home/airflow/.local/lib/python3.7/site-packages/airflow/example_dags/example_branch_operator_decorator.py
[2023-06-04T18:15:31.178+0000] {processor.py:826} INFO - Processing file /home/airflow/.local/lib/python3.7/site-packages/airflow/example_dags/example_branch_operator_decorator.py for tasks to queue
[2023-06-04T18:15:31.179+0000] {logging_mixin.py:149} INFO - [2023-06-04T18:15:31.179+0000] {dagbag.py:541} INFO - Filling up the DagBag from /home/airflow/.local/lib/python3.7/site-packages/airflow/example_dags/example_branch_operator_decorator.py
[2023-06-04T18:15:31.185+0000] {processor.py:836} INFO - DAG(s) dict_keys(['example_branch_python_operator_decorator']) retrieved from /home/airflow/.local/lib/python3.7/site-packages/airflow/example_dags/example_branch_operator_decorator.py
[2023-06-04T18:15:31.201+0000] {logging_mixin.py:149} INFO - [2023-06-04T18:15:31.201+0000] {dag.py:2726} INFO - Sync 1 DAGs
[2023-06-04T18:15:31.219+0000] {logging_mixin.py:149} INFO - [2023-06-04T18:15:31.219+0000] {dag.py:3490} INFO - Setting next_dagrun for example_branch_python_operator_decorator to 2023-06-03T00:00:00+00:00, run_after=2023-06-04T00:00:00+00:00
[2023-06-04T18:15:31.231+0000] {processor.py:179} INFO - Processing /home/airflow/.local/lib/python3.7/site-packages/airflow/example_dags/example_branch_operator_decorator.py took 0.055 seconds
[2023-06-04T18:16:02.332+0000] {processor.py:157} INFO - Started process (PID=10825) to work on /home/airflow/.local/lib/python3.7/site-packages/airflow/example_dags/example_branch_operator_decorator.py
[2023-06-04T18:16:02.333+0000] {processor.py:826} INFO - Processing file /home/airflow/.local/lib/python3.7/site-packages/airflow/example_dags/example_branch_operator_decorator.py for tasks to queue
[2023-06-04T18:16:02.333+0000] {logging_mixin.py:149} INFO - [2023-06-04T18:16:02.333+0000] {dagbag.py:541} INFO - Filling up the DagBag from /home/airflow/.local/lib/python3.7/site-packages/airflow/example_dags/example_branch_operator_decorator.py
[2023-06-04T18:16:02.340+0000] {processor.py:836} INFO - DAG(s) dict_keys(['example_branch_python_operator_decorator']) retrieved from /home/airflow/.local/lib/python3.7/site-packages/airflow/example_dags/example_branch_operator_decorator.py
[2023-06-04T18:16:02.356+0000] {logging_mixin.py:149} INFO - [2023-06-04T18:16:02.356+0000] {dag.py:2726} INFO - Sync 1 DAGs
[2023-06-04T18:16:02.376+0000] {logging_mixin.py:149} INFO - [2023-06-04T18:16:02.376+0000] {dag.py:3490} INFO - Setting next_dagrun for example_branch_python_operator_decorator to 2023-06-03T00:00:00+00:00, run_after=2023-06-04T00:00:00+00:00
[2023-06-04T18:16:02.387+0000] {processor.py:179} INFO - Processing /home/airflow/.local/lib/python3.7/site-packages/airflow/example_dags/example_branch_operator_decorator.py took 0.058 seconds
[2023-06-04T18:16:32.661+0000] {processor.py:157} INFO - Started process (PID=10894) to work on /home/airflow/.local/lib/python3.7/site-packages/airflow/example_dags/example_branch_operator_decorator.py
[2023-06-04T18:16:32.662+0000] {processor.py:826} INFO - Processing file /home/airflow/.local/lib/python3.7/site-packages/airflow/example_dags/example_branch_operator_decorator.py for tasks to queue
[2023-06-04T18:16:32.662+0000] {logging_mixin.py:149} INFO - [2023-06-04T18:16:32.662+0000] {dagbag.py:541} INFO - Filling up the DagBag from /home/airflow/.local/lib/python3.7/site-packages/airflow/example_dags/example_branch_operator_decorator.py
[2023-06-04T18:16:32.668+0000] {processor.py:836} INFO - DAG(s) dict_keys(['example_branch_python_operator_decorator']) retrieved from /home/airflow/.local/lib/python3.7/site-packages/airflow/example_dags/example_branch_operator_decorator.py
[2023-06-04T18:16:32.684+0000] {logging_mixin.py:149} INFO - [2023-06-04T18:16:32.684+0000] {dag.py:2726} INFO - Sync 1 DAGs
[2023-06-04T18:16:32.700+0000] {logging_mixin.py:149} INFO - [2023-06-04T18:16:32.700+0000] {dag.py:3490} INFO - Setting next_dagrun for example_branch_python_operator_decorator to 2023-06-03T00:00:00+00:00, run_after=2023-06-04T00:00:00+00:00
[2023-06-04T18:16:32.712+0000] {processor.py:179} INFO - Processing /home/airflow/.local/lib/python3.7/site-packages/airflow/example_dags/example_branch_operator_decorator.py took 0.053 seconds
[2023-06-04T18:17:03.649+0000] {processor.py:157} INFO - Started process (PID=10963) to work on /home/airflow/.local/lib/python3.7/site-packages/airflow/example_dags/example_branch_operator_decorator.py
[2023-06-04T18:17:03.650+0000] {processor.py:826} INFO - Processing file /home/airflow/.local/lib/python3.7/site-packages/airflow/example_dags/example_branch_operator_decorator.py for tasks to queue
[2023-06-04T18:17:03.650+0000] {logging_mixin.py:149} INFO - [2023-06-04T18:17:03.650+0000] {dagbag.py:541} INFO - Filling up the DagBag from /home/airflow/.local/lib/python3.7/site-packages/airflow/example_dags/example_branch_operator_decorator.py
[2023-06-04T18:17:03.656+0000] {processor.py:836} INFO - DAG(s) dict_keys(['example_branch_python_operator_decorator']) retrieved from /home/airflow/.local/lib/python3.7/site-packages/airflow/example_dags/example_branch_operator_decorator.py
[2023-06-04T18:17:03.672+0000] {logging_mixin.py:149} INFO - [2023-06-04T18:17:03.672+0000] {dag.py:2726} INFO - Sync 1 DAGs
[2023-06-04T18:17:03.689+0000] {logging_mixin.py:149} INFO - [2023-06-04T18:17:03.689+0000] {dag.py:3490} INFO - Setting next_dagrun for example_branch_python_operator_decorator to 2023-06-03T00:00:00+00:00, run_after=2023-06-04T00:00:00+00:00
[2023-06-04T18:17:03.701+0000] {processor.py:179} INFO - Processing /home/airflow/.local/lib/python3.7/site-packages/airflow/example_dags/example_branch_operator_decorator.py took 0.054 seconds
