[2023-06-04T18:15:02.133+0000] {processor.py:157} INFO - Started process (PID=10711) to work on /home/airflow/.local/lib/python3.7/site-packages/airflow/example_dags/example_sla_dag.py
[2023-06-04T18:15:02.134+0000] {processor.py:826} INFO - Processing file /home/airflow/.local/lib/python3.7/site-packages/airflow/example_dags/example_sla_dag.py for tasks to queue
[2023-06-04T18:15:02.134+0000] {logging_mixin.py:149} INFO - [2023-06-04T18:15:02.134+0000] {dagbag.py:541} INFO - Filling up the DagBag from /home/airflow/.local/lib/python3.7/site-packages/airflow/example_dags/example_sla_dag.py
[2023-06-04T18:15:02.139+0000] {processor.py:836} INFO - DAG(s) dict_keys(['example_sla_dag']) retrieved from /home/airflow/.local/lib/python3.7/site-packages/airflow/example_dags/example_sla_dag.py
[2023-06-04T18:15:02.153+0000] {logging_mixin.py:149} INFO - [2023-06-04T18:15:02.153+0000] {dag.py:2726} INFO - Sync 1 DAGs
[2023-06-04T18:15:02.172+0000] {logging_mixin.py:149} INFO - [2023-06-04T18:15:02.172+0000] {dag.py:3490} INFO - Setting next_dagrun for example_sla_dag to 2023-06-04T18:12:00+00:00, run_after=2023-06-04T18:14:00+00:00
[2023-06-04T18:15:02.183+0000] {processor.py:179} INFO - Processing /home/airflow/.local/lib/python3.7/site-packages/airflow/example_dags/example_sla_dag.py took 0.051 seconds
[2023-06-04T18:15:33.220+0000] {processor.py:157} INFO - Started process (PID=10780) to work on /home/airflow/.local/lib/python3.7/site-packages/airflow/example_dags/example_sla_dag.py
[2023-06-04T18:15:33.221+0000] {processor.py:826} INFO - Processing file /home/airflow/.local/lib/python3.7/site-packages/airflow/example_dags/example_sla_dag.py for tasks to queue
[2023-06-04T18:15:33.221+0000] {logging_mixin.py:149} INFO - [2023-06-04T18:15:33.221+0000] {dagbag.py:541} INFO - Filling up the DagBag from /home/airflow/.local/lib/python3.7/site-packages/airflow/example_dags/example_sla_dag.py
[2023-06-04T18:15:33.226+0000] {processor.py:836} INFO - DAG(s) dict_keys(['example_sla_dag']) retrieved from /home/airflow/.local/lib/python3.7/site-packages/airflow/example_dags/example_sla_dag.py
[2023-06-04T18:15:33.240+0000] {logging_mixin.py:149} INFO - [2023-06-04T18:15:33.240+0000] {dag.py:2726} INFO - Sync 1 DAGs
[2023-06-04T18:15:33.257+0000] {logging_mixin.py:149} INFO - [2023-06-04T18:15:33.257+0000] {dag.py:3490} INFO - Setting next_dagrun for example_sla_dag to 2023-06-04T18:12:00+00:00, run_after=2023-06-04T18:14:00+00:00
[2023-06-04T18:15:33.269+0000] {processor.py:179} INFO - Processing /home/airflow/.local/lib/python3.7/site-packages/airflow/example_dags/example_sla_dag.py took 0.051 seconds
[2023-06-04T18:16:04.249+0000] {processor.py:157} INFO - Started process (PID=10856) to work on /home/airflow/.local/lib/python3.7/site-packages/airflow/example_dags/example_sla_dag.py
[2023-06-04T18:16:04.250+0000] {processor.py:826} INFO - Processing file /home/airflow/.local/lib/python3.7/site-packages/airflow/example_dags/example_sla_dag.py for tasks to queue
[2023-06-04T18:16:04.250+0000] {logging_mixin.py:149} INFO - [2023-06-04T18:16:04.250+0000] {dagbag.py:541} INFO - Filling up the DagBag from /home/airflow/.local/lib/python3.7/site-packages/airflow/example_dags/example_sla_dag.py
[2023-06-04T18:16:04.255+0000] {processor.py:836} INFO - DAG(s) dict_keys(['example_sla_dag']) retrieved from /home/airflow/.local/lib/python3.7/site-packages/airflow/example_dags/example_sla_dag.py
[2023-06-04T18:16:04.270+0000] {logging_mixin.py:149} INFO - [2023-06-04T18:16:04.269+0000] {dag.py:2726} INFO - Sync 1 DAGs
[2023-06-04T18:16:04.287+0000] {logging_mixin.py:149} INFO - [2023-06-04T18:16:04.287+0000] {dag.py:3490} INFO - Setting next_dagrun for example_sla_dag to 2023-06-04T18:14:00+00:00, run_after=2023-06-04T18:16:00+00:00
[2023-06-04T18:16:04.300+0000] {processor.py:179} INFO - Processing /home/airflow/.local/lib/python3.7/site-packages/airflow/example_dags/example_sla_dag.py took 0.053 seconds
[2023-06-04T18:16:34.624+0000] {processor.py:157} INFO - Started process (PID=10925) to work on /home/airflow/.local/lib/python3.7/site-packages/airflow/example_dags/example_sla_dag.py
[2023-06-04T18:16:34.625+0000] {processor.py:826} INFO - Processing file /home/airflow/.local/lib/python3.7/site-packages/airflow/example_dags/example_sla_dag.py for tasks to queue
[2023-06-04T18:16:34.625+0000] {logging_mixin.py:149} INFO - [2023-06-04T18:16:34.625+0000] {dagbag.py:541} INFO - Filling up the DagBag from /home/airflow/.local/lib/python3.7/site-packages/airflow/example_dags/example_sla_dag.py
[2023-06-04T18:16:34.630+0000] {processor.py:836} INFO - DAG(s) dict_keys(['example_sla_dag']) retrieved from /home/airflow/.local/lib/python3.7/site-packages/airflow/example_dags/example_sla_dag.py
[2023-06-04T18:16:34.646+0000] {logging_mixin.py:149} INFO - [2023-06-04T18:16:34.646+0000] {dag.py:2726} INFO - Sync 1 DAGs
[2023-06-04T18:16:34.663+0000] {logging_mixin.py:149} INFO - [2023-06-04T18:16:34.663+0000] {dag.py:3490} INFO - Setting next_dagrun for example_sla_dag to 2023-06-04T18:14:00+00:00, run_after=2023-06-04T18:16:00+00:00
[2023-06-04T18:16:34.675+0000] {processor.py:179} INFO - Processing /home/airflow/.local/lib/python3.7/site-packages/airflow/example_dags/example_sla_dag.py took 0.052 seconds
[2023-06-04T18:17:04.725+0000] {processor.py:157} INFO - Started process (PID=10994) to work on /home/airflow/.local/lib/python3.7/site-packages/airflow/example_dags/example_sla_dag.py
[2023-06-04T18:17:04.726+0000] {processor.py:826} INFO - Processing file /home/airflow/.local/lib/python3.7/site-packages/airflow/example_dags/example_sla_dag.py for tasks to queue
[2023-06-04T18:17:04.726+0000] {logging_mixin.py:149} INFO - [2023-06-04T18:17:04.726+0000] {dagbag.py:541} INFO - Filling up the DagBag from /home/airflow/.local/lib/python3.7/site-packages/airflow/example_dags/example_sla_dag.py
[2023-06-04T18:17:04.731+0000] {processor.py:836} INFO - DAG(s) dict_keys(['example_sla_dag']) retrieved from /home/airflow/.local/lib/python3.7/site-packages/airflow/example_dags/example_sla_dag.py
[2023-06-04T18:17:04.745+0000] {logging_mixin.py:149} INFO - [2023-06-04T18:17:04.745+0000] {dag.py:2726} INFO - Sync 1 DAGs
[2023-06-04T18:17:04.762+0000] {logging_mixin.py:149} INFO - [2023-06-04T18:17:04.762+0000] {dag.py:3490} INFO - Setting next_dagrun for example_sla_dag to 2023-06-04T18:14:00+00:00, run_after=2023-06-04T18:16:00+00:00
[2023-06-04T18:17:04.775+0000] {processor.py:179} INFO - Processing /home/airflow/.local/lib/python3.7/site-packages/airflow/example_dags/example_sla_dag.py took 0.052 seconds
