[2023-06-04T18:15:01.953+0000] {processor.py:157} INFO - Started process (PID=10707) to work on /home/airflow/.local/lib/python3.7/site-packages/airflow/example_dags/tutorial_taskflow_api_virtualenv.py
[2023-06-04T18:15:01.953+0000] {processor.py:826} INFO - Processing file /home/airflow/.local/lib/python3.7/site-packages/airflow/example_dags/tutorial_taskflow_api_virtualenv.py for tasks to queue
[2023-06-04T18:15:01.954+0000] {logging_mixin.py:149} INFO - [2023-06-04T18:15:01.954+0000] {dagbag.py:541} INFO - Filling up the DagBag from /home/airflow/.local/lib/python3.7/site-packages/airflow/example_dags/tutorial_taskflow_api_virtualenv.py
[2023-06-04T18:15:01.958+0000] {processor.py:836} INFO - DAG(s) dict_keys(['tutorial_taskflow_api_virtualenv']) retrieved from /home/airflow/.local/lib/python3.7/site-packages/airflow/example_dags/tutorial_taskflow_api_virtualenv.py
[2023-06-04T18:15:01.976+0000] {logging_mixin.py:149} INFO - [2023-06-04T18:15:01.976+0000] {dag.py:2726} INFO - Sync 1 DAGs
[2023-06-04T18:15:01.992+0000] {logging_mixin.py:149} INFO - [2023-06-04T18:15:01.992+0000] {dag.py:3490} INFO - Setting next_dagrun for tutorial_taskflow_api_virtualenv to None, run_after=None
[2023-06-04T18:15:02.004+0000] {processor.py:179} INFO - Processing /home/airflow/.local/lib/python3.7/site-packages/airflow/example_dags/tutorial_taskflow_api_virtualenv.py took 0.054 seconds
[2023-06-04T18:15:32.972+0000] {processor.py:157} INFO - Started process (PID=10776) to work on /home/airflow/.local/lib/python3.7/site-packages/airflow/example_dags/tutorial_taskflow_api_virtualenv.py
[2023-06-04T18:15:32.973+0000] {processor.py:826} INFO - Processing file /home/airflow/.local/lib/python3.7/site-packages/airflow/example_dags/tutorial_taskflow_api_virtualenv.py for tasks to queue
[2023-06-04T18:15:32.973+0000] {logging_mixin.py:149} INFO - [2023-06-04T18:15:32.973+0000] {dagbag.py:541} INFO - Filling up the DagBag from /home/airflow/.local/lib/python3.7/site-packages/airflow/example_dags/tutorial_taskflow_api_virtualenv.py
[2023-06-04T18:15:32.977+0000] {processor.py:836} INFO - DAG(s) dict_keys(['tutorial_taskflow_api_virtualenv']) retrieved from /home/airflow/.local/lib/python3.7/site-packages/airflow/example_dags/tutorial_taskflow_api_virtualenv.py
[2023-06-04T18:15:32.992+0000] {logging_mixin.py:149} INFO - [2023-06-04T18:15:32.992+0000] {dag.py:2726} INFO - Sync 1 DAGs
[2023-06-04T18:15:33.007+0000] {logging_mixin.py:149} INFO - [2023-06-04T18:15:33.007+0000] {dag.py:3490} INFO - Setting next_dagrun for tutorial_taskflow_api_virtualenv to None, run_after=None
[2023-06-04T18:15:33.019+0000] {processor.py:179} INFO - Processing /home/airflow/.local/lib/python3.7/site-packages/airflow/example_dags/tutorial_taskflow_api_virtualenv.py took 0.050 seconds
[2023-06-04T18:16:04.038+0000] {processor.py:157} INFO - Started process (PID=10852) to work on /home/airflow/.local/lib/python3.7/site-packages/airflow/example_dags/tutorial_taskflow_api_virtualenv.py
[2023-06-04T18:16:04.039+0000] {processor.py:826} INFO - Processing file /home/airflow/.local/lib/python3.7/site-packages/airflow/example_dags/tutorial_taskflow_api_virtualenv.py for tasks to queue
[2023-06-04T18:16:04.039+0000] {logging_mixin.py:149} INFO - [2023-06-04T18:16:04.039+0000] {dagbag.py:541} INFO - Filling up the DagBag from /home/airflow/.local/lib/python3.7/site-packages/airflow/example_dags/tutorial_taskflow_api_virtualenv.py
[2023-06-04T18:16:04.044+0000] {processor.py:836} INFO - DAG(s) dict_keys(['tutorial_taskflow_api_virtualenv']) retrieved from /home/airflow/.local/lib/python3.7/site-packages/airflow/example_dags/tutorial_taskflow_api_virtualenv.py
[2023-06-04T18:16:04.059+0000] {logging_mixin.py:149} INFO - [2023-06-04T18:16:04.059+0000] {dag.py:2726} INFO - Sync 1 DAGs
[2023-06-04T18:16:04.074+0000] {logging_mixin.py:149} INFO - [2023-06-04T18:16:04.074+0000] {dag.py:3490} INFO - Setting next_dagrun for tutorial_taskflow_api_virtualenv to None, run_after=None
[2023-06-04T18:16:04.086+0000] {processor.py:179} INFO - Processing /home/airflow/.local/lib/python3.7/site-packages/airflow/example_dags/tutorial_taskflow_api_virtualenv.py took 0.051 seconds
[2023-06-04T18:16:34.380+0000] {processor.py:157} INFO - Started process (PID=10921) to work on /home/airflow/.local/lib/python3.7/site-packages/airflow/example_dags/tutorial_taskflow_api_virtualenv.py
[2023-06-04T18:16:34.381+0000] {processor.py:826} INFO - Processing file /home/airflow/.local/lib/python3.7/site-packages/airflow/example_dags/tutorial_taskflow_api_virtualenv.py for tasks to queue
[2023-06-04T18:16:34.381+0000] {logging_mixin.py:149} INFO - [2023-06-04T18:16:34.381+0000] {dagbag.py:541} INFO - Filling up the DagBag from /home/airflow/.local/lib/python3.7/site-packages/airflow/example_dags/tutorial_taskflow_api_virtualenv.py
[2023-06-04T18:16:34.385+0000] {processor.py:836} INFO - DAG(s) dict_keys(['tutorial_taskflow_api_virtualenv']) retrieved from /home/airflow/.local/lib/python3.7/site-packages/airflow/example_dags/tutorial_taskflow_api_virtualenv.py
[2023-06-04T18:16:34.399+0000] {logging_mixin.py:149} INFO - [2023-06-04T18:16:34.399+0000] {dag.py:2726} INFO - Sync 1 DAGs
[2023-06-04T18:16:34.414+0000] {logging_mixin.py:149} INFO - [2023-06-04T18:16:34.414+0000] {dag.py:3490} INFO - Setting next_dagrun for tutorial_taskflow_api_virtualenv to None, run_after=None
[2023-06-04T18:16:34.425+0000] {processor.py:179} INFO - Processing /home/airflow/.local/lib/python3.7/site-packages/airflow/example_dags/tutorial_taskflow_api_virtualenv.py took 0.047 seconds
[2023-06-04T18:17:04.467+0000] {processor.py:157} INFO - Started process (PID=10989) to work on /home/airflow/.local/lib/python3.7/site-packages/airflow/example_dags/tutorial_taskflow_api_virtualenv.py
[2023-06-04T18:17:04.468+0000] {processor.py:826} INFO - Processing file /home/airflow/.local/lib/python3.7/site-packages/airflow/example_dags/tutorial_taskflow_api_virtualenv.py for tasks to queue
[2023-06-04T18:17:04.468+0000] {logging_mixin.py:149} INFO - [2023-06-04T18:17:04.468+0000] {dagbag.py:541} INFO - Filling up the DagBag from /home/airflow/.local/lib/python3.7/site-packages/airflow/example_dags/tutorial_taskflow_api_virtualenv.py
[2023-06-04T18:17:04.472+0000] {processor.py:836} INFO - DAG(s) dict_keys(['tutorial_taskflow_api_virtualenv']) retrieved from /home/airflow/.local/lib/python3.7/site-packages/airflow/example_dags/tutorial_taskflow_api_virtualenv.py
[2023-06-04T18:17:04.485+0000] {logging_mixin.py:149} INFO - [2023-06-04T18:17:04.485+0000] {dag.py:2726} INFO - Sync 1 DAGs
[2023-06-04T18:17:04.499+0000] {logging_mixin.py:149} INFO - [2023-06-04T18:17:04.499+0000] {dag.py:3490} INFO - Setting next_dagrun for tutorial_taskflow_api_virtualenv to None, run_after=None
[2023-06-04T18:17:04.510+0000] {processor.py:179} INFO - Processing /home/airflow/.local/lib/python3.7/site-packages/airflow/example_dags/tutorial_taskflow_api_virtualenv.py took 0.045 seconds
