[2023-06-04T18:15:02.196+0000] {processor.py:157} INFO - Started process (PID=10713) to work on /home/airflow/.local/lib/python3.7/site-packages/airflow/example_dags/tutorial_taskflow_api.py
[2023-06-04T18:15:02.197+0000] {processor.py:826} INFO - Processing file /home/airflow/.local/lib/python3.7/site-packages/airflow/example_dags/tutorial_taskflow_api.py for tasks to queue
[2023-06-04T18:15:02.197+0000] {logging_mixin.py:149} INFO - [2023-06-04T18:15:02.197+0000] {dagbag.py:541} INFO - Filling up the DagBag from /home/airflow/.local/lib/python3.7/site-packages/airflow/example_dags/tutorial_taskflow_api.py
[2023-06-04T18:15:02.200+0000] {processor.py:836} INFO - DAG(s) dict_keys(['tutorial_taskflow_api']) retrieved from /home/airflow/.local/lib/python3.7/site-packages/airflow/example_dags/tutorial_taskflow_api.py
[2023-06-04T18:15:02.215+0000] {logging_mixin.py:149} INFO - [2023-06-04T18:15:02.215+0000] {dag.py:2726} INFO - Sync 1 DAGs
[2023-06-04T18:15:02.232+0000] {logging_mixin.py:149} INFO - [2023-06-04T18:15:02.232+0000] {dag.py:3490} INFO - Setting next_dagrun for tutorial_taskflow_api to None, run_after=None
[2023-06-04T18:15:02.244+0000] {processor.py:179} INFO - Processing /home/airflow/.local/lib/python3.7/site-packages/airflow/example_dags/tutorial_taskflow_api.py took 0.049 seconds
[2023-06-04T18:15:33.283+0000] {processor.py:157} INFO - Started process (PID=10782) to work on /home/airflow/.local/lib/python3.7/site-packages/airflow/example_dags/tutorial_taskflow_api.py
[2023-06-04T18:15:33.284+0000] {processor.py:826} INFO - Processing file /home/airflow/.local/lib/python3.7/site-packages/airflow/example_dags/tutorial_taskflow_api.py for tasks to queue
[2023-06-04T18:15:33.284+0000] {logging_mixin.py:149} INFO - [2023-06-04T18:15:33.284+0000] {dagbag.py:541} INFO - Filling up the DagBag from /home/airflow/.local/lib/python3.7/site-packages/airflow/example_dags/tutorial_taskflow_api.py
[2023-06-04T18:15:33.288+0000] {processor.py:836} INFO - DAG(s) dict_keys(['tutorial_taskflow_api']) retrieved from /home/airflow/.local/lib/python3.7/site-packages/airflow/example_dags/tutorial_taskflow_api.py
[2023-06-04T18:15:33.302+0000] {logging_mixin.py:149} INFO - [2023-06-04T18:15:33.302+0000] {dag.py:2726} INFO - Sync 1 DAGs
[2023-06-04T18:15:33.318+0000] {logging_mixin.py:149} INFO - [2023-06-04T18:15:33.318+0000] {dag.py:3490} INFO - Setting next_dagrun for tutorial_taskflow_api to None, run_after=None
[2023-06-04T18:15:33.329+0000] {processor.py:179} INFO - Processing /home/airflow/.local/lib/python3.7/site-packages/airflow/example_dags/tutorial_taskflow_api.py took 0.048 seconds
[2023-06-04T18:16:04.313+0000] {processor.py:157} INFO - Started process (PID=10858) to work on /home/airflow/.local/lib/python3.7/site-packages/airflow/example_dags/tutorial_taskflow_api.py
[2023-06-04T18:16:04.314+0000] {processor.py:826} INFO - Processing file /home/airflow/.local/lib/python3.7/site-packages/airflow/example_dags/tutorial_taskflow_api.py for tasks to queue
[2023-06-04T18:16:04.314+0000] {logging_mixin.py:149} INFO - [2023-06-04T18:16:04.314+0000] {dagbag.py:541} INFO - Filling up the DagBag from /home/airflow/.local/lib/python3.7/site-packages/airflow/example_dags/tutorial_taskflow_api.py
[2023-06-04T18:16:04.318+0000] {processor.py:836} INFO - DAG(s) dict_keys(['tutorial_taskflow_api']) retrieved from /home/airflow/.local/lib/python3.7/site-packages/airflow/example_dags/tutorial_taskflow_api.py
[2023-06-04T18:16:04.331+0000] {logging_mixin.py:149} INFO - [2023-06-04T18:16:04.331+0000] {dag.py:2726} INFO - Sync 1 DAGs
[2023-06-04T18:16:04.346+0000] {logging_mixin.py:149} INFO - [2023-06-04T18:16:04.346+0000] {dag.py:3490} INFO - Setting next_dagrun for tutorial_taskflow_api to None, run_after=None
[2023-06-04T18:16:04.358+0000] {processor.py:179} INFO - Processing /home/airflow/.local/lib/python3.7/site-packages/airflow/example_dags/tutorial_taskflow_api.py took 0.047 seconds
[2023-06-04T18:16:34.628+0000] {processor.py:157} INFO - Started process (PID=10926) to work on /home/airflow/.local/lib/python3.7/site-packages/airflow/example_dags/tutorial_taskflow_api.py
[2023-06-04T18:16:34.628+0000] {processor.py:826} INFO - Processing file /home/airflow/.local/lib/python3.7/site-packages/airflow/example_dags/tutorial_taskflow_api.py for tasks to queue
[2023-06-04T18:16:34.629+0000] {logging_mixin.py:149} INFO - [2023-06-04T18:16:34.628+0000] {dagbag.py:541} INFO - Filling up the DagBag from /home/airflow/.local/lib/python3.7/site-packages/airflow/example_dags/tutorial_taskflow_api.py
[2023-06-04T18:16:34.632+0000] {processor.py:836} INFO - DAG(s) dict_keys(['tutorial_taskflow_api']) retrieved from /home/airflow/.local/lib/python3.7/site-packages/airflow/example_dags/tutorial_taskflow_api.py
[2023-06-04T18:16:34.647+0000] {logging_mixin.py:149} INFO - [2023-06-04T18:16:34.647+0000] {dag.py:2726} INFO - Sync 1 DAGs
[2023-06-04T18:16:34.661+0000] {logging_mixin.py:149} INFO - [2023-06-04T18:16:34.661+0000] {dag.py:3490} INFO - Setting next_dagrun for tutorial_taskflow_api to None, run_after=None
[2023-06-04T18:16:34.672+0000] {processor.py:179} INFO - Processing /home/airflow/.local/lib/python3.7/site-packages/airflow/example_dags/tutorial_taskflow_api.py took 0.046 seconds
[2023-06-04T18:17:04.782+0000] {processor.py:157} INFO - Started process (PID=10995) to work on /home/airflow/.local/lib/python3.7/site-packages/airflow/example_dags/tutorial_taskflow_api.py
[2023-06-04T18:17:04.783+0000] {processor.py:826} INFO - Processing file /home/airflow/.local/lib/python3.7/site-packages/airflow/example_dags/tutorial_taskflow_api.py for tasks to queue
[2023-06-04T18:17:04.783+0000] {logging_mixin.py:149} INFO - [2023-06-04T18:17:04.783+0000] {dagbag.py:541} INFO - Filling up the DagBag from /home/airflow/.local/lib/python3.7/site-packages/airflow/example_dags/tutorial_taskflow_api.py
[2023-06-04T18:17:04.786+0000] {processor.py:836} INFO - DAG(s) dict_keys(['tutorial_taskflow_api']) retrieved from /home/airflow/.local/lib/python3.7/site-packages/airflow/example_dags/tutorial_taskflow_api.py
[2023-06-04T18:17:04.800+0000] {logging_mixin.py:149} INFO - [2023-06-04T18:17:04.800+0000] {dag.py:2726} INFO - Sync 1 DAGs
[2023-06-04T18:17:04.816+0000] {logging_mixin.py:149} INFO - [2023-06-04T18:17:04.816+0000] {dag.py:3490} INFO - Setting next_dagrun for tutorial_taskflow_api to None, run_after=None
[2023-06-04T18:17:04.827+0000] {processor.py:179} INFO - Processing /home/airflow/.local/lib/python3.7/site-packages/airflow/example_dags/tutorial_taskflow_api.py took 0.046 seconds
